# ... trimmed 213 earlier lines ...
 172  2.8584703e+06 3.44e-01 9.70e+03  -1.0 1.17e+04    -  4.25e-03 7.38e-04f  1
 173  2.8586383e+06 3.43e-01 9.49e+03  -1.0 1.17e+04    -  3.10e-03 1.78e-03f  1
 174  2.8587416e+06 3.43e-01 9.19e+03  -1.0 2.61e+04    -  2.31e-03 1.09e-03f  1
 175  2.8587989e+06 3.43e-01 7.79e+03  -1.0 9.41e+03    -  5.52e-03 6.06e-04f  1
 176  2.8588583e+06 3.43e-01 7.87e+03  -1.0 1.19e+04    -  3.47e-03 6.34e-04f  1
 177  2.8589261e+06 3.42e-01 7.91e+03  -1.0 1.95e+04    -  2.35e-03 7.36e-04f  1
 178  2.8590245e+06 3.42e-01 8.04e+03  -1.0 1.15e+04    -  6.08e-03 1.09e-03f  1
 179  2.8590841e+06 3.42e-01 8.15e+03  -1.0 8.39e+03    -  5.20e-03 6.83e-04f  1
iter    objective    inf_pr   inf_du lg(mu)  ||d||  lg(rg) alpha_du alpha_pr  ls
 180  2.8593543e+06 3.41e-01 8.17e+03  -1.0 5.67e+03    -  5.06e-03 3.10e-03f  1
 181  2.8594895e+06 3.40e-01 8.23e+03  -1.0 5.61e+03    -  6.75e-03 1.55e-03f  1
 182  2.8597175e+06 3.39e-01 8.25e+03  -1.0 6.55e+03    -  8.17e-03 2.52e-03f  1
 183  2.8599699e+06 3.38e-01 8.24e+03  -1.0 5.59e+03    -  6.57e-03 2.68e-03f  1
 184  2.8608485e+06 3.35e-01 8.17e+03  -1.0 5.23e+03    -  3.46e-03 9.15e-03f  1
 185  2.8617041e+06 3.32e-01 8.11e+03  -1.0 3.44e+03    -  6.52e-03 8.87e-03f  1
 186  2.8620911e+06 3.31e-01 8.07e+03  -1.0 3.46e+03    -  5.98e-03 4.02e-03f  1
 187  2.8627656e+06 3.29e-01 8.02e+03  -1.0 3.55e+03    -  5.76e-03 7.00e-03f  1
 188  2.8633184e+06 3.27e-01 7.96e+03  -1.0 2.64e+03    -  6.83e-03 5.76e-03f  1
 189  2.8637809e+06 3.25e-01 7.91e+03  -1.0 4.67e+03    -  6.94e-03 4.83e-03f  1
iter    objective    inf_pr   inf_du lg(mu)  ||d||  lg(rg) alpha_du alpha_pr  ls
 190  2.8642848e+06 3.23e-01 7.83e+03  -1.0 3.45e+03    -  8.28e-03 5.28e-03f  1
 191  2.8648399e+06 3.22e-01 7.76e+03  -1.0 4.81e+03    -  9.04e-03 5.84e-03f  1
 192  2.8653820e+06 3.20e-01 7.69e+03  -1.0 4.34e+03    -  8.03e-03 5.73e-03f  1
 193  2.8660318e+06 3.18e-01 7.61e+03  -1.0 2.98e+03    -  9.50e-03 6.89e-03f  1
 194  2.8666906e+06 3.15e-01 7.55e+03  -1.0 3.62e+03    -  7.79e-03 7.03e-03f  1
 195  2.8674071e+06 3.13e-01 7.44e+03  -1.0 3.35e+03    -  1.25e-02 7.69e-03f  1
 196  2.8682940e+06 3.10e-01 7.37e+03  -1.0 3.40e+03    -  9.47e-03 9.58e-03f  1
 197  2.8691860e+06 3.07e-01 7.25e+03  -1.0 2.94e+03    -  1.55e-02 9.71e-03f  1
 198  2.8702870e+06 3.03e-01 7.14e+03  -1.0 3.44e+03    -  1.37e-02 1.21e-02f  1
 199  2.8714566e+06 2.99e-01 7.00e+03  -1.0 3.87e+03    -  1.83e-02 1.30e-02f  1
iter    objective    inf_pr   inf_du lg(mu)  ||d||  lg(rg) alpha_du alpha_pr  ls
 200  2.8725178e+06 2.96e-01 6.90e+03  -1.0 4.17e+03    -  1.41e-02 1.19e-02f  1
 201  2.8734272e+06 2.93e-01 6.62e+03  -1.0 2.31e+03  -4.0 3.29e-02 1.03e-02f  1
 202  2.8760438e+06 2.84e-01 6.49e+03  -1.0 3.18e+03  -4.5 2.18e-02 3.00e-02f  1
 203  2.8776357e+06 2.78e-01 6.35e+03  -1.0 5.27e+03  -5.0 2.09e-02 1.88e-02f  1
 204  2.8792705e+06 2.73e-01 6.12e+03  -1.0 3.55e+03  -4.5 3.24e-02 1.97e-02f  1
 205  2.8815937e+06 2.65e-01 5.82e+03  -1.0 2.23e+03  -4.1 4.39e-02 2.85e-02f  1
 206  2.8844300e+06 2.56e-01 5.59e+03  -1.0 3.48e+03  -4.6 3.82e-02 3.58e-02f  1
 207  2.8887051e+06 2.41e-01 5.18e+03  -1.0 1.99e+03  -4.2 6.89e-02 5.59e-02f  1
 208  2.8907762e+06 2.34e-01 4.85e+03  -1.0 2.81e+03  -4.6 5.39e-02 2.87e-02f  1
 209  2.8955239e+06 2.19e-01 4.31e+03  -1.0 1.68e+03  -4.2 9.95e-02 6.77e-02f  1
iter    objective    inf_pr   inf_du lg(mu)  ||d||  lg(rg) alpha_du alpha_pr  ls
 210  2.9039012e+06 1.91e-01 3.67e+03  -1.0 1.23e+03  -3.8 1.42e-01 1.28e-01f  1
 211  2.9117637e+06 1.64e-01 2.93e+03  -1.0 1.24e+03  -4.3 1.82e-01 1.38e-01f  1
 212  2.9235241e+06 1.25e-01 2.62e+03  -1.0 9.11e+02  -3.8 1.49e-01 2.39e-01f  1
 213  2.9376241e+06 7.81e-02 1.62e+03  -1.0 7.74e+02  -4.3 3.78e-01 3.76e-01f  1
 214  2.9466088e+06 4.82e-02 9.33e+02  -1.0 6.95e+02  -4.8 4.13e-01 3.83e-01f  1
 215  2.9609760e+06 4.78e-04 2.84e+02  -1.0 2.64e+02  -4.4 7.86e-01 9.90e-01f  1
 216  2.9613016e+06 4.74e-07 4.48e+04  -1.0 6.56e+01  -4.8 4.52e-01 9.99e-01f  1
 217  2.9614824e+06 4.01e-13 5.29e+06  -1.0 2.76e+02    -  3.50e-01 1.00e+00f  1
 218  2.9615995e+06 2.51e-13 3.32e+06  -1.0 1.95e+02    -  4.63e-01 1.00e+00f  1
 219  2.9616571e+06 4.17e-13 2.20e+06  -1.0 1.81e+02    -  3.38e-01 1.00e+00f  1
iter    objective    inf_pr   inf_du lg(mu)  ||d||  lg(rg) alpha_du alpha_pr  ls
 220  2.9616654e+06 2.32e-13 1.32e+06  -1.0 4.54e+02    -  3.98e-01 1.00e+00f  1
 221  2.9616625e+06 2.90e-11 6.49e+05  -1.0 4.33e+02    -  5.09e-01 8.85e-01F  1
 222  2.9616652e+06 6.10e-12 1.78e+05  -1.0 5.17e+02    -  7.26e-01 7.90e-01f  1
 223  2.9616653e+06 4.48e-12 8.72e+04  -1.0 4.74e+02    -  5.11e-01 2.64e-01f  1
 224  2.9616654e+06 3.79e-12 5.74e+04  -1.0 8.93e+02    -  3.42e-01 1.55e-01f  1
 225  2.9616657e+06 2.81e-12 1.13e+04  -1.0 1.35e+03    -  8.04e-01 2.57e-01f  1
 226  2.9616663e+06 9.34e-13 8.72e+03  -1.0 6.50e+03    -  2.25e-01 6.68e-01f  1
 227  2.9616666e+06 3.89e-13 3.77e+03  -1.0 7.88e+03    -  5.68e-01 1.00e+00f  1
 228  2.9616666e+06 5.35e-13 1.24e+03  -1.0 1.50e+04    -  6.70e-01 1.00e+00f  1
 229  2.9616666e+06 4.07e-13 2.86e+02  -1.0 2.77e+04    -  7.70e-01 1.00e+00f  1
iter    objective    inf_pr   inf_du lg(mu)  ||d||  lg(rg) alpha_du alpha_pr  ls
 230  2.9616666e+06 4.37e-13 6.64e-01  -1.0 3.18e+04    -  1.00e+00 1.00e+00f  1
 231  2.9607273e+06 6.73e-13 6.48e-03  -1.7 2.27e+03    -  1.00e+00 1.00e+00f  1
 232  2.9605099e+06 3.57e-13 2.79e+04  -3.8 6.99e+01    -  9.83e-01 9.99e-01f  1
 233  2.9605086e+06 3.73e-13 3.00e-06  -3.8 2.78e+03    -  1.00e+00 1.00e+00h  1
 234  2.9605081e+06 1.17e-13 2.08e-06  -3.8 6.18e+03    -  1.00e+00 1.00e+00h  1
 235  2.9605081e+06 3.55e-13 1.50e-09  -3.8 9.91e+00    -  1.00e+00 1.00e+00h  1
 236  2.9605062e+06 3.34e-13 9.02e+02  -5.7 6.10e+01    -  9.33e-01 1.00e+00h  1
 237  2.9605062e+06 4.55e-13 5.58e-08  -5.7 2.87e+01    -  1.00e+00 1.00e+00h  1
 238  2.9605062e+06 3.14e-13 2.60e-10  -5.7 6.49e+00    -  1.00e+00 1.00e+00h  1
 239  2.9605062e+06 2.20e-13 1.85e-11  -5.7 1.98e-01    -  1.00e+00 1.00e+00h  1
iter    objective    inf_pr   inf_du lg(mu)  ||d||  lg(rg) alpha_du alpha_pr  ls
 240  2.9605061e+06 5.20e-13 3.33e-01  -8.6 2.16e+00    -  9.98e-01 1.00e+00h  1
 241  2.9605061e+06 1.92e-13 1.48e-08  -8.6 3.04e-03  -5.3 1.00e+00 1.00e+00h  1
 242  2.9605061e+06 5.15e-13 1.17e-09  -8.6 7.18e-04  -5.8 1.00e+00 1.00e+00h  1

Number of Iterations....: 242

                                   (scaled)                 (unscaled)
Objective...............:   2.6433090450011991e+05    2.9605061304013431e+06
Dual infeasibility......:   1.1664981240533090e-09    1.3064778989397060e-08
Constraint violation....:   5.1514348342607263e-13    5.1514348342607263e-13
Variable bound violation:   0.0000000000000000e+00    0.0000000000000000e+00
Complementarity.........:   2.5059042211265732e-09    2.8066127276617620e-08
Overall NLP error.......:   2.5059042211265732e-09    2.8066127276617620e-08


Number of objective function evaluations             = 267
Number of objective gradient evaluations             = 185
Number of equality constraint evaluations            = 267
Number of inequality constraint evaluations          = 267
Number of equality constraint Jacobian evaluations   = 246
Number of inequality constraint Jacobian evaluations = 246
Number of Lagrangian Hessian evaluations             = 242
Total seconds in IPOPT                               = 134.554

EXIT: Optimal Solution Found.
