  Activating project at `C:\Users\arjha\OneDrive - Tesla\Documents\documents_general_addendum\MultiPeriodDistOPF\envs\tadmm`
Precompiling packages...
              âś— MbedTLS_jll
Info Given OpenDSSDirect was explicitly requested, output will be shown live [0K
[0KWARNING: Constructor for type "Number" was extended in `Error` without explicit qualification or import.
[0K  NOTE: Assumed "Number" refers to `Base.Number`. This behavior is deprecated and may differ in future versions.`
[0K  NOTE: This behavior may have differed in Julia versions prior to 1.12.
[0K  Hint: If you intended to create a new generic function of the same name, use `function Number end`.
[0K  Hint: To silence the warning, qualify `Number` as `Base.Number` in the method signature or explicitly `import Base: Number`.
[0KWARNING: Constructor for type "Channel" was extended in `Monitors` without explicit qualification or import.
[0K  NOTE: Assumed "Channel" refers to `Base.Channel`. This behavior is deprecated and may differ in future versions.`
[0K  NOTE: This behavior may have differed in Julia versions prior to 1.12.
[0K  Hint: If you intended to create a new generic function of the same name, use `function Channel end`.
[0K  Hint: To silence the warning, qualify `Channel` as `Base.Channel` in the method signature or explicitly `import Base: Channel`.
[0KWARNING: Constructor for type "Matrix" was extended in `Parser` without explicit qualification or import.
[0K  NOTE: Assumed "Matrix" refers to `Base.Matrix`. This behavior is deprecated and may differ in future versions.`
[0K  NOTE: This behavior may have differed in Julia versions prior to 1.12.
[0K  Hint: If you intended to create a new generic function of the same name, use `function Matrix end`.
[0K  Hint: To silence the warning, qualify `Matrix` as `Base.Matrix` in the method signature or explicitly `import Base: Matrix`.
[0KWARNING: Constructor for type "Vector" was extended in `Parser` without explicit qualification or import.
[0K  NOTE: Assumed "Vector" refers to `Base.Vector`. This behavior is deprecated and may differ in future versions.`
[0K  NOTE: This behavior may have differed in Julia versions prior to 1.12.
[0K  Hint: If you intended to create a new generic function of the same name, use `function Vector end`.
[0K  Hint: To silence the warning, qualify `Vector` as `Base.Vector` in the method signature or explicitly `import Base: Vector`.
[0KWARNING: Constructor for type "Number" was extended in `Solution` without explicit qualification or import.
[0K  NOTE: Assumed "Number" refers to `Base.Number`. This behavior is deprecated and may differ in future versions.`
[0K  NOTE: This behavior may have differed in Julia versions prior to 1.12.
[0K  Hint: If you intended to create a new generic function of the same name, use `function Number end`.
[0K  Hint: To silence the warning, qualify `Number` as `Base.Number` in the method signature or explicitly `import Base: Number`.
[0KWARNING: Method definition (::Type{Number})(OpenDSSDirect.DSSContext) in module Error at C:\Users\arjha\.julia\packages\OpenDSSDirect\vXmoP\src\error.jl:20 overwritten in module Solution at C:\Users\arjha\.julia\packages\OpenDSSDirect\vXmoP\src\solution.jl:403.
[0KERROR: Method overwriting is not permitted during Module precompilation. Use `__precompile__(false)` to opt-out of precompilation.
   4002.9 ms  ? OpenDSSDirect
  0 dependencies successfully precompiled in 6 seconds. 21 already precompiled.
  1 dependencies failed but may be precompilable after restarting julia
  1 dependency had output during precompilation:
â”Ś OpenDSSDirect
â”‚  [Output was shown above]
â””  
WARNING: Constructor for type "Number" was extended in `Error` without explicit qualification or import.
  NOTE: Assumed "Number" refers to `Base.Number`. This behavior is deprecated and may differ in future versions.`
  NOTE: This behavior may have differed in Julia versions prior to 1.12.
  Hint: If you intended to create a new generic function of the same name, use `function Number end`.
  Hint: To silence the warning, qualify `Number` as `Base.Number` in the method signature or explicitly `import Base: Number`.
WARNING: Constructor for type "Channel" was extended in `Monitors` without explicit qualification or import.
  NOTE: Assumed "Channel" refers to `Base.Channel`. This behavior is deprecated and may differ in future versions.`
  NOTE: This behavior may have differed in Julia versions prior to 1.12.
  Hint: If you intended to create a new generic function of the same name, use `function Channel end`.
  Hint: To silence the warning, qualify `Channel` as `Base.Channel` in the method signature or explicitly `import Base: Channel`.
WARNING: Constructor for type "Matrix" was extended in `Parser` without explicit qualification or import.
  NOTE: Assumed "Matrix" refers to `Base.Matrix`. This behavior is deprecated and may differ in future versions.`
  NOTE: This behavior may have differed in Julia versions prior to 1.12.
  Hint: If you intended to create a new generic function of the same name, use `function Matrix end`.
  Hint: To silence the warning, qualify `Matrix` as `Base.Matrix` in the method signature or explicitly `import Base: Matrix`.
WARNING: Constructor for type "Vector" was extended in `Parser` without explicit qualification or import.
  NOTE: Assumed "Vector" refers to `Base.Vector`. This behavior is deprecated and may differ in future versions.`
  NOTE: This behavior may have differed in Julia versions prior to 1.12.
  Hint: If you intended to create a new generic function of the same name, use `function Vector end`.
  Hint: To silence the warning, qualify `Vector` as `Base.Vector` in the method signature or explicitly `import Base: Vector`.
WARNING: Constructor for type "Number" was extended in `Solution` without explicit qualification or import.
  NOTE: Assumed "Number" refers to `Base.Number`. This behavior is deprecated and may differ in future versions.`
  NOTE: This behavior may have differed in Julia versions prior to 1.12.
  Hint: If you intended to create a new generic function of the same name, use `function Number end`.
  Hint: To silence the warning, qualify `Number` as `Base.Number` in the method signature or explicitly `import Base: Number`.
WARNING: Method definition (::Type{Number})(OpenDSSDirect.DSSContext) in module Error at C:\Users\arjha\.julia\packages\OpenDSSDirect\vXmoP\src\error.jl:20 overwritten in module Solution at C:\Users\arjha\.julia\packages\OpenDSSDirect\vXmoP\src\solution.jl:403.
ERROR: Method overwriting is not permitted during Module precompilation. Use `__precompile__(false)` to opt-out of precompilation.
WARNING: Constructor for type "Number" was extended in `Error` without explicit qualification or import.
  NOTE: Assumed "Number" refers to `Base.Number`. This behavior is deprecated and may differ in future versions.`
  NOTE: This behavior may have differed in Julia versions prior to 1.12.
  Hint: If you intended to create a new generic function of the same name, use `function Number end`.
  Hint: To silence the warning, qualify `Number` as `Base.Number` in the method signature or explicitly `import Base: Number`.
WARNING: Constructor for type "Channel" was extended in `Monitors` without explicit qualification or import.
  NOTE: Assumed "Channel" refers to `Base.Channel`. This behavior is deprecated and may differ in future versions.`
  NOTE: This behavior may have differed in Julia versions prior to 1.12.
  Hint: If you intended to create a new generic function of the same name, use `function Channel end`.
  Hint: To silence the warning, qualify `Channel` as `Base.Channel` in the method signature or explicitly `import Base: Channel`.
WARNING: Constructor for type "Matrix" was extended in `Parser` without explicit qualification or import.
  NOTE: Assumed "Matrix" refers to `Base.Matrix`. This behavior is deprecated and may differ in future versions.`
  NOTE: This behavior may have differed in Julia versions prior to 1.12.
  Hint: If you intended to create a new generic function of the same name, use `function Matrix end`.
  Hint: To silence the warning, qualify `Matrix` as `Base.Matrix` in the method signature or explicitly `import Base: Matrix`.
WARNING: Constructor for type "Vector" was extended in `Parser` without explicit qualification or import.
  NOTE: Assumed "Vector" refers to `Base.Vector`. This behavior is deprecated and may differ in future versions.`
  NOTE: This behavior may have differed in Julia versions prior to 1.12.
  Hint: If you intended to create a new generic function of the same name, use `function Vector end`.
  Hint: To silence the warning, qualify `Vector` as `Base.Vector` in the method signature or explicitly `import Base: Vector`.
WARNING: Constructor for type "Number" was extended in `Solution` without explicit qualification or import.
  NOTE: Assumed "Number" refers to `Base.Number`. This behavior is deprecated and may differ in future versions.`
  NOTE: This behavior may have differed in Julia versions prior to 1.12.
  Hint: If you intended to create a new generic function of the same name, use `function Number end`.
  Hint: To silence the warning, qualify `Number` as `Base.Number` in the method signature or explicitly `import Base: Number`.

================================================================================
đźš€ PARALLELIZATION STATUS
================================================================================
Hardware CPU cores:  16
Julia threads:       16
Status:              âś“ Using all available cores

================================================================================
PARSING SYSTEM DATA
================================================================================
Loaded system: large10k_1ph from C:\Users\arjha\OneDrive - Tesla\Documents\documents_general_addendum\MultiPeriodDistOPF\envs\tadmm\..\..\rawData\large10k_1ph\Master.dss

========================================
Initial Powerflow
========================================
Powerflow completed successfully!

[OpenDSS] Total system load: 14526.42 kW
[OpenDSS] Substation power: 15080.64 kW
[OpenDSS] Total PV dispatch: 0.00 kW
[OpenDSS] Total battery dispatch: 0.00 kW
[OpenDSS] Total system losses: 554.22 kW


================================================================================
[35;1mSOLVING MPOPF WITH SOCP (BRUTE-FORCED)[0m
================================================================================
ERROR: LoadError: KeyError: key 1001 not found
Stacktrace:
 [1] getindex(h::Dict{Int64, Union{Nothing, Int64}}, key::Int64)
   @ Base .\dict.jl:477
 [2] solve_MPOPF_with_SOCP_BruteForced(data::Dict{Symbol, Any}; solver::Symbol)
   @ Main C:\Users\arjha\OneDrive - Tesla\Documents\documents_general_addendum\MultiPeriodDistOPF\tadmm_socp.jl:281
 [3] top-level scope
   @ C:\Users\arjha\OneDrive - Tesla\Documents\documents_general_addendum\MultiPeriodDistOPF\tadmm_socp.jl:555
 [4] include(mod::Module, _path::String)
   @ Base .\Base.jl:306
 [5] exec_options(opts::Base.JLOptions)
   @ Base .\client.jl:317
 [6] _start()
   @ Base .\client.jl:550
in expression starting at C:\Users\arjha\OneDrive - Tesla\Documents\documents_general_addendum\MultiPeriodDistOPF\tadmm_socp.jl:80
