  Activating project at `C:\Users\aryan\Documents\documents_general\MultiPeriodDistOPF\envs\tadmm`

================================================================================
🚀 PARALLELIZATION STATUS
================================================================================
Hardware CPU cores:  16
Julia threads:       1
Status:              ⚠  Single-threaded mode

To enable parallel execution, restart Julia with:
  $ export JULIA_NUM_THREADS=16
  $ julia tadmm_socp.jl
================================================================================
Set parameter Username
Set parameter LicenseID to value 2612288
Academic license - for non-commercial use only - expires 2026-01-20

================================================================================
PARSING SYSTEM DATA
================================================================================
Loaded system: ads10A_1ph from C:\Users\aryan\Documents\documents_general\MultiPeriodDistOPF\envs\tadmm\..\..\rawData\ads10A_1ph\Master.dss
┌ Warning: Result of running OpenDSS Command "? Storage.battery5.kWhrated" is: 18.662
└ @ OpenDSSDirect.Text C:\Users\aryan\.julia\packages\OpenDSSDirect\vXmoP\src\text.jl:29
┌ Warning: Result of running OpenDSS Command "? Storage.battery5.kWrated" is: 4.6655
└ @ OpenDSSDirect.Text C:\Users\aryan\.julia\packages\OpenDSSDirect\vXmoP\src\text.jl:29
┌ Warning: Result of running OpenDSS Command "? Storage.battery5.kva" is: 5.5986
└ @ OpenDSSDirect.Text C:\Users\aryan\.julia\packages\OpenDSSDirect\vXmoP\src\text.jl:29
┌ Warning: Result of running OpenDSS Command "? Storage.battery5.%stored" is: 62.5
└ @ OpenDSSDirect.Text C:\Users\aryan\.julia\packages\OpenDSSDirect\vXmoP\src\text.jl:29
┌ Warning: Result of running OpenDSS Command "? Storage.battery5.%reserve" is: 30
└ @ OpenDSSDirect.Text C:\Users\aryan\.julia\packages\OpenDSSDirect\vXmoP\src\text.jl:29

========================================
Initial Powerflow
========================================
Powerflow completed successfully!

[OpenDSS] Total system load: 59.87 kW
[OpenDSS] Substation power: 59.88 kW
[OpenDSS] Total PV dispatch: 0.00 kW
[OpenDSS] Total battery dispatch: 0.00 kW
[OpenDSS] Total system losses: 0.01 kW


================================================================================
[35;1mSOLVING MPOPF WITH SOCP (BRUTE-FORCED)[0m
================================================================================
Set parameter NonConvex to value 2
Model summary saved to: C:\Users\aryan\Documents\documents_general\MultiPeriodDistOPF\envs\tadmm\processedData\ads10A_1ph_T24\model_summary_socp_bf.txt

================================================================================
STARTING OPTIMIZATION
================================================================================
Set parameter NonConvex to value 2
Set parameter DualReductions to value 0

================================================================================
[36;1mCOMPUTING AND VERIFYING NODAL INJECTIONS[0m
================================================================================

Verifying nodal injection calculations...
[32;1m✓ All nodal injections verified! Both methods match.
[0m  Max real power difference: 3.608225e-15 pu
  Max reactive power difference: 2.567738e-14 pu
[36;1m
Nodal injections added to solution dictionary.
[0m================================================================================

================================================================================
[36;1mVALIDATING BRANCH FLOW MODEL EQUATIONS[0m
================================================================================

================================================================================
SOLUTION VALIDATION: Brute Force SOCP
================================================================================
✓ All constraints satisfied!
================================================================================

--- SOLUTION STATUS ---
Status: [32;1mOPTIMAL
✓ Optimization successful!
[0m
--- OBJECTIVE VALUE ---
Total Cost: $258.06

--- COMPUTATION TIME ---
Solver time: 0.01 seconds

--- POWER SUMMARY ---
Substation Power (kW): min=65.7, max=83.2, avg=76.0

--- VOLTAGE SUMMARY ---
Voltage (pu): min=1.0493, max=1.0500

================================================================================
[36;1mVOLTAGE DROP CONSTRAINT VERIFICATION (across all time periods)[0m
================================================================================
[32;1m✓ All voltage drop constraints satisfied (max violation: 4.440892098500626e-16)
[0m
================================================================================
[36;1mSOC RELAXATION VERIFICATION (across all time periods)[0m
================================================================================
[32;1m✓ All SOC relaxation constraints satisfied (max violation: 0.0)
[0m================================================================================

================================================================================
[35;1mMPOPF SOCP BRUTE-FORCED SOLUTION COMPLETE[0m
================================================================================
[32;1m✓ Results written to C:\Users\aryan\Documents\documents_general\MultiPeriodDistOPF\envs\tadmm\processedData\ads10A_1ph_T24\results_socp_bf.txt[0m

================================================================================
[35;1mSOLVING MPOPF WITH SOCP (tADMM)[0m
================================================================================
[36;1mρ scaled with T: 10000.0 × (24/24)^2 = 10000.0[0m

================================================================================
[36;1m🎯 tADMM[SOCP]: T=24, ρ_init=10000.0, adaptive=true, |Bset|=1, |Nset|=10, |Lset|=9
[0m================================================================================
[36;1m  🔵 Iteration   1: Primal updates[0m[32;1m ✓
[0mk=  1  obj=$244.4668 (energy=$244.4668, battery=$0.0000, penalty=$1.3604)  ‖r‖=2.36e-03  ‖s‖=1.65e+01  ρ=10000.0
[36;1m  🔵 Iteration   2: Primal updates[0m[32;1m ✓
[0mk=  2  obj=$244.4668 (energy=$244.4668, battery=$0.0000, penalty=$5.2785)  ‖r‖=2.34e-03  ‖s‖=1.93e+01  ρ=10000.0
[36;1m  🔵 Iteration   3: Primal updates[0m[32;1m ✓
[0mk=  3  obj=$244.4665 (energy=$244.4664, battery=$0.0000, penalty=$11.6739)  ‖r‖=2.31e-03  ‖s‖=2.22e+01  ρ=10000.0
[36;1m  🔵 Iteration   4: Primal updates[0m[32;1m ✓
[0mk=  4  obj=$245.1929 (energy=$245.1929, battery=$0.0000, penalty=$19.6858)  ‖r‖=2.13e-03  ‖s‖=1.81e+01  ρ=10000.0
[36;1m  🔵 Iteration   5: Primal updates[0m[32;1m ✓
[0m[33;1m  [PHASE1-NUDGE] rho: 10000.0 -> 20000.0 (primal stalled, 5 iters no ρ change, ‖r‖=1.87e-03>1.0e-05)
[0mk=  5  obj=$247.2179 (energy=$247.2179, battery=$0.0000, penalty=$27.6033)  ‖r‖=1.87e-03  ‖s‖=1.40e+01  ρ=20000.0
[36;1m  🔵 Iteration   6: Primal updates[0m[32;1m ✓
[0mk=  6  obj=$250.0273 (energy=$250.0273, battery=$0.0000, penalty=$21.0879)  ‖r‖=1.52e-03  ‖s‖=1.64e+01  ρ=20000.0
[36;1m  🔵 Iteration   7: Primal updates[0m[32;1m ✓
[0mk=  7  obj=$255.4982 (energy=$255.4982, battery=$0.0000, penalty=$24.6310)  ‖r‖=7.52e-04  ‖s‖=1.94e+01  ρ=20000.0
[36;1m  🔵 Iteration   8: Primal updates[0m[32;1m ✓
[0mk=  8  obj=$259.2643 (energy=$259.2643, battery=$0.0000, penalty=$24.6289)  ‖r‖=7.05e-07  ‖s‖=1.94e+01  ρ=20000.0
[36;1m  🔵 Iteration   9: Primal updates[0m[32;1m ✓
[0mk=  9  obj=$259.2088 (energy=$259.2088, battery=$0.0000, penalty=$24.6289)  ‖r‖=6.12e-07  ‖s‖=1.94e+01  ρ=20000.0
[36;1m  🔵 Iteration  10: Primal updates[0m[32;1m ✓
[0m[32;1m  ✓ PHASE TRANSITION: Primal converged (‖r‖=4.90e-07 ≤ 1.0e-05), enabling bidirectional ρ adaptation
[0m[33;1m  [PHASE2-DOWN] rho: 20000.0 -> 10000.0 (s/r=39620138.7 > 5.0 dual lagging)
[0mk= 10  obj=$259.1560 (energy=$259.1560, battery=$0.0000, penalty=$24.6285)  ‖r‖=4.90e-07  ‖s‖=1.94e+01  ρ=10000.0
[36;1m  🔵 Iteration  11: Primal updates[0m[32;1m ✓
[0mk= 11  obj=$259.0420 (energy=$259.0420, battery=$0.0000, penalty=$49.2637)  ‖r‖=1.55e-06  ‖s‖=1.95e+01  ρ=10000.0
[36;1m  🔵 Iteration  12: Primal updates[0m[32;1m ✓
[0mk= 12  obj=$258.9498 (energy=$258.9498, battery=$0.0000, penalty=$49.2565)  ‖r‖=2.12e-05  ‖s‖=1.90e+01  ρ=10000.0
[36;1m  🔵 Iteration  13: Primal updates[0m[32;1m ✓
[0mk= 13  obj=$258.8477 (energy=$258.8477, battery=$0.0000, penalty=$49.2551)  ‖r‖=2.98e-05  ‖s‖=1.87e+01  ρ=10000.0
[36;1m  🔵 Iteration  14: Primal updates[0m[32;1m ✓
[0mk= 14  obj=$258.7530 (energy=$258.7530, battery=$0.0000, penalty=$49.2530)  ‖r‖=1.29e-05  ‖s‖=1.87e+01  ρ=10000.0
[36;1m  🔵 Iteration  15: Primal updates[0m[32;1m ✓
[0m[33;1m  [PHASE2-DOWN] rho: 10000.0 -> 5000.0 (s/r=11935133.3 > 5.0 dual lagging)
[0mk= 15  obj=$258.6537 (energy=$258.6537, battery=$0.0000, penalty=$49.2520)  ‖r‖=1.57e-06  ‖s‖=1.87e+01  ρ=5000.0
[36;1m  🔵 Iteration  16: Primal updates[0m[32;1m ✓
[0mk= 16  obj=$258.3137 (energy=$258.3137, battery=$0.0000, penalty=$98.6496)  ‖r‖=1.08e-04  ‖s‖=1.75e+01  ρ=5000.0
[36;1m  🔵 Iteration  17: Primal updates[0m[32;1m ✓
[0mk= 17  obj=$258.1667 (energy=$258.1667, battery=$0.0000, penalty=$98.7851)  ‖r‖=1.47e-04  ‖s‖=1.59e+01  ρ=5000.0
[36;1m  🔵 Iteration  18: Primal updates[0m[32;1m ✓
[0mk= 18  obj=$258.1236 (energy=$258.1236, battery=$0.0000, penalty=$98.8594)  ‖r‖=1.16e-04  ‖s‖=1.23e+01  ρ=5000.0
[36;1m  🔵 Iteration  19: Primal updates[0m[32;1m ✓
[0mk= 19  obj=$258.1552 (energy=$258.1552, battery=$0.0000, penalty=$98.8565)  ‖r‖=5.14e-05  ‖s‖=1.05e+01  ρ=5000.0
[36;1m  🔵 Iteration  20: Primal updates[0m[32;1m ✓
[0m[33;1m  [PHASE2-DOWN] rho: 5000.0 -> 2500.0 (s/r=200016.7 > 5.0 dual lagging)
[0mk= 20  obj=$258.1833 (energy=$258.1832, battery=$0.0000, penalty=$98.7858)  ‖r‖=3.70e-05  ‖s‖=7.40e+00  ρ=2500.0
[36;1m  🔵 Iteration  21: Primal updates[0m[32;1m ✓
[0mk= 21  obj=$258.1951 (energy=$258.1951, battery=$0.0000, penalty=$197.4534)  ‖r‖=6.41e-05  ‖s‖=5.42e+00  ρ=2500.0
[36;1m  🔵 Iteration  22: Primal updates[0m[32;1m ✓
[0mk= 22  obj=$258.1503 (energy=$258.1503, battery=$0.0000, penalty=$197.3671)  ‖r‖=5.64e-05  ‖s‖=3.72e+00  ρ=2500.0
[36;1m  🔵 Iteration  23: Primal updates[0m[32;1m ✓
[0mk= 23  obj=$258.0704 (energy=$258.0704, battery=$0.0000, penalty=$197.3562)  ‖r‖=2.87e-05  ‖s‖=3.08e+00  ρ=2500.0
[36;1m  🔵 Iteration  24: Primal updates[0m[32;1m ✓
[0mk= 24  obj=$258.0526 (energy=$258.0526, battery=$0.0000, penalty=$197.3562)  ‖r‖=1.89e-05  ‖s‖=2.13e+00  ρ=2500.0
[36;1m  🔵 Iteration  25: Primal updates[0m[32;1m ✓
[0m[33;1m  [PHASE2-DOWN] rho: 2500.0 -> 1250.0 (s/r=18326.8 > 5.0 dual lagging)
[0mk= 25  obj=$258.1225 (energy=$258.1225, battery=$0.0000, penalty=$197.2866)  ‖r‖=2.62e-05  ‖s‖=4.81e-01  ρ=1250.0
[36;1m  🔵 Iteration  26: Primal updates[0m[32;1m ✓
[0mk= 26  obj=$258.1199 (energy=$258.1198, battery=$0.0000, penalty=$394.5092)  ‖r‖=2.45e-05  ‖s‖=2.60e-01  ρ=1250.0
[36;1m  🔵 Iteration  27: Primal updates[0m[32;1m ✓
[0mk= 27  obj=$258.0886 (energy=$258.0886, battery=$0.0000, penalty=$394.4767)  ‖r‖=1.89e-05  ‖s‖=2.60e-01  ρ=1250.0
[36;1m  🔵 Iteration  28: Primal updates[0m[32;1m ✓
[0mk= 28  obj=$258.0727 (energy=$258.0727, battery=$0.0000, penalty=$394.4600)  ‖r‖=1.14e-05  ‖s‖=2.20e-01  ρ=1250.0
[36;1m  🔵 Iteration  29: Primal updates[0m[32;1m ✓
[0mk= 29  obj=$258.0636 (energy=$258.0636, battery=$0.0000, penalty=$394.4523)  ‖r‖=1.23e-05  ‖s‖=1.27e-01  ρ=1250.0
[36;1m  🔵 Iteration  30: Primal updates[0m[32;1m ✓
[0m[33;1m  [PHASE2-DOWN] rho: 1250.0 -> 625.0 (s/r=6609.8 > 5.0 dual lagging)
[0mk= 30  obj=$258.0554 (energy=$258.0553, battery=$0.0000, penalty=$394.4529)  ‖r‖=1.02e-05  ‖s‖=6.73e-02  ρ=625.0
[36;1m  🔵 Iteration  31: Primal updates[0m[32;1m ✓
[0mk= 31  obj=$258.0334 (energy=$258.0333, battery=$0.0000, penalty=$788.9284)  ‖r‖=8.89e-06  ‖s‖=4.00e-02  ρ=625.0
[36;1m  🔵 Iteration  32: Primal updates[0m[32;1m ✓
[0mk= 32  obj=$258.0311 (energy=$258.0311, battery=$0.0000, penalty=$788.9532)  ‖r‖=7.26e-06  ‖s‖=2.79e-02  ρ=625.0
[36;1m  🔵 Iteration  33: Primal updates[0m[32;1m ✓
[0mk= 33  obj=$258.0353 (energy=$258.0353, battery=$0.0000, penalty=$788.9739)  ‖r‖=4.65e-06  ‖s‖=2.27e-02  ρ=625.0
[36;1m  🔵 Iteration  34: Primal updates[0m[32;1m ✓
[0mk= 34  obj=$258.0496 (energy=$258.0496, battery=$0.0000, penalty=$788.9803)  ‖r‖=3.27e-06  ‖s‖=2.33e-02  ρ=625.0
[36;1m  🔵 Iteration  35: Primal updates[0m[32;1m ✓
[0m[33;1m  [PHASE2-DOWN] rho: 625.0 -> 312.5 (s/r=8643.7 > 5.0 dual lagging)
[0mk= 35  obj=$258.0591 (energy=$258.0590, battery=$0.0000, penalty=$788.9772)  ‖r‖=2.08e-06  ‖s‖=1.80e-02  ρ=312.5
[36;1m  🔵 Iteration  36: Primal updates[0m[32;1m ✓
[0mk= 36  obj=$258.0767 (energy=$258.0767, battery=$0.0000, penalty=$1577.9337)  ‖r‖=5.85e-06  ‖s‖=1.25e-02  ρ=312.5
[36;1m  🔵 Iteration  37: Primal updates[0m[32;1m ✓
[0mk= 37  obj=$258.0745 (energy=$258.0745, battery=$0.0000, penalty=$1577.9152)  ‖r‖=5.33e-06  ‖s‖=3.81e-03  ρ=312.5
[36;1m  🔵 Iteration  38: Primal updates[0m[32;1m ✓
[0mk= 38  obj=$258.0661 (energy=$258.0660, battery=$0.0000, penalty=$1577.9051)  ‖r‖=3.20e-06  ‖s‖=6.48e-03  ρ=312.5
[36;1m  🔵 Iteration  39: Primal updates[0m[32;1m ✓
[0mk= 39  obj=$258.0569 (energy=$258.0568, battery=$0.0000, penalty=$1577.9042)  ‖r‖=2.31e-06  ‖s‖=9.43e-03  ρ=312.5
[36;1m  🔵 Iteration  40: Primal updates[0m[32;1m ✓
[0m[33;1m  [PHASE2-DOWN] rho: 312.5 -> 156.2 (s/r=2235.3 > 5.0 dual lagging)
[0mk= 40  obj=$258.0499 (energy=$258.0499, battery=$0.0000, penalty=$1577.9103)  ‖r‖=2.37e-06  ‖s‖=5.31e-03  ρ=156.2
[36;1m  🔵 Iteration  41: Primal updates[0m[32;1m ✓
[0mk= 41  obj=$258.0538 (energy=$258.0538, battery=$0.0000, penalty=$3155.8226)  ‖r‖=7.62e-06  ‖s‖=4.96e-03  ρ=156.2
[36;1m  🔵 Iteration  42: Primal updates[0m[32;1m ✓
[0mk= 42  obj=$258.0648 (energy=$258.0648, battery=$0.0000, penalty=$3155.8138)  ‖r‖=3.40e-06  ‖s‖=2.37e-03  ρ=156.2
[36;1m  🔵 Iteration  43: Primal updates[0m[32;1m ✓
[0mk= 43  obj=$258.0614 (energy=$258.0614, battery=$0.0000, penalty=$3155.8084)  ‖r‖=2.37e-06  ‖s‖=2.62e-03  ρ=156.2
[36;1m  🔵 Iteration  44: Primal updates[0m[32;1m ✓
[0mk= 44  obj=$258.0647 (energy=$258.0647, battery=$0.0000, penalty=$3155.7996)  ‖r‖=2.54e-06  ‖s‖=2.34e-03  ρ=156.2
[36;1m  🔵 Iteration  45: Primal updates[0m[32;1m ✓
[0m[33;1m  [PHASE2-DOWN] rho: 156.2 -> 78.1 (s/r=1440.9 > 5.0 dual lagging)
[0mk= 45  obj=$258.0521 (energy=$258.0521, battery=$0.0000, penalty=$3155.8035)  ‖r‖=2.59e-06  ‖s‖=3.73e-03  ρ=78.1
[36;1m  🔵 Iteration  46: Primal updates[0m[32;1m ✓
[0mk= 46  obj=$258.0366 (energy=$258.0366, battery=$0.0000, penalty=$6311.6265)  ‖r‖=1.05e-05  ‖s‖=3.44e-03  ρ=78.1
[36;1m  🔵 Iteration  47: Primal updates[0m[32;1m ✓
[0mk= 47  obj=$258.0362 (energy=$258.0362, battery=$0.0000, penalty=$6311.6462)  ‖r‖=8.25e-06  ‖s‖=5.78e-04  ρ=78.1
[36;1m  🔵 Iteration  48: Primal updates[0m[32;1m ✓
[0mk= 48  obj=$258.0562 (energy=$258.0562, battery=$0.0000, penalty=$6311.6460)  ‖r‖=5.26e-06  ‖s‖=2.77e-03  ρ=78.1
[36;1m  🔵 Iteration  49: Primal updates[0m[32;1m ✓
[0mk= 49  obj=$258.0735 (energy=$258.0735, battery=$0.0000, penalty=$6311.6285)  ‖r‖=6.70e-06  ‖s‖=3.70e-03  ρ=78.1
[36;1m  🔵 Iteration  50: Primal updates[0m[32;1m ✓
[0m[33;1m  [PHASE2-DOWN] rho: 78.1 -> 39.1 (s/r=119.2 > 5.0 dual lagging)
[0mk= 50  obj=$258.0755 (energy=$258.0755, battery=$0.0000, penalty=$6311.6090)  ‖r‖=8.12e-06  ‖s‖=9.68e-04  ρ=39.1
[36;1m  🔵 Iteration  51: Primal updates[0m[32;1m ✓
[0mk= 51  obj=$258.0310 (energy=$258.0310, battery=$0.0000, penalty=$12623.2430)  ‖r‖=1.95e-05  ‖s‖=4.08e-03  ρ=39.1
[36;1m  🔵 Iteration  52: Primal updates[0m[32;1m ✓
[0mk= 52  obj=$258.0287 (energy=$258.0287, battery=$0.0000, penalty=$12623.2702)  ‖r‖=1.39e-05  ‖s‖=9.35e-04  ρ=39.1
[36;1m  🔵 Iteration  53: Primal updates[0m[32;1m ✓
[0mk= 53  obj=$258.0372 (energy=$258.0372, battery=$0.0000, penalty=$12623.2890)  ‖r‖=1.01e-05  ‖s‖=7.98e-04  ρ=39.1
[36;1m  🔵 Iteration  54: Primal updates[0m[32;1m ✓
[0mk= 54  obj=$258.0568 (energy=$258.0568, battery=$0.0000, penalty=$12623.2881)  ‖r‖=2.15e-06  ‖s‖=2.14e-03  ρ=39.1
[36;1m  🔵 Iteration  55: Primal updates[0m[32;1m ✓
[0mk= 55  obj=$258.0594 (energy=$258.0594, battery=$0.0000, penalty=$12623.2847)  ‖r‖=1.79e-06  ‖s‖=4.43e-04  ρ=39.1
[36;1m  🔵 Iteration  56: Primal updates[0m[32;1m ✓
[0mk= 56  obj=$258.0606 (energy=$258.0606, battery=$0.0000, penalty=$12623.2800)  ‖r‖=4.01e-06  ‖s‖=5.73e-04  ρ=39.1
[36;1m  🔵 Iteration  57: Primal updates[0m[32;1m ✓
[0mk= 57  obj=$258.0637 (energy=$258.0637, battery=$0.0000, penalty=$12623.2723)  ‖r‖=2.57e-06  ‖s‖=3.40e-04  ρ=39.1
[36;1m  🔵 Iteration  58: Primal updates[0m[32;1m ✓
[0mk= 58  obj=$258.0562 (energy=$258.0562, battery=$0.0000, penalty=$12623.2721)  ‖r‖=6.63e-07  ‖s‖=4.94e-04  ρ=39.1
[36;1m  🔵 Iteration  59: Primal updates[0m[32;1m ✓
[0mk= 59  obj=$258.0522 (energy=$258.0522, battery=$0.0000, penalty=$12623.2758)  ‖r‖=6.75e-07  ‖s‖=3.56e-04  ρ=39.1
[36;1m  🔵 Iteration  60: Primal updates[0m[32;1m ✓
[0m[33;1m  [PHASE2-DOWN] rho: 39.1 -> 19.5 (s/r=209.1 > 5.0 dual lagging)
[0mk= 60  obj=$258.0574 (energy=$258.0574, battery=$0.0000, penalty=$12623.2744)  ‖r‖=2.66e-06  ‖s‖=5.57e-04  ρ=19.5
[36;1m  🔵 Iteration  61: Primal updates[0m[32;1m ✓
[0mk= 61  obj=$258.0716 (energy=$258.0716, battery=$0.0000, penalty=$25246.5332)  ‖r‖=2.26e-05  ‖s‖=1.81e-03  ρ=19.5
[36;1m  🔵 Iteration  62: Primal updates[0m[32;1m ✓
[0mk= 62  obj=$258.0830 (energy=$258.0830, battery=$0.0000, penalty=$25246.5062)  ‖r‖=1.26e-05  ‖s‖=4.43e-04  ρ=19.5
[36;1m  🔵 Iteration  63: Primal updates[0m[32;1m ✓
[0mk= 63  obj=$258.0758 (energy=$258.0758, battery=$0.0000, penalty=$25246.4863)  ‖r‖=6.09e-06  ‖s‖=6.02e-04  ρ=19.5
[36;1m  🔵 Iteration  64: Primal updates[0m[32;1m ✓
[0mk= 64  obj=$258.0640 (energy=$258.0640, battery=$0.0000, penalty=$25246.4783)  ‖r‖=3.25e-06  ‖s‖=6.84e-04  ρ=19.5
[36;1m  🔵 Iteration  65: Primal updates[0m[32;1m ✓
[0mk= 65  obj=$258.0561 (energy=$258.0561, battery=$0.0000, penalty=$25246.4781)  ‖r‖=1.69e-06  ‖s‖=4.86e-04  ρ=19.5
[36;1m  🔵 Iteration  66: Primal updates[0m[32;1m ✓
[0mk= 66  obj=$258.0528 (energy=$258.0528, battery=$0.0000, penalty=$25246.4813)  ‖r‖=2.20e-06  ‖s‖=3.30e-04  ρ=19.5
[36;1m  🔵 Iteration  67: Primal updates[0m[32;1m ✓
[0mk= 67  obj=$258.0514 (energy=$258.0514, battery=$0.0000, penalty=$25246.4858)  ‖r‖=1.85e-06  ‖s‖=8.92e-05  ρ=19.5
[36;1m  🔵 Iteration  68: Primal updates[0m[32;1m ✓
[0mk= 68  obj=$258.0526 (energy=$258.0526, battery=$0.0000, penalty=$25246.4892)  ‖r‖=1.25e-06  ‖s‖=9.52e-05  ρ=19.5
[36;1m  🔵 Iteration  69: Primal updates[0m[32;1m ✓
[0mk= 69  obj=$258.0545 (energy=$258.0545, battery=$0.0000, penalty=$25246.4907)  ‖r‖=1.11e-06  ‖s‖=2.00e-04  ρ=19.5
[36;1m  🔵 Iteration  70: Primal updates[0m[32;1m ✓
[0mk= 70  obj=$258.0571 (energy=$258.0571, battery=$0.0000, penalty=$25246.4896)  ‖r‖=5.80e-07  ‖s‖=9.94e-05  ρ=19.5
[36;1m  🔵 Iteration  71: Primal updates[0m[32;1m ✓
[0mk= 71  obj=$258.0578 (energy=$258.0577, battery=$0.0000, penalty=$25246.4878)  ‖r‖=3.23e-07  ‖s‖=2.20e-05  ρ=19.5
[32;1m🎉 tADMM converged at iteration 71
[0m
================================================================================
[36;1mVALIDATING tADMM SOLUTION[0m
================================================================================

================================================================================
SOLUTION VALIDATION: tADMM SOCP
================================================================================
✓ All constraints satisfied!
================================================================================

--- tADMM SOLUTION STATUS ---
[32;1m✓ CONVERGED
[0m[32;1mObjective: $258.06
[0m
--- COMPUTATION TIME ---
Effective wall clock time: 0.17 seconds (71 iterations)
Sequential time (all subproblems): 1.76 seconds

--- COMPARISON WITH BRUTE FORCE ---
Brute Force objective: $258.0560
tADMM objective:       $258.0578
Absolute difference:   $0.0018
Relative difference:   0.0007%

--- COMPUTATIONAL SPEEDUP ---
Brute Force solver time: 0.0120 seconds
tADMM effective time:    0.1680 seconds
Speedup vs Brute Force:  0.07x
[32;1m✓ tADMM results written to C:\Users\aryan\Documents\documents_general\MultiPeriodDistOPF\envs\tadmm\processedData\ads10A_1ph_T24\results_socp_tadmm.txt[0m

================================================================================
[35;1mMPOPF SOCP tADMM SOLUTION COMPLETE[0m
================================================================================

================================================================================
[32;1m⏱  TOTAL SIMULATION TIME (BF + tADMM)[0m
================================================================================
Total time (parsing + BF + tADMM):    27.08 seconds

Brute Force Timing:
  - BF wall-clock time:               0.63 seconds (actual time on machine)
  - BF solver time:                   0.01 seconds (reported by Gurobi)

tADMM Timing:
  - tADMM wall-clock time:            12.29 seconds (actual time on machine)
  - tADMM effective time:             0.17 seconds (max subproblem time per iter)
  - tADMM sequential time:            1.76 seconds (sum of all subproblems)

Overhead:
  - Total optimization wall-clock:    12.92 seconds
  - Parsing/setup/validation:         14.16 seconds

Speedup Metrics:
  - tADMM vs BF (wall-clock):         0.05x
  - Parallel efficiency:              1.4% (0.01x speedup)
================================================================================

================================================================================
[36;1mGENERATING PLOTS[0m
================================================================================
[32;1m✓ tADMM converged - all plots will be generated[0m

================================================================================
[36;1mPLOTTING tADMM CONVERGENCE[0m
================================================================================

tADMM Convergence Summary:
  Total iterations: 71
