  Activating project at `C:\Users\aryan\Documents\documents_general\MultiPeriodDistOPF\envs\tadmm`

================================================================================
🚀 PARALLELIZATION STATUS
================================================================================
Hardware CPU cores:  16
Julia threads:       16
Status:              ✓ Using all available cores
================================================================================
Set parameter Username
Set parameter LicenseID to value 2612288
Academic license - for non-commercial use only - expires 2026-01-20

================================================================================
PARSING SYSTEM DATA
================================================================================
Loaded system: ieee123A_1ph from C:\Users\aryan\Documents\documents_general\MultiPeriodDistOPF\envs\tadmm\..\..\rawData\ieee123A_1ph\Master.dss
┌ Warning: Result of running OpenDSS Command "? Storage.battery3.kWhrated" is: 18.662
└ @ OpenDSSDirect.Text C:\Users\aryan\.julia\packages\OpenDSSDirect\vXmoP\src\text.jl:29
┌ Warning: Result of running OpenDSS Command "? Storage.battery3.kWrated" is: 4.6655
└ @ OpenDSSDirect.Text C:\Users\aryan\.julia\packages\OpenDSSDirect\vXmoP\src\text.jl:29
┌ Warning: Result of running OpenDSS Command "? Storage.battery3.kva" is: 5.5986
└ @ OpenDSSDirect.Text C:\Users\aryan\.julia\packages\OpenDSSDirect\vXmoP\src\text.jl:29
┌ Warning: Result of running OpenDSS Command "? Storage.battery3.%stored" is: 62.5
└ @ OpenDSSDirect.Text C:\Users\aryan\.julia\packages\OpenDSSDirect\vXmoP\src\text.jl:29
┌ Warning: Result of running OpenDSS Command "? Storage.battery3.%reserve" is: 30
└ @ OpenDSSDirect.Text C:\Users\aryan\.julia\packages\OpenDSSDirect\vXmoP\src\text.jl:29
┌ Warning: Result of running OpenDSS Command "? Storage.battery7.kWhrated" is: 9.3338
└ @ OpenDSSDirect.Text C:\Users\aryan\.julia\packages\OpenDSSDirect\vXmoP\src\text.jl:29
┌ Warning: Result of running OpenDSS Command "? Storage.battery7.kWrated" is: 2.3335
└ @ OpenDSSDirect.Text C:\Users\aryan\.julia\packages\OpenDSSDirect\vXmoP\src\text.jl:29
┌ Warning: Result of running OpenDSS Command "? Storage.battery7.kva" is: 2.8001
└ @ OpenDSSDirect.Text C:\Users\aryan\.julia\packages\OpenDSSDirect\vXmoP\src\text.jl:29
┌ Warning: Result of running OpenDSS Command "? Storage.battery7.%stored" is: 62.5
└ @ OpenDSSDirect.Text C:\Users\aryan\.julia\packages\OpenDSSDirect\vXmoP\src\text.jl:29
┌ Warning: Result of running OpenDSS Command "? Storage.battery7.%reserve" is: 30
└ @ OpenDSSDirect.Text C:\Users\aryan\.julia\packages\OpenDSSDirect\vXmoP\src\text.jl:29
┌ Warning: Result of running OpenDSS Command "? Storage.battery11.kWhrated" is: 18.662
└ @ OpenDSSDirect.Text C:\Users\aryan\.julia\packages\OpenDSSDirect\vXmoP\src\text.jl:29
┌ Warning: Result of running OpenDSS Command "? Storage.battery11.kWrated" is: 4.6655
└ @ OpenDSSDirect.Text C:\Users\aryan\.julia\packages\OpenDSSDirect\vXmoP\src\text.jl:29
┌ Warning: Result of running OpenDSS Command "? Storage.battery11.kva" is: 5.5986
└ @ OpenDSSDirect.Text C:\Users\aryan\.julia\packages\OpenDSSDirect\vXmoP\src\text.jl:29
┌ Warning: Result of running OpenDSS Command "? Storage.battery11.%stored" is: 62.5
└ @ OpenDSSDirect.Text C:\Users\aryan\.julia\packages\OpenDSSDirect\vXmoP\src\text.jl:29
┌ Warning: Result of running OpenDSS Command "? Storage.battery11.%reserve" is: 30
└ @ OpenDSSDirect.Text C:\Users\aryan\.julia\packages\OpenDSSDirect\vXmoP\src\text.jl:29
┌ Warning: Result of running OpenDSS Command "? Storage.battery18.kWhrated" is: 18.662
└ @ OpenDSSDirect.Text C:\Users\aryan\.julia\packages\OpenDSSDirect\vXmoP\src\text.jl:29
┌ Warning: Result of running OpenDSS Command "? Storage.battery18.kWrated" is: 4.6655
└ @ OpenDSSDirect.Text C:\Users\aryan\.julia\packages\OpenDSSDirect\vXmoP\src\text.jl:29
┌ Warning: Result of running OpenDSS Command "? Storage.battery18.kva" is: 5.5986
└ @ OpenDSSDirect.Text C:\Users\aryan\.julia\packages\OpenDSSDirect\vXmoP\src\text.jl:29
┌ Warning: Result of running OpenDSS Command "? Storage.battery18.%stored" is: 62.5
└ @ OpenDSSDirect.Text C:\Users\aryan\.julia\packages\OpenDSSDirect\vXmoP\src\text.jl:29
┌ Warning: Result of running OpenDSS Command "? Storage.battery18.%reserve" is: 30
└ @ OpenDSSDirect.Text C:\Users\aryan\.julia\packages\OpenDSSDirect\vXmoP\src\text.jl:29
┌ Warning: Result of running OpenDSS Command "? Storage.battery22.kWhrated" is: 18.662
└ @ OpenDSSDirect.Text C:\Users\aryan\.julia\packages\OpenDSSDirect\vXmoP\src\text.jl:29
┌ Warning: Result of running OpenDSS Command "? Storage.battery22.kWrated" is: 4.6655
└ @ OpenDSSDirect.Text C:\Users\aryan\.julia\packages\OpenDSSDirect\vXmoP\src\text.jl:29
┌ Warning: Result of running OpenDSS Command "? Storage.battery22.kva" is: 5.5986
└ @ OpenDSSDirect.Text C:\Users\aryan\.julia\packages\OpenDSSDirect\vXmoP\src\text.jl:29
┌ Warning: Result of running OpenDSS Command "? Storage.battery22.%stored" is: 62.5
└ @ OpenDSSDirect.Text C:\Users\aryan\.julia\packages\OpenDSSDirect\vXmoP\src\text.jl:29
┌ Warning: Result of running OpenDSS Command "? Storage.battery22.%reserve" is: 30
└ @ OpenDSSDirect.Text C:\Users\aryan\.julia\packages\OpenDSSDirect\vXmoP\src\text.jl:29
┌ Warning: Result of running OpenDSS Command "? Storage.battery30.kWhrated" is: 18.662
└ @ OpenDSSDirect.Text C:\Users\aryan\.julia\packages\OpenDSSDirect\vXmoP\src\text.jl:29
┌ Warning: Result of running OpenDSS Command "? Storage.battery30.kWrated" is: 4.6655
└ @ OpenDSSDirect.Text C:\Users\aryan\.julia\packages\OpenDSSDirect\vXmoP\src\text.jl:29
┌ Warning: Result of running OpenDSS Command "? Storage.battery30.kva" is: 5.5986
└ @ OpenDSSDirect.Text C:\Users\aryan\.julia\packages\OpenDSSDirect\vXmoP\src\text.jl:29
┌ Warning: Result of running OpenDSS Command "? Storage.battery30.%stored" is: 62.5
└ @ OpenDSSDirect.Text C:\Users\aryan\.julia\packages\OpenDSSDirect\vXmoP\src\text.jl:29
┌ Warning: Result of running OpenDSS Command "? Storage.battery30.%reserve" is: 30
└ @ OpenDSSDirect.Text C:\Users\aryan\.julia\packages\OpenDSSDirect\vXmoP\src\text.jl:29
┌ Warning: Result of running OpenDSS Command "? Storage.battery34.kWhrated" is: 9.3338
└ @ OpenDSSDirect.Text C:\Users\aryan\.julia\packages\OpenDSSDirect\vXmoP\src\text.jl:29
┌ Warning: Result of running OpenDSS Command "? Storage.battery34.kWrated" is: 2.3335
└ @ OpenDSSDirect.Text C:\Users\aryan\.julia\packages\OpenDSSDirect\vXmoP\src\text.jl:29
┌ Warning: Result of running OpenDSS Command "? Storage.battery34.kva" is: 2.8001
└ @ OpenDSSDirect.Text C:\Users\aryan\.julia\packages\OpenDSSDirect\vXmoP\src\text.jl:29
┌ Warning: Result of running OpenDSS Command "? Storage.battery34.%stored" is: 62.5
└ @ OpenDSSDirect.Text C:\Users\aryan\.julia\packages\OpenDSSDirect\vXmoP\src\text.jl:29
┌ Warning: Result of running OpenDSS Command "? Storage.battery34.%reserve" is: 30
└ @ OpenDSSDirect.Text C:\Users\aryan\.julia\packages\OpenDSSDirect\vXmoP\src\text.jl:29
┌ Warning: Result of running OpenDSS Command "? Storage.battery37.kWhrated" is: 18.662
└ @ OpenDSSDirect.Text C:\Users\aryan\.julia\packages\OpenDSSDirect\vXmoP\src\text.jl:29
┌ Warning: Result of running OpenDSS Command "? Storage.battery37.kWrated" is: 4.6655
└ @ OpenDSSDirect.Text C:\Users\aryan\.julia\packages\OpenDSSDirect\vXmoP\src\text.jl:29
┌ Warning: Result of running OpenDSS Command "? Storage.battery37.kva" is: 5.5986
└ @ OpenDSSDirect.Text C:\Users\aryan\.julia\packages\OpenDSSDirect\vXmoP\src\text.jl:29
┌ Warning: Result of running OpenDSS Command "? Storage.battery37.%stored" is: 62.5
└ @ OpenDSSDirect.Text C:\Users\aryan\.julia\packages\OpenDSSDirect\vXmoP\src\text.jl:29
┌ Warning: Result of running OpenDSS Command "? Storage.battery37.%reserve" is: 30
└ @ OpenDSSDirect.Text C:\Users\aryan\.julia\packages\OpenDSSDirect\vXmoP\src\text.jl:29
┌ Warning: Result of running OpenDSS Command "? Storage.battery41.kWhrated" is: 9.3338
└ @ OpenDSSDirect.Text C:\Users\aryan\.julia\packages\OpenDSSDirect\vXmoP\src\text.jl:29
┌ Warning: Result of running OpenDSS Command "? Storage.battery41.kWrated" is: 2.3335
└ @ OpenDSSDirect.Text C:\Users\aryan\.julia\packages\OpenDSSDirect\vXmoP\src\text.jl:29
┌ Warning: Result of running OpenDSS Command "? Storage.battery41.kva" is: 2.8001
└ @ OpenDSSDirect.Text C:\Users\aryan\.julia\packages\OpenDSSDirect\vXmoP\src\text.jl:29
┌ Warning: Result of running OpenDSS Command "? Storage.battery41.%stored" is: 62.5
└ @ OpenDSSDirect.Text C:\Users\aryan\.julia\packages\OpenDSSDirect\vXmoP\src\text.jl:29
┌ Warning: Result of running OpenDSS Command "? Storage.battery41.%reserve" is: 30
└ @ OpenDSSDirect.Text C:\Users\aryan\.julia\packages\OpenDSSDirect\vXmoP\src\text.jl:29
┌ Warning: Result of running OpenDSS Command "? Storage.battery47.kWhrated" is: 9.3338
└ @ OpenDSSDirect.Text C:\Users\aryan\.julia\packages\OpenDSSDirect\vXmoP\src\text.jl:29
┌ Warning: Result of running OpenDSS Command "? Storage.battery47.kWrated" is: 2.3335
└ @ OpenDSSDirect.Text C:\Users\aryan\.julia\packages\OpenDSSDirect\vXmoP\src\text.jl:29
┌ Warning: Result of running OpenDSS Command "? Storage.battery47.kva" is: 2.8001
└ @ OpenDSSDirect.Text C:\Users\aryan\.julia\packages\OpenDSSDirect\vXmoP\src\text.jl:29
┌ Warning: Result of running OpenDSS Command "? Storage.battery47.%stored" is: 62.5
└ @ OpenDSSDirect.Text C:\Users\aryan\.julia\packages\OpenDSSDirect\vXmoP\src\text.jl:29
┌ Warning: Result of running OpenDSS Command "? Storage.battery47.%reserve" is: 30
└ @ OpenDSSDirect.Text C:\Users\aryan\.julia\packages\OpenDSSDirect\vXmoP\src\text.jl:29
┌ Warning: Result of running OpenDSS Command "? Storage.battery50.kWhrated" is: 98
└ @ OpenDSSDirect.Text C:\Users\aryan\.julia\packages\OpenDSSDirect\vXmoP\src\text.jl:29
┌ Warning: Result of running OpenDSS Command "? Storage.battery50.kWrated" is: 24.5
└ @ OpenDSSDirect.Text C:\Users\aryan\.julia\packages\OpenDSSDirect\vXmoP\src\text.jl:29
┌ Warning: Result of running OpenDSS Command "? Storage.battery50.kva" is: 29.4
└ @ OpenDSSDirect.Text C:\Users\aryan\.julia\packages\OpenDSSDirect\vXmoP\src\text.jl:29
┌ Warning: Result of running OpenDSS Command "? Storage.battery50.%stored" is: 62.5
└ @ OpenDSSDirect.Text C:\Users\aryan\.julia\packages\OpenDSSDirect\vXmoP\src\text.jl:29
┌ Warning: Result of running OpenDSS Command "? Storage.battery50.%reserve" is: 30
└ @ OpenDSSDirect.Text C:\Users\aryan\.julia\packages\OpenDSSDirect\vXmoP\src\text.jl:29
┌ Warning: Result of running OpenDSS Command "? Storage.battery53.kWhrated" is: 9.3338
└ @ OpenDSSDirect.Text C:\Users\aryan\.julia\packages\OpenDSSDirect\vXmoP\src\text.jl:29
┌ Warning: Result of running OpenDSS Command "? Storage.battery53.kWrated" is: 2.3335
└ @ OpenDSSDirect.Text C:\Users\aryan\.julia\packages\OpenDSSDirect\vXmoP\src\text.jl:29
┌ Warning: Result of running OpenDSS Command "? Storage.battery53.kva" is: 2.8001
└ @ OpenDSSDirect.Text C:\Users\aryan\.julia\packages\OpenDSSDirect\vXmoP\src\text.jl:29
┌ Warning: Result of running OpenDSS Command "? Storage.battery53.%stored" is: 62.5
└ @ OpenDSSDirect.Text C:\Users\aryan\.julia\packages\OpenDSSDirect\vXmoP\src\text.jl:29
┌ Warning: Result of running OpenDSS Command "? Storage.battery53.%reserve" is: 30
└ @ OpenDSSDirect.Text C:\Users\aryan\.julia\packages\OpenDSSDirect\vXmoP\src\text.jl:29
┌ Warning: Result of running OpenDSS Command "? Storage.battery58.kWhrated" is: 9.3338
└ @ OpenDSSDirect.Text C:\Users\aryan\.julia\packages\OpenDSSDirect\vXmoP\src\text.jl:29
┌ Warning: Result of running OpenDSS Command "? Storage.battery58.kWrated" is: 2.3335
└ @ OpenDSSDirect.Text C:\Users\aryan\.julia\packages\OpenDSSDirect\vXmoP\src\text.jl:29
┌ Warning: Result of running OpenDSS Command "? Storage.battery58.kva" is: 2.8001
└ @ OpenDSSDirect.Text C:\Users\aryan\.julia\packages\OpenDSSDirect\vXmoP\src\text.jl:29
┌ Warning: Result of running OpenDSS Command "? Storage.battery58.%stored" is: 62.5
└ @ OpenDSSDirect.Text C:\Users\aryan\.julia\packages\OpenDSSDirect\vXmoP\src\text.jl:29
┌ Warning: Result of running OpenDSS Command "? Storage.battery58.%reserve" is: 30
└ @ OpenDSSDirect.Text C:\Users\aryan\.julia\packages\OpenDSSDirect\vXmoP\src\text.jl:29
┌ Warning: Result of running OpenDSS Command "? Storage.battery62.kWhrated" is: 9.3338
└ @ OpenDSSDirect.Text C:\Users\aryan\.julia\packages\OpenDSSDirect\vXmoP\src\text.jl:29
┌ Warning: Result of running OpenDSS Command "? Storage.battery62.kWrated" is: 2.3335
└ @ OpenDSSDirect.Text C:\Users\aryan\.julia\packages\OpenDSSDirect\vXmoP\src\text.jl:29
┌ Warning: Result of running OpenDSS Command "? Storage.battery62.kva" is: 2.8001
└ @ OpenDSSDirect.Text C:\Users\aryan\.julia\packages\OpenDSSDirect\vXmoP\src\text.jl:29
┌ Warning: Result of running OpenDSS Command "? Storage.battery62.%stored" is: 62.5
└ @ OpenDSSDirect.Text C:\Users\aryan\.julia\packages\OpenDSSDirect\vXmoP\src\text.jl:29
┌ Warning: Result of running OpenDSS Command "? Storage.battery62.%reserve" is: 30
└ @ OpenDSSDirect.Text C:\Users\aryan\.julia\packages\OpenDSSDirect\vXmoP\src\text.jl:29
┌ Warning: Result of running OpenDSS Command "? Storage.battery67.kWhrated" is: 65.338
└ @ OpenDSSDirect.Text C:\Users\aryan\.julia\packages\OpenDSSDirect\vXmoP\src\text.jl:29
┌ Warning: Result of running OpenDSS Command "? Storage.battery67.kWrated" is: 16.3345
└ @ OpenDSSDirect.Text C:\Users\aryan\.julia\packages\OpenDSSDirect\vXmoP\src\text.jl:29
┌ Warning: Result of running OpenDSS Command "? Storage.battery67.kva" is: 19.6014
└ @ OpenDSSDirect.Text C:\Users\aryan\.julia\packages\OpenDSSDirect\vXmoP\src\text.jl:29
┌ Warning: Result of running OpenDSS Command "? Storage.battery67.%stored" is: 62.5
└ @ OpenDSSDirect.Text C:\Users\aryan\.julia\packages\OpenDSSDirect\vXmoP\src\text.jl:29
┌ Warning: Result of running OpenDSS Command "? Storage.battery67.%reserve" is: 30
└ @ OpenDSSDirect.Text C:\Users\aryan\.julia\packages\OpenDSSDirect\vXmoP\src\text.jl:29
┌ Warning: Result of running OpenDSS Command "? Storage.battery71.kWhrated" is: 18.662
└ @ OpenDSSDirect.Text C:\Users\aryan\.julia\packages\OpenDSSDirect\vXmoP\src\text.jl:29
┌ Warning: Result of running OpenDSS Command "? Storage.battery71.kWrated" is: 4.6655
└ @ OpenDSSDirect.Text C:\Users\aryan\.julia\packages\OpenDSSDirect\vXmoP\src\text.jl:29
┌ Warning: Result of running OpenDSS Command "? Storage.battery71.kva" is: 5.5986
└ @ OpenDSSDirect.Text C:\Users\aryan\.julia\packages\OpenDSSDirect\vXmoP\src\text.jl:29
┌ Warning: Result of running OpenDSS Command "? Storage.battery71.%stored" is: 62.5
└ @ OpenDSSDirect.Text C:\Users\aryan\.julia\packages\OpenDSSDirect\vXmoP\src\text.jl:29
┌ Warning: Result of running OpenDSS Command "? Storage.battery71.%reserve" is: 30
└ @ OpenDSSDirect.Text C:\Users\aryan\.julia\packages\OpenDSSDirect\vXmoP\src\text.jl:29
┌ Warning: Result of running OpenDSS Command "? Storage.battery75.kWhrated" is: 18.662
└ @ OpenDSSDirect.Text C:\Users\aryan\.julia\packages\OpenDSSDirect\vXmoP\src\text.jl:29
┌ Warning: Result of running OpenDSS Command "? Storage.battery75.kWrated" is: 4.6655
└ @ OpenDSSDirect.Text C:\Users\aryan\.julia\packages\OpenDSSDirect\vXmoP\src\text.jl:29
┌ Warning: Result of running OpenDSS Command "? Storage.battery75.kva" is: 5.5986
└ @ OpenDSSDirect.Text C:\Users\aryan\.julia\packages\OpenDSSDirect\vXmoP\src\text.jl:29
┌ Warning: Result of running OpenDSS Command "? Storage.battery75.%stored" is: 62.5
└ @ OpenDSSDirect.Text C:\Users\aryan\.julia\packages\OpenDSSDirect\vXmoP\src\text.jl:29
┌ Warning: Result of running OpenDSS Command "? Storage.battery75.%reserve" is: 30
└ @ OpenDSSDirect.Text C:\Users\aryan\.julia\packages\OpenDSSDirect\vXmoP\src\text.jl:29
┌ Warning: Result of running OpenDSS Command "? Storage.battery79.kWhrated" is: 18.662
└ @ OpenDSSDirect.Text C:\Users\aryan\.julia\packages\OpenDSSDirect\vXmoP\src\text.jl:29
┌ Warning: Result of running OpenDSS Command "? Storage.battery79.kWrated" is: 4.6655
└ @ OpenDSSDirect.Text C:\Users\aryan\.julia\packages\OpenDSSDirect\vXmoP\src\text.jl:29
┌ Warning: Result of running OpenDSS Command "? Storage.battery79.kva" is: 5.5986
└ @ OpenDSSDirect.Text C:\Users\aryan\.julia\packages\OpenDSSDirect\vXmoP\src\text.jl:29
┌ Warning: Result of running OpenDSS Command "? Storage.battery79.%stored" is: 62.5
└ @ OpenDSSDirect.Text C:\Users\aryan\.julia\packages\OpenDSSDirect\vXmoP\src\text.jl:29
┌ Warning: Result of running OpenDSS Command "? Storage.battery79.%reserve" is: 30
└ @ OpenDSSDirect.Text C:\Users\aryan\.julia\packages\OpenDSSDirect\vXmoP\src\text.jl:29
┌ Warning: Result of running OpenDSS Command "? Storage.battery84.kWhrated" is: 18.662
└ @ OpenDSSDirect.Text C:\Users\aryan\.julia\packages\OpenDSSDirect\vXmoP\src\text.jl:29
┌ Warning: Result of running OpenDSS Command "? Storage.battery84.kWrated" is: 4.6655
└ @ OpenDSSDirect.Text C:\Users\aryan\.julia\packages\OpenDSSDirect\vXmoP\src\text.jl:29
┌ Warning: Result of running OpenDSS Command "? Storage.battery84.kva" is: 5.5986
└ @ OpenDSSDirect.Text C:\Users\aryan\.julia\packages\OpenDSSDirect\vXmoP\src\text.jl:29
┌ Warning: Result of running OpenDSS Command "? Storage.battery84.%stored" is: 62.5
└ @ OpenDSSDirect.Text C:\Users\aryan\.julia\packages\OpenDSSDirect\vXmoP\src\text.jl:29
┌ Warning: Result of running OpenDSS Command "? Storage.battery84.%reserve" is: 30
└ @ OpenDSSDirect.Text C:\Users\aryan\.julia\packages\OpenDSSDirect\vXmoP\src\text.jl:29
┌ Warning: Result of running OpenDSS Command "? Storage.battery87.kWhrated" is: 18.662
└ @ OpenDSSDirect.Text C:\Users\aryan\.julia\packages\OpenDSSDirect\vXmoP\src\text.jl:29
┌ Warning: Result of running OpenDSS Command "? Storage.battery87.kWrated" is: 4.6655
└ @ OpenDSSDirect.Text C:\Users\aryan\.julia\packages\OpenDSSDirect\vXmoP\src\text.jl:29
┌ Warning: Result of running OpenDSS Command "? Storage.battery87.kva" is: 5.5986
└ @ OpenDSSDirect.Text C:\Users\aryan\.julia\packages\OpenDSSDirect\vXmoP\src\text.jl:29
┌ Warning: Result of running OpenDSS Command "? Storage.battery87.%stored" is: 62.5
└ @ OpenDSSDirect.Text C:\Users\aryan\.julia\packages\OpenDSSDirect\vXmoP\src\text.jl:29
┌ Warning: Result of running OpenDSS Command "? Storage.battery87.%reserve" is: 30
└ @ OpenDSSDirect.Text C:\Users\aryan\.julia\packages\OpenDSSDirect\vXmoP\src\text.jl:29
┌ Warning: Result of running OpenDSS Command "? Storage.battery92.kWhrated" is: 18.662
└ @ OpenDSSDirect.Text C:\Users\aryan\.julia\packages\OpenDSSDirect\vXmoP\src\text.jl:29
┌ Warning: Result of running OpenDSS Command "? Storage.battery92.kWrated" is: 4.6655
└ @ OpenDSSDirect.Text C:\Users\aryan\.julia\packages\OpenDSSDirect\vXmoP\src\text.jl:29
┌ Warning: Result of running OpenDSS Command "? Storage.battery92.kva" is: 5.5986
└ @ OpenDSSDirect.Text C:\Users\aryan\.julia\packages\OpenDSSDirect\vXmoP\src\text.jl:29
┌ Warning: Result of running OpenDSS Command "? Storage.battery92.%stored" is: 62.5
└ @ OpenDSSDirect.Text C:\Users\aryan\.julia\packages\OpenDSSDirect\vXmoP\src\text.jl:29
┌ Warning: Result of running OpenDSS Command "? Storage.battery92.%reserve" is: 30
└ @ OpenDSSDirect.Text C:\Users\aryan\.julia\packages\OpenDSSDirect\vXmoP\src\text.jl:29
┌ Warning: Result of running OpenDSS Command "? Storage.battery97.kWhrated" is: 9.3338
└ @ OpenDSSDirect.Text C:\Users\aryan\.julia\packages\OpenDSSDirect\vXmoP\src\text.jl:29
┌ Warning: Result of running OpenDSS Command "? Storage.battery97.kWrated" is: 2.3335
└ @ OpenDSSDirect.Text C:\Users\aryan\.julia\packages\OpenDSSDirect\vXmoP\src\text.jl:29
┌ Warning: Result of running OpenDSS Command "? Storage.battery97.kva" is: 2.8001
└ @ OpenDSSDirect.Text C:\Users\aryan\.julia\packages\OpenDSSDirect\vXmoP\src\text.jl:29
┌ Warning: Result of running OpenDSS Command "? Storage.battery97.%stored" is: 62.5
└ @ OpenDSSDirect.Text C:\Users\aryan\.julia\packages\OpenDSSDirect\vXmoP\src\text.jl:29
┌ Warning: Result of running OpenDSS Command "? Storage.battery97.%reserve" is: 30
└ @ OpenDSSDirect.Text C:\Users\aryan\.julia\packages\OpenDSSDirect\vXmoP\src\text.jl:29
┌ Warning: Result of running OpenDSS Command "? Storage.battery101.kWhrated" is: 18.662
└ @ OpenDSSDirect.Text C:\Users\aryan\.julia\packages\OpenDSSDirect\vXmoP\src\text.jl:29
┌ Warning: Result of running OpenDSS Command "? Storage.battery101.kWrated" is: 4.6655
└ @ OpenDSSDirect.Text C:\Users\aryan\.julia\packages\OpenDSSDirect\vXmoP\src\text.jl:29
┌ Warning: Result of running OpenDSS Command "? Storage.battery101.kva" is: 5.5986
└ @ OpenDSSDirect.Text C:\Users\aryan\.julia\packages\OpenDSSDirect\vXmoP\src\text.jl:29
┌ Warning: Result of running OpenDSS Command "? Storage.battery101.%stored" is: 62.5
└ @ OpenDSSDirect.Text C:\Users\aryan\.julia\packages\OpenDSSDirect\vXmoP\src\text.jl:29
┌ Warning: Result of running OpenDSS Command "? Storage.battery101.%reserve" is: 30
└ @ OpenDSSDirect.Text C:\Users\aryan\.julia\packages\OpenDSSDirect\vXmoP\src\text.jl:29
┌ Warning: Result of running OpenDSS Command "? Storage.battery106.kWhrated" is: 18.662
└ @ OpenDSSDirect.Text C:\Users\aryan\.julia\packages\OpenDSSDirect\vXmoP\src\text.jl:29
┌ Warning: Result of running OpenDSS Command "? Storage.battery106.kWrated" is: 4.6655
└ @ OpenDSSDirect.Text C:\Users\aryan\.julia\packages\OpenDSSDirect\vXmoP\src\text.jl:29
┌ Warning: Result of running OpenDSS Command "? Storage.battery106.kva" is: 5.5986
└ @ OpenDSSDirect.Text C:\Users\aryan\.julia\packages\OpenDSSDirect\vXmoP\src\text.jl:29
┌ Warning: Result of running OpenDSS Command "? Storage.battery106.%stored" is: 62.5
└ @ OpenDSSDirect.Text C:\Users\aryan\.julia\packages\OpenDSSDirect\vXmoP\src\text.jl:29
┌ Warning: Result of running OpenDSS Command "? Storage.battery106.%reserve" is: 30
└ @ OpenDSSDirect.Text C:\Users\aryan\.julia\packages\OpenDSSDirect\vXmoP\src\text.jl:29
┌ Warning: Result of running OpenDSS Command "? Storage.battery111.kWhrated" is: 18.662
└ @ OpenDSSDirect.Text C:\Users\aryan\.julia\packages\OpenDSSDirect\vXmoP\src\text.jl:29
┌ Warning: Result of running OpenDSS Command "? Storage.battery111.kWrated" is: 4.6655
└ @ OpenDSSDirect.Text C:\Users\aryan\.julia\packages\OpenDSSDirect\vXmoP\src\text.jl:29
┌ Warning: Result of running OpenDSS Command "? Storage.battery111.kva" is: 5.5986
└ @ OpenDSSDirect.Text C:\Users\aryan\.julia\packages\OpenDSSDirect\vXmoP\src\text.jl:29
┌ Warning: Result of running OpenDSS Command "? Storage.battery111.%stored" is: 62.5
└ @ OpenDSSDirect.Text C:\Users\aryan\.julia\packages\OpenDSSDirect\vXmoP\src\text.jl:29
┌ Warning: Result of running OpenDSS Command "? Storage.battery111.%reserve" is: 30
└ @ OpenDSSDirect.Text C:\Users\aryan\.julia\packages\OpenDSSDirect\vXmoP\src\text.jl:29
┌ Warning: Result of running OpenDSS Command "? Storage.battery116.kWhrated" is: 9.3338
└ @ OpenDSSDirect.Text C:\Users\aryan\.julia\packages\OpenDSSDirect\vXmoP\src\text.jl:29
┌ Warning: Result of running OpenDSS Command "? Storage.battery116.kWrated" is: 2.3335
└ @ OpenDSSDirect.Text C:\Users\aryan\.julia\packages\OpenDSSDirect\vXmoP\src\text.jl:29
┌ Warning: Result of running OpenDSS Command "? Storage.battery116.kva" is: 2.8001
└ @ OpenDSSDirect.Text C:\Users\aryan\.julia\packages\OpenDSSDirect\vXmoP\src\text.jl:29
┌ Warning: Result of running OpenDSS Command "? Storage.battery116.%stored" is: 62.5
└ @ OpenDSSDirect.Text C:\Users\aryan\.julia\packages\OpenDSSDirect\vXmoP\src\text.jl:29
┌ Warning: Result of running OpenDSS Command "? Storage.battery116.%reserve" is: 30
└ @ OpenDSSDirect.Text C:\Users\aryan\.julia\packages\OpenDSSDirect\vXmoP\src\text.jl:29

========================================
Initial Powerflow
========================================
Powerflow completed successfully!

[OpenDSS] Total system load: 872.27 kW
[OpenDSS] Substation power: 884.83 kW
[OpenDSS] Total PV dispatch: 0.00 kW
[OpenDSS] Total battery dispatch: 0.00 kW
[OpenDSS] Total system losses: 12.56 kW


================================================================================
[35;1mSOLVING MPOPF WITH SOCP (BRUTE-FORCED)[0m
================================================================================
Set parameter NonConvex to value 2
Model summary saved to: C:\Users\aryan\Documents\documents_general\MultiPeriodDistOPF\envs\tadmm\processedData\ieee123A_1ph_T96\model_summary_socp_bf.txt

================================================================================
STARTING OPTIMIZATION
================================================================================
Set parameter NonConvex to value 2
Set parameter DualReductions to value 0

================================================================================
[36;1mCOMPUTING AND VERIFYING NODAL INJECTIONS[0m
================================================================================

Verifying nodal injection calculations...
[32;1m✓ All nodal injections verified! Both methods match.
[0m  Max real power difference: 5.814377e-13 pu
  Max reactive power difference: 1.034679e-12 pu
[36;1m
Nodal injections added to solution dictionary.
[0m================================================================================

================================================================================
[36;1mVALIDATING BRANCH FLOW MODEL EQUATIONS[0m
================================================================================

================================================================================
SOLUTION VALIDATION: Brute Force SOCP
================================================================================
✓ All constraints satisfied!
================================================================================

--- SOLUTION STATUS ---
Status: [32;1mOPTIMAL
✓ Optimization successful!
[0m
--- OBJECTIVE VALUE ---
Total Cost: $3432.40

--- COMPUTATION TIME ---
Solver time: 1.00 seconds

--- POWER SUMMARY ---
Substation Power (kW): min=800.5, max=1120.6, avg=1014.4

--- VOLTAGE SUMMARY ---
Voltage (pu): min=0.9930, max=1.0500

================================================================================
[36;1mVOLTAGE DROP CONSTRAINT VERIFICATION (across all time periods)[0m
================================================================================
[32;1m✓ All voltage drop constraints satisfied (max violation: 5.122569035620472e-13)
[0m
================================================================================
[36;1mSOC RELAXATION VERIFICATION (across all time periods)[0m
================================================================================
[32;1m✓ All SOC relaxation constraints satisfied (max violation: 0.0)
[0m================================================================================

================================================================================
[35;1mMPOPF SOCP BRUTE-FORCED SOLUTION COMPLETE[0m
================================================================================
[32;1m✓ Results written to C:\Users\aryan\Documents\documents_general\MultiPeriodDistOPF\envs\tadmm\processedData\ieee123A_1ph_T96\results_socp_bf.txt[0m

================================================================================
[35;1mSOLVING MPOPF WITH SOCP (tADMM)[0m
================================================================================
[36;1mρ scaled with T: 10000.0 × (96/24)^2 = 40000.0[0m

================================================================================
[36;1m🎯 tADMM[SOCP]: T=96, ρ_init=40000.0, adaptive=true, |Bset|=26, |Nset|=128, |Lset|=127
[0m================================================================================
k=  1  obj=$3051.42  ‖r‖=8.30e-04  ‖s‖=4.05e+00  ρ=40000.0
[33;1m  [k=  5] Phase 1 nudge: ρ 40000.0 → 80000.0
[0mk=  5  obj=$3226.01  ‖r‖=3.98e-04  ‖s‖=4.88e+00  ρ=80000.0
error in running finalizer: InterruptException()
#9 at C:\Users\aryan\.julia\packages\Gurobi\kyCGc\src\MOI_wrapper\MOI_wrapper.jl:392
jfptr_YY.9_3434 at C:\Users\aryan\.julia\compiled\v1.10\Gurobi\do9v6_fcN5b.dll (unknown line)
run_finalizer at C:/workdir/src\gc.c:318
jl_gc_run_finalizers_in_list at C:/workdir/src\gc.c:408
run_finalizers at C:/workdir/src\gc.c:454
run_finalizers at C:/workdir/src\gc.c:435 [inlined]
ijl_gc_collect at C:/workdir/src\gc.c:3545
maybe_collect at C:/workdir/src\gc.c:937 [inlined]
jl_gc_pool_alloc_inner at C:/workdir/src\gc.c:1293 [inlined]
ijl_gc_pool_alloc at C:/workdir/src\gc.c:1341
GenericAffExpr at C:\Users\aryan\.julia\packages\JuMP\vfM5V\src\aff_expr.jl:140 [inlined]
_build_aff_expr at C:\Users\aryan\.julia\packages\JuMP\vfM5V\src\aff_expr.jl:84
* at C:\Users\aryan\.julia\packages\JuMP\vfM5V\src\operators.jl:58 [inlined]
build_constraint at C:\Users\aryan\.julia\packages\JuMP\vfM5V\src\macros\@constraint.jl:1145
unknown function (ip: 000002a85e013590)
macro expansion at C:\Users\aryan\.julia\packages\JuMP\vfM5V\src\macros\@constraint.jl:172 [inlined]
macro expansion at C:\Users\aryan\.julia\packages\JuMP\vfM5V\src\macros.jl:402 [inlined]
#primal_update_tadmm_socp!#23 at C:\Users\aryan\Documents\documents_general\MultiPeriodDistOPF\tadmm_socp.jl:897
primal_update_tadmm_socp! at C:\Users\aryan\Documents\documents_general\MultiPeriodDistOPF\tadmm_socp.jl:747 [inlined]
macro expansion at C:\Users\aryan\Documents\documents_general\MultiPeriodDistOPF\tadmm_socp.jl:1235 [inlined]
#838#threadsfor_fun#57 at .\threadingconstructs.jl:215
#838#threadsfor_fun at .\threadingconstructs.jl:182 [inlined]
#1 at .\threadingconstructs.jl:154
unknown function (ip: 000002a85e090f5b)
jl_apply at C:/workdir/src\julia.h:1982 [inlined]
start_task at C:/workdir/src\task.c:1256
[33;1m  [k= 10] Phase 1 nudge: ρ 80000.0 → 160000.0
[0mk= 10  obj=$3442.70  ‖r‖=1.01e-04  ‖s‖=5.81e+00  ρ=160000.0
[32;1m  [k= 15] Phase 1→2: primal converged
[0m[36;1m  [k= 15] ρ 160000.0 → 80000.0 (s/r=4627344.8)
[0mk= 15  obj=$3475.72  ‖r‖=1.10e-06  ‖s‖=5.07e+00  ρ=80000.0
[36;1m  [k= 20] ρ 80000.0 → 40000.0 (s/r=3113304.0)
[0mk= 20  obj=$3473.04  ‖r‖=1.51e-06  ‖s‖=4.71e+00  ρ=40000.0
[36;1m  [k= 25] ρ 40000.0 → 20000.0 (s/r=609391.6)
[0mk= 25  obj=$3469.07  ‖r‖=6.16e-06  ‖s‖=3.76e+00  ρ=20000.0
[36;1m  [k= 30] ρ 20000.0 → 10000.0 (s/r=128259.8)
[0mk= 30  obj=$3463.55  ‖r‖=1.94e-05  ‖s‖=2.49e+00  ρ=10000.0
[36;1m  [k= 35] ρ 10000.0 → 5000.0 (s/r=66145.8)
[0mk= 35  obj=$3457.22  ‖r‖=3.06e-05  ‖s‖=2.03e+00  ρ=5000.0
[36;1m  [k= 40] ρ 5000.0 → 2500.0 (s/r=43921.3)
[0mk= 40  obj=$3450.26  ‖r‖=3.95e-05  ‖s‖=1.74e+00  ρ=2500.0
[36;1m  [k= 45] ρ 2500.0 → 1250.0 (s/r=32497.9)
[0mk= 45  obj=$3441.06  ‖r‖=4.16e-05  ‖s‖=1.35e+00  ρ=1250.0
[36;1m  [k= 50] ρ 1250.0 → 625.0 (s/r=14759.7)
[0mk= 50  obj=$3439.72  ‖r‖=4.46e-05  ‖s‖=6.58e-01  ρ=625.0
[36;1m  [k= 55] ρ 625.0 → 312.5 (s/r=9771.3)
[0mk= 55  obj=$3444.61  ‖r‖=4.72e-05  ‖s‖=4.61e-01  ρ=312.5
[36;1m  [k= 60] ρ 312.5 → 156.2 (s/r=3370.4)
[0mk= 60  obj=$3443.53  ‖r‖=6.24e-05  ‖s‖=2.10e-01  ρ=156.2
[36;1m  [k= 65] ρ 156.2 → 78.1 (s/r=1061.9)
[0mk= 65  obj=$3441.68  ‖r‖=6.00e-05  ‖s‖=6.37e-02  ρ=78.1
[36;1m  [k= 70] ρ 78.1 → 39.1 (s/r=201.1)
[0mk= 70  obj=$3442.86  ‖r‖=5.62e-05  ‖s‖=1.13e-02  ρ=39.1
[36;1m  [k= 75] ρ 39.1 → 19.5 (s/r=131.8)
[0mk= 75  obj=$3441.83  ‖r‖=4.34e-05  ‖s‖=5.72e-03  ρ=19.5
[36;1m  [k= 80] ρ 19.5 → 9.8 (s/r=31.6)
[0mk= 80  obj=$3438.57  ‖r‖=5.47e-05  ‖s‖=1.73e-03  ρ=9.8
[36;1m  [k= 85] ρ 9.8 → 4.9 (s/r=16.7)
[0mk= 85  obj=$3438.39  ‖r‖=4.44e-05  ‖s‖=7.42e-04  ρ=4.9
[36;1m  [k= 90] ρ 4.9 → 2.4 (s/r=8.6)
[0mk= 90  obj=$3438.65  ‖r‖=4.66e-05  ‖s‖=4.00e-04  ρ=2.4
k= 95  obj=$3438.58  ‖r‖=5.27e-05  ‖s‖=2.54e-04  ρ=2.4
[36;1m  [k=100] ρ 2.4 → 1.2 (s/r=6.6)
[0mk=100  obj=$3439.84  ‖r‖=3.09e-05  ‖s‖=2.03e-04  ρ=1.2
k=105  obj=$3439.37  ‖r‖=4.14e-05  ‖s‖=1.13e-04  ρ=1.2
k=110  obj=$3439.11  ‖r‖=4.81e-05  ‖s‖=1.03e-04  ρ=1.2
k=115  obj=$3438.66  ‖r‖=3.30e-05  ‖s‖=6.16e-05  ρ=1.2
k=120  obj=$3438.06  ‖r‖=4.71e-05  ‖s‖=8.25e-05  ρ=1.2
[33;1m  [k=125] RNORM WATCHDOG: ρ 1.2 → 2.4 (‖r‖=3.50e-05 > 1.0e-05 for 20 iters)
[0mk=125  obj=$3438.43  ‖r‖=3.50e-05  ‖s‖=4.23e-05  ρ=2.4
k=130  obj=$3438.36  ‖r‖=3.55e-05  ‖s‖=1.25e-04  ρ=2.4
k=135  obj=$3438.71  ‖r‖=2.89e-05  ‖s‖=1.01e-04  ρ=2.4
k=140  obj=$3438.59  ‖r‖=3.16e-05  ‖s‖=1.07e-04  ρ=2.4
k=145  obj=$3438.33  ‖r‖=2.81e-05  ‖s‖=8.21e-05  ρ=2.4
k=150  obj=$3438.10  ‖r‖=3.20e-05  ‖s‖=9.57e-05  ρ=2.4
k=155  obj=$3438.18  ‖r‖=3.28e-05  ‖s‖=9.63e-05  ρ=2.4
k=160  obj=$3438.31  ‖r‖=2.70e-05  ‖s‖=7.75e-05  ρ=2.4
k=165  obj=$3438.46  ‖r‖=2.52e-05  ‖s‖=6.79e-05  ρ=2.4
k=170  obj=$3438.30  ‖r‖=3.03e-05  ‖s‖=7.11e-05  ρ=2.4
k=175  obj=$3437.87  ‖r‖=2.73e-05  ‖s‖=7.78e-05  ρ=2.4
k=180  obj=$3437.91  ‖r‖=2.72e-05  ‖s‖=5.84e-05  ρ=2.4
k=185  obj=$3437.88  ‖r‖=3.38e-05  ‖s‖=7.87e-05  ρ=2.4
k=190  obj=$3437.86  ‖r‖=2.36e-05  ‖s‖=6.18e-05  ρ=2.4
k=195  obj=$3437.84  ‖r‖=3.02e-05  ‖s‖=7.04e-05  ρ=2.4
k=200  obj=$3437.81  ‖r‖=2.96e-05  ‖s‖=7.57e-05  ρ=2.4
k=205  obj=$3437.78  ‖r‖=2.87e-05  ‖s‖=8.09e-05  ρ=2.4
k=210  obj=$3437.75  ‖r‖=2.86e-05  ‖s‖=7.50e-05  ρ=2.4
k=215  obj=$3437.77  ‖r‖=2.62e-05  ‖s‖=7.49e-05  ρ=2.4
k=220  obj=$3437.78  ‖r‖=2.71e-05  ‖s‖=6.36e-05  ρ=2.4
[33;1m  [k=225] RNORM WATCHDOG: ρ 2.4 → 4.9 (‖r‖=3.34e-05 > 1.0e-05 for 20 iters)
[0mk=225  obj=$3437.76  ‖r‖=3.34e-05  ‖s‖=9.06e-05  ρ=4.9
k=230  obj=$3437.77  ‖r‖=2.33e-05  ‖s‖=1.02e-04  ρ=4.9
k=235  obj=$3437.75  ‖r‖=2.59e-05  ‖s‖=1.12e-04  ρ=4.9
k=240  obj=$3437.73  ‖r‖=2.63e-05  ‖s‖=8.17e-05  ρ=4.9
k=245  obj=$3437.76  ‖r‖=2.36e-05  ‖s‖=7.84e-05  ρ=4.9
k=250  obj=$3437.75  ‖r‖=2.36e-05  ‖s‖=8.75e-05  ρ=4.9
k=255  obj=$3437.74  ‖r‖=2.45e-05  ‖s‖=6.05e-05  ρ=4.9
k=260  obj=$3437.80  ‖r‖=2.35e-05  ‖s‖=3.82e-05  ρ=4.9
k=265  obj=$3437.78  ‖r‖=2.31e-05  ‖s‖=5.31e-05  ρ=4.9
k=270  obj=$3437.71  ‖r‖=2.23e-05  ‖s‖=4.53e-05  ρ=4.9
k=275  obj=$3437.71  ‖r‖=2.30e-05  ‖s‖=4.18e-05  ρ=4.9
k=280  obj=$3437.71  ‖r‖=2.38e-05  ‖s‖=6.22e-05  ρ=4.9
k=285  obj=$3437.71  ‖r‖=2.39e-05  ‖s‖=6.39e-05  ρ=4.9
k=290  obj=$3437.71  ‖r‖=2.31e-05  ‖s‖=7.51e-05  ρ=4.9
k=295  obj=$3437.75  ‖r‖=2.37e-05  ‖s‖=7.89e-05  ρ=4.9
k=300  obj=$3437.76  ‖r‖=2.48e-05  ‖s‖=7.34e-05  ρ=4.9
k=305  obj=$3437.76  ‖r‖=2.42e-05  ‖s‖=9.73e-05  ρ=4.9
k=310  obj=$3437.78  ‖r‖=2.53e-05  ‖s‖=1.22e-04  ρ=4.9
k=315  obj=$3437.78  ‖r‖=2.60e-05  ‖s‖=8.93e-05  ρ=4.9
k=320  obj=$3437.79  ‖r‖=2.59e-05  ‖s‖=1.29e-04  ρ=4.9
[33;1m  [k=325] RNORM WATCHDOG: ρ 4.9 → 9.8 (‖r‖=2.44e-05 > 1.0e-05 for 20 iters)
[0mk=325  obj=$3437.78  ‖r‖=2.44e-05  ‖s‖=6.84e-05  ρ=9.8
[36;1m  [k=330] ρ 9.8 → 4.9 (s/r=6.8)
[0mk=330  obj=$3437.77  ‖r‖=2.25e-05  ‖s‖=1.52e-04  ρ=4.9
k=335  obj=$3437.76  ‖r‖=2.71e-05  ‖s‖=1.33e-04  ρ=4.9
k=340  obj=$3437.75  ‖r‖=2.36e-05  ‖s‖=9.73e-05  ρ=4.9
[36;1m  [k=345] ρ 4.9 → 2.4 (s/r=5.3)
[0mk=345  obj=$3437.74  ‖r‖=2.44e-05  ‖s‖=1.30e-04  ρ=2.4
k=350  obj=$3437.79  ‖r‖=3.23e-05  ‖s‖=8.27e-05  ρ=2.4
k=355  obj=$3437.78  ‖r‖=3.06e-05  ‖s‖=1.20e-04  ρ=2.4
k=360  obj=$3437.79  ‖r‖=2.81e-05  ‖s‖=8.21e-05  ρ=2.4
k=365  obj=$3437.74  ‖r‖=3.73e-05  ‖s‖=1.17e-04  ρ=2.4
k=370  obj=$3437.79  ‖r‖=3.29e-05  ‖s‖=1.14e-04  ρ=2.4
k=375  obj=$3437.79  ‖r‖=3.64e-05  ‖s‖=8.94e-05  ρ=2.4
k=380  obj=$3437.84  ‖r‖=3.79e-05  ‖s‖=9.67e-05  ρ=2.4
k=385  obj=$3437.79  ‖r‖=3.75e-05  ‖s‖=1.30e-04  ρ=2.4
k=390  obj=$3437.78  ‖r‖=2.64e-05  ‖s‖=6.98e-05  ρ=2.4
k=395  obj=$3437.78  ‖r‖=2.62e-05  ‖s‖=1.00e-04  ρ=2.4
k=400  obj=$3437.77  ‖r‖=3.74e-05  ‖s‖=1.39e-04  ρ=2.4
k=405  obj=$3437.77  ‖r‖=2.85e-05  ‖s‖=7.85e-05  ρ=2.4
k=410  obj=$3437.77  ‖r‖=3.03e-05  ‖s‖=1.08e-04  ρ=2.4
k=415  obj=$3437.77  ‖r‖=2.83e-05  ‖s‖=6.33e-05  ρ=2.4
k=420  obj=$3437.79  ‖r‖=2.58e-05  ‖s‖=7.92e-05  ρ=2.4
[33;1m  [k=425] RNORM WATCHDOG: ρ 2.4 → 4.9 (‖r‖=2.85e-05 > 1.0e-05 for 20 iters)
[0mk=425  obj=$3437.79  ‖r‖=2.85e-05  ‖s‖=6.76e-05  ρ=4.9
k=430  obj=$3437.80  ‖r‖=2.98e-05  ‖s‖=1.29e-04  ρ=4.9
[36;1m  [k=435] ρ 4.9 → 2.4 (s/r=5.1)
[0mk=435  obj=$3437.79  ‖r‖=2.53e-05  ‖s‖=1.30e-04  ρ=2.4
k=440  obj=$3437.64  ‖r‖=3.00e-05  ‖s‖=1.43e-04  ρ=2.4
[36;1m  [k=445] ρ 2.4 → 1.2 (s/r=5.9)
[0mk=445  obj=$3437.54  ‖r‖=3.50e-05  ‖s‖=2.07e-04  ρ=1.2
k=450  obj=$3437.49  ‖r‖=4.81e-05  ‖s‖=8.91e-05  ρ=1.2
k=455  obj=$3437.54  ‖r‖=3.30e-05  ‖s‖=9.43e-05  ρ=1.2
k=460  obj=$3437.56  ‖r‖=3.17e-05  ‖s‖=5.58e-05  ρ=1.2
k=465  obj=$3437.54  ‖r‖=4.08e-05  ‖s‖=8.38e-05  ρ=1.2
k=470  obj=$3437.50  ‖r‖=3.77e-05  ‖s‖=7.59e-05  ρ=1.2
k=475  obj=$3437.50  ‖r‖=3.52e-05  ‖s‖=6.04e-05  ρ=1.2
k=480  obj=$3437.55  ‖r‖=2.77e-05  ‖s‖=4.13e-05  ρ=1.2
k=485  obj=$3437.56  ‖r‖=4.18e-05  ‖s‖=6.32e-05  ρ=1.2
k=490  obj=$3437.56  ‖r‖=4.06e-05  ‖s‖=6.94e-05  ρ=1.2
k=495  obj=$3437.58  ‖r‖=2.79e-05  ‖s‖=5.29e-05  ρ=1.2
k=500  obj=$3437.49  ‖r‖=4.18e-05  ‖s‖=6.96e-05  ρ=1.2
[33;1m⚠ tADMM did NOT converge after 500 iterations (‖r‖=4.18e-05 > 1.00e-05 or ‖s‖=6.96e-05 > 1.00e-04)
[0m
================================================================================
[36;1mVALIDATING tADMM SOLUTION[0m
================================================================================

================================================================================
SOLUTION VALIDATION: tADMM SOCP
================================================================================
✓ All constraints satisfied!
================================================================================

--- tADMM SOLUTION STATUS ---
[33;1m⚠ NOT CONVERGED
  Final ‖r‖=4.18e-05 (threshold: 1.00e-05) ✗
  Final ‖s‖=6.96e-05 (threshold: 1.00e-04) ✓
[0m[32;1mObjective: $3437.49
[0m
--- COMPUTATION TIME ---
Effective wall clock time: 111.84 seconds (500 iterations)
Sequential time (all subproblems): 4794.20 seconds

--- COMPARISON WITH BRUTE FORCE ---
Brute Force objective: $3432.4025
tADMM objective:       $3437.4892
Absolute difference:   $5.0866
Relative difference:   0.1482%

--- COMPUTATIONAL SPEEDUP ---
Brute Force solver time: 1.0010 seconds
tADMM effective time:    111.8440 seconds
Speedup vs Brute Force:  0.01x
[32;1m✓ tADMM results written to C:\Users\aryan\Documents\documents_general\MultiPeriodDistOPF\envs\tadmm\processedData\ieee123A_1ph_T96\results_socp_tadmm.txt[0m

================================================================================
[35;1mMPOPF SOCP tADMM SOLUTION COMPLETE[0m
================================================================================

================================================================================
[32;1m⏱  TOTAL SIMULATION TIME (BF + tADMM)[0m
================================================================================
Total time (parsing + BF + tADMM):    621.71 seconds

Brute Force Timing:
  - BF wall-clock time:               2.11 seconds (actual time on machine)
  - BF solver time:                   1.00 seconds (reported by Gurobi)

tADMM Timing:
  - tADMM wall-clock time:            603.05 seconds (actual time on machine)
  - tADMM effective time:             111.84 seconds (max subproblem time per iter)
  - tADMM sequential time:            4794.20 seconds (sum of all subproblems)

Overhead:
  - Total optimization wall-clock:    605.16 seconds
  - Parsing/setup/validation:         16.55 seconds

Speedup Metrics:
  - tADMM vs BF (wall-clock):         0.00x
  - Parallel efficiency:              18.5% (0.19x speedup)
================================================================================

================================================================================
[36;1mGENERATING PLOTS[0m
================================================================================
[33;1m⚠ tADMM did not converge - battery/PV/voltage plots will be skipped[0m
  (Convergence plots and substation plots will still be generated)
  Set plot_only_if_converged=false to generate all plots regardless

================================================================================
[36;1mPLOTTING tADMM CONVERGENCE[0m
================================================================================

tADMM Convergence Summary:
  Total iterations: 500
  Final objective:  $3437.489162 (BF: $3432.402534, Δ=5.09e+00)
  Final ‖r‖:        4.18e-05 (threshold: 1.0e-05) ✗
  Final ‖s‖:        6.96e-05 (threshold: 1.0e-04) ✓
  Converged:        ❌ NO
Saving tADMM convergence plot to: C:\Users\aryan\Documents\documents_general\MultiPeriodDistOPF\envs\tadmm\processedData\ieee123A_1ph_T96\convergence\tadmm_convergence_socp.png

tADMM Timing Summary:
  Total iterations: 500
  Max subproblem time: min=0.09s, median=0.15s, max=0.72s
  Median subproblem time: mean=0.09s
  Total sequential time: 4794.2s
  Total wall-clock time: 111.84s
  Parallel speedup: 42.87x
  Brute force time: 1.0s
  tADMM vs BF: 111.73x slower
Saving tADMM timing plot to: C:\Users\aryan\Documents\documents_general\MultiPeriodDistOPF\envs\tadmm\processedData\ieee123A_1ph_T96\convergence\tadmm_timing_socp.png
[32;1m✓ Convergence plots saved to C:\Users\aryan\Documents\documents_general\MultiPeriodDistOPF\envs\tadmm\processedData\ieee123A_1ph_T96\convergence[0m


