  Activating project at `C:\Users\aryan\Documents\documents_general\MultiPeriodDistOPF\envs\tadmm`

================================================================================
🚀 PARALLELIZATION STATUS
================================================================================
Hardware CPU cores:  16
Julia threads:       16
Status:              ✓ Using all available cores
================================================================================
Set parameter Username
Set parameter LicenseID to value 2612288
Academic license - for non-commercial use only - expires 2026-01-20

================================================================================
PARSING SYSTEM DATA
================================================================================
Loaded system: ieee123A_1ph from C:\Users\aryan\Documents\documents_general\MultiPeriodDistOPF\envs\tadmm\..\..\rawData\ieee123A_1ph\Master.dss
┌ Warning: Result of running OpenDSS Command "? Storage.battery3.kWhrated" is: 18.662
└ @ OpenDSSDirect.Text C:\Users\aryan\.julia\packages\OpenDSSDirect\vXmoP\src\text.jl:29
┌ Warning: Result of running OpenDSS Command "? Storage.battery3.kWrated" is: 4.6655
└ @ OpenDSSDirect.Text C:\Users\aryan\.julia\packages\OpenDSSDirect\vXmoP\src\text.jl:29
┌ Warning: Result of running OpenDSS Command "? Storage.battery3.kva" is: 5.5986
└ @ OpenDSSDirect.Text C:\Users\aryan\.julia\packages\OpenDSSDirect\vXmoP\src\text.jl:29
┌ Warning: Result of running OpenDSS Command "? Storage.battery3.%stored" is: 62.5
└ @ OpenDSSDirect.Text C:\Users\aryan\.julia\packages\OpenDSSDirect\vXmoP\src\text.jl:29
┌ Warning: Result of running OpenDSS Command "? Storage.battery3.%reserve" is: 30
└ @ OpenDSSDirect.Text C:\Users\aryan\.julia\packages\OpenDSSDirect\vXmoP\src\text.jl:29
┌ Warning: Result of running OpenDSS Command "? Storage.battery7.kWhrated" is: 9.3338
└ @ OpenDSSDirect.Text C:\Users\aryan\.julia\packages\OpenDSSDirect\vXmoP\src\text.jl:29
┌ Warning: Result of running OpenDSS Command "? Storage.battery7.kWrated" is: 2.3335
└ @ OpenDSSDirect.Text C:\Users\aryan\.julia\packages\OpenDSSDirect\vXmoP\src\text.jl:29
┌ Warning: Result of running OpenDSS Command "? Storage.battery7.kva" is: 2.8001
└ @ OpenDSSDirect.Text C:\Users\aryan\.julia\packages\OpenDSSDirect\vXmoP\src\text.jl:29
┌ Warning: Result of running OpenDSS Command "? Storage.battery7.%stored" is: 62.5
└ @ OpenDSSDirect.Text C:\Users\aryan\.julia\packages\OpenDSSDirect\vXmoP\src\text.jl:29
┌ Warning: Result of running OpenDSS Command "? Storage.battery7.%reserve" is: 30
└ @ OpenDSSDirect.Text C:\Users\aryan\.julia\packages\OpenDSSDirect\vXmoP\src\text.jl:29
┌ Warning: Result of running OpenDSS Command "? Storage.battery11.kWhrated" is: 18.662
└ @ OpenDSSDirect.Text C:\Users\aryan\.julia\packages\OpenDSSDirect\vXmoP\src\text.jl:29
┌ Warning: Result of running OpenDSS Command "? Storage.battery11.kWrated" is: 4.6655
└ @ OpenDSSDirect.Text C:\Users\aryan\.julia\packages\OpenDSSDirect\vXmoP\src\text.jl:29
┌ Warning: Result of running OpenDSS Command "? Storage.battery11.kva" is: 5.5986
└ @ OpenDSSDirect.Text C:\Users\aryan\.julia\packages\OpenDSSDirect\vXmoP\src\text.jl:29
┌ Warning: Result of running OpenDSS Command "? Storage.battery11.%stored" is: 62.5
└ @ OpenDSSDirect.Text C:\Users\aryan\.julia\packages\OpenDSSDirect\vXmoP\src\text.jl:29
┌ Warning: Result of running OpenDSS Command "? Storage.battery11.%reserve" is: 30
└ @ OpenDSSDirect.Text C:\Users\aryan\.julia\packages\OpenDSSDirect\vXmoP\src\text.jl:29
┌ Warning: Result of running OpenDSS Command "? Storage.battery18.kWhrated" is: 18.662
└ @ OpenDSSDirect.Text C:\Users\aryan\.julia\packages\OpenDSSDirect\vXmoP\src\text.jl:29
┌ Warning: Result of running OpenDSS Command "? Storage.battery18.kWrated" is: 4.6655
└ @ OpenDSSDirect.Text C:\Users\aryan\.julia\packages\OpenDSSDirect\vXmoP\src\text.jl:29
┌ Warning: Result of running OpenDSS Command "? Storage.battery18.kva" is: 5.5986
└ @ OpenDSSDirect.Text C:\Users\aryan\.julia\packages\OpenDSSDirect\vXmoP\src\text.jl:29
┌ Warning: Result of running OpenDSS Command "? Storage.battery18.%stored" is: 62.5
└ @ OpenDSSDirect.Text C:\Users\aryan\.julia\packages\OpenDSSDirect\vXmoP\src\text.jl:29
┌ Warning: Result of running OpenDSS Command "? Storage.battery18.%reserve" is: 30
└ @ OpenDSSDirect.Text C:\Users\aryan\.julia\packages\OpenDSSDirect\vXmoP\src\text.jl:29
┌ Warning: Result of running OpenDSS Command "? Storage.battery22.kWhrated" is: 18.662
└ @ OpenDSSDirect.Text C:\Users\aryan\.julia\packages\OpenDSSDirect\vXmoP\src\text.jl:29
┌ Warning: Result of running OpenDSS Command "? Storage.battery22.kWrated" is: 4.6655
└ @ OpenDSSDirect.Text C:\Users\aryan\.julia\packages\OpenDSSDirect\vXmoP\src\text.jl:29
┌ Warning: Result of running OpenDSS Command "? Storage.battery22.kva" is: 5.5986
└ @ OpenDSSDirect.Text C:\Users\aryan\.julia\packages\OpenDSSDirect\vXmoP\src\text.jl:29
┌ Warning: Result of running OpenDSS Command "? Storage.battery22.%stored" is: 62.5
└ @ OpenDSSDirect.Text C:\Users\aryan\.julia\packages\OpenDSSDirect\vXmoP\src\text.jl:29
┌ Warning: Result of running OpenDSS Command "? Storage.battery22.%reserve" is: 30
└ @ OpenDSSDirect.Text C:\Users\aryan\.julia\packages\OpenDSSDirect\vXmoP\src\text.jl:29
┌ Warning: Result of running OpenDSS Command "? Storage.battery30.kWhrated" is: 18.662
└ @ OpenDSSDirect.Text C:\Users\aryan\.julia\packages\OpenDSSDirect\vXmoP\src\text.jl:29
┌ Warning: Result of running OpenDSS Command "? Storage.battery30.kWrated" is: 4.6655
└ @ OpenDSSDirect.Text C:\Users\aryan\.julia\packages\OpenDSSDirect\vXmoP\src\text.jl:29
┌ Warning: Result of running OpenDSS Command "? Storage.battery30.kva" is: 5.5986
└ @ OpenDSSDirect.Text C:\Users\aryan\.julia\packages\OpenDSSDirect\vXmoP\src\text.jl:29
┌ Warning: Result of running OpenDSS Command "? Storage.battery30.%stored" is: 62.5
└ @ OpenDSSDirect.Text C:\Users\aryan\.julia\packages\OpenDSSDirect\vXmoP\src\text.jl:29
┌ Warning: Result of running OpenDSS Command "? Storage.battery30.%reserve" is: 30
└ @ OpenDSSDirect.Text C:\Users\aryan\.julia\packages\OpenDSSDirect\vXmoP\src\text.jl:29
┌ Warning: Result of running OpenDSS Command "? Storage.battery34.kWhrated" is: 9.3338
└ @ OpenDSSDirect.Text C:\Users\aryan\.julia\packages\OpenDSSDirect\vXmoP\src\text.jl:29
┌ Warning: Result of running OpenDSS Command "? Storage.battery34.kWrated" is: 2.3335
└ @ OpenDSSDirect.Text C:\Users\aryan\.julia\packages\OpenDSSDirect\vXmoP\src\text.jl:29
┌ Warning: Result of running OpenDSS Command "? Storage.battery34.kva" is: 2.8001
└ @ OpenDSSDirect.Text C:\Users\aryan\.julia\packages\OpenDSSDirect\vXmoP\src\text.jl:29
┌ Warning: Result of running OpenDSS Command "? Storage.battery34.%stored" is: 62.5
└ @ OpenDSSDirect.Text C:\Users\aryan\.julia\packages\OpenDSSDirect\vXmoP\src\text.jl:29
┌ Warning: Result of running OpenDSS Command "? Storage.battery34.%reserve" is: 30
└ @ OpenDSSDirect.Text C:\Users\aryan\.julia\packages\OpenDSSDirect\vXmoP\src\text.jl:29
┌ Warning: Result of running OpenDSS Command "? Storage.battery37.kWhrated" is: 18.662
└ @ OpenDSSDirect.Text C:\Users\aryan\.julia\packages\OpenDSSDirect\vXmoP\src\text.jl:29
┌ Warning: Result of running OpenDSS Command "? Storage.battery37.kWrated" is: 4.6655
└ @ OpenDSSDirect.Text C:\Users\aryan\.julia\packages\OpenDSSDirect\vXmoP\src\text.jl:29
┌ Warning: Result of running OpenDSS Command "? Storage.battery37.kva" is: 5.5986
└ @ OpenDSSDirect.Text C:\Users\aryan\.julia\packages\OpenDSSDirect\vXmoP\src\text.jl:29
┌ Warning: Result of running OpenDSS Command "? Storage.battery37.%stored" is: 62.5
└ @ OpenDSSDirect.Text C:\Users\aryan\.julia\packages\OpenDSSDirect\vXmoP\src\text.jl:29
┌ Warning: Result of running OpenDSS Command "? Storage.battery37.%reserve" is: 30
└ @ OpenDSSDirect.Text C:\Users\aryan\.julia\packages\OpenDSSDirect\vXmoP\src\text.jl:29
┌ Warning: Result of running OpenDSS Command "? Storage.battery41.kWhrated" is: 9.3338
└ @ OpenDSSDirect.Text C:\Users\aryan\.julia\packages\OpenDSSDirect\vXmoP\src\text.jl:29
┌ Warning: Result of running OpenDSS Command "? Storage.battery41.kWrated" is: 2.3335
└ @ OpenDSSDirect.Text C:\Users\aryan\.julia\packages\OpenDSSDirect\vXmoP\src\text.jl:29
┌ Warning: Result of running OpenDSS Command "? Storage.battery41.kva" is: 2.8001
└ @ OpenDSSDirect.Text C:\Users\aryan\.julia\packages\OpenDSSDirect\vXmoP\src\text.jl:29
┌ Warning: Result of running OpenDSS Command "? Storage.battery41.%stored" is: 62.5
└ @ OpenDSSDirect.Text C:\Users\aryan\.julia\packages\OpenDSSDirect\vXmoP\src\text.jl:29
┌ Warning: Result of running OpenDSS Command "? Storage.battery41.%reserve" is: 30
└ @ OpenDSSDirect.Text C:\Users\aryan\.julia\packages\OpenDSSDirect\vXmoP\src\text.jl:29
┌ Warning: Result of running OpenDSS Command "? Storage.battery47.kWhrated" is: 9.3338
└ @ OpenDSSDirect.Text C:\Users\aryan\.julia\packages\OpenDSSDirect\vXmoP\src\text.jl:29
┌ Warning: Result of running OpenDSS Command "? Storage.battery47.kWrated" is: 2.3335
└ @ OpenDSSDirect.Text C:\Users\aryan\.julia\packages\OpenDSSDirect\vXmoP\src\text.jl:29
┌ Warning: Result of running OpenDSS Command "? Storage.battery47.kva" is: 2.8001
└ @ OpenDSSDirect.Text C:\Users\aryan\.julia\packages\OpenDSSDirect\vXmoP\src\text.jl:29
┌ Warning: Result of running OpenDSS Command "? Storage.battery47.%stored" is: 62.5
└ @ OpenDSSDirect.Text C:\Users\aryan\.julia\packages\OpenDSSDirect\vXmoP\src\text.jl:29
┌ Warning: Result of running OpenDSS Command "? Storage.battery47.%reserve" is: 30
└ @ OpenDSSDirect.Text C:\Users\aryan\.julia\packages\OpenDSSDirect\vXmoP\src\text.jl:29
┌ Warning: Result of running OpenDSS Command "? Storage.battery50.kWhrated" is: 98
└ @ OpenDSSDirect.Text C:\Users\aryan\.julia\packages\OpenDSSDirect\vXmoP\src\text.jl:29
┌ Warning: Result of running OpenDSS Command "? Storage.battery50.kWrated" is: 24.5
└ @ OpenDSSDirect.Text C:\Users\aryan\.julia\packages\OpenDSSDirect\vXmoP\src\text.jl:29
┌ Warning: Result of running OpenDSS Command "? Storage.battery50.kva" is: 29.4
└ @ OpenDSSDirect.Text C:\Users\aryan\.julia\packages\OpenDSSDirect\vXmoP\src\text.jl:29
┌ Warning: Result of running OpenDSS Command "? Storage.battery50.%stored" is: 62.5
└ @ OpenDSSDirect.Text C:\Users\aryan\.julia\packages\OpenDSSDirect\vXmoP\src\text.jl:29
┌ Warning: Result of running OpenDSS Command "? Storage.battery50.%reserve" is: 30
└ @ OpenDSSDirect.Text C:\Users\aryan\.julia\packages\OpenDSSDirect\vXmoP\src\text.jl:29
┌ Warning: Result of running OpenDSS Command "? Storage.battery53.kWhrated" is: 9.3338
└ @ OpenDSSDirect.Text C:\Users\aryan\.julia\packages\OpenDSSDirect\vXmoP\src\text.jl:29
┌ Warning: Result of running OpenDSS Command "? Storage.battery53.kWrated" is: 2.3335
└ @ OpenDSSDirect.Text C:\Users\aryan\.julia\packages\OpenDSSDirect\vXmoP\src\text.jl:29
┌ Warning: Result of running OpenDSS Command "? Storage.battery53.kva" is: 2.8001
└ @ OpenDSSDirect.Text C:\Users\aryan\.julia\packages\OpenDSSDirect\vXmoP\src\text.jl:29
┌ Warning: Result of running OpenDSS Command "? Storage.battery53.%stored" is: 62.5
└ @ OpenDSSDirect.Text C:\Users\aryan\.julia\packages\OpenDSSDirect\vXmoP\src\text.jl:29
┌ Warning: Result of running OpenDSS Command "? Storage.battery53.%reserve" is: 30
└ @ OpenDSSDirect.Text C:\Users\aryan\.julia\packages\OpenDSSDirect\vXmoP\src\text.jl:29
┌ Warning: Result of running OpenDSS Command "? Storage.battery58.kWhrated" is: 9.3338
└ @ OpenDSSDirect.Text C:\Users\aryan\.julia\packages\OpenDSSDirect\vXmoP\src\text.jl:29
┌ Warning: Result of running OpenDSS Command "? Storage.battery58.kWrated" is: 2.3335
└ @ OpenDSSDirect.Text C:\Users\aryan\.julia\packages\OpenDSSDirect\vXmoP\src\text.jl:29
┌ Warning: Result of running OpenDSS Command "? Storage.battery58.kva" is: 2.8001
└ @ OpenDSSDirect.Text C:\Users\aryan\.julia\packages\OpenDSSDirect\vXmoP\src\text.jl:29
┌ Warning: Result of running OpenDSS Command "? Storage.battery58.%stored" is: 62.5
└ @ OpenDSSDirect.Text C:\Users\aryan\.julia\packages\OpenDSSDirect\vXmoP\src\text.jl:29
┌ Warning: Result of running OpenDSS Command "? Storage.battery58.%reserve" is: 30
└ @ OpenDSSDirect.Text C:\Users\aryan\.julia\packages\OpenDSSDirect\vXmoP\src\text.jl:29
┌ Warning: Result of running OpenDSS Command "? Storage.battery62.kWhrated" is: 9.3338
└ @ OpenDSSDirect.Text C:\Users\aryan\.julia\packages\OpenDSSDirect\vXmoP\src\text.jl:29
┌ Warning: Result of running OpenDSS Command "? Storage.battery62.kWrated" is: 2.3335
└ @ OpenDSSDirect.Text C:\Users\aryan\.julia\packages\OpenDSSDirect\vXmoP\src\text.jl:29
┌ Warning: Result of running OpenDSS Command "? Storage.battery62.kva" is: 2.8001
└ @ OpenDSSDirect.Text C:\Users\aryan\.julia\packages\OpenDSSDirect\vXmoP\src\text.jl:29
┌ Warning: Result of running OpenDSS Command "? Storage.battery62.%stored" is: 62.5
└ @ OpenDSSDirect.Text C:\Users\aryan\.julia\packages\OpenDSSDirect\vXmoP\src\text.jl:29
┌ Warning: Result of running OpenDSS Command "? Storage.battery62.%reserve" is: 30
└ @ OpenDSSDirect.Text C:\Users\aryan\.julia\packages\OpenDSSDirect\vXmoP\src\text.jl:29
┌ Warning: Result of running OpenDSS Command "? Storage.battery67.kWhrated" is: 65.338
└ @ OpenDSSDirect.Text C:\Users\aryan\.julia\packages\OpenDSSDirect\vXmoP\src\text.jl:29
┌ Warning: Result of running OpenDSS Command "? Storage.battery67.kWrated" is: 16.3345
└ @ OpenDSSDirect.Text C:\Users\aryan\.julia\packages\OpenDSSDirect\vXmoP\src\text.jl:29
┌ Warning: Result of running OpenDSS Command "? Storage.battery67.kva" is: 19.6014
└ @ OpenDSSDirect.Text C:\Users\aryan\.julia\packages\OpenDSSDirect\vXmoP\src\text.jl:29
┌ Warning: Result of running OpenDSS Command "? Storage.battery67.%stored" is: 62.5
└ @ OpenDSSDirect.Text C:\Users\aryan\.julia\packages\OpenDSSDirect\vXmoP\src\text.jl:29
┌ Warning: Result of running OpenDSS Command "? Storage.battery67.%reserve" is: 30
└ @ OpenDSSDirect.Text C:\Users\aryan\.julia\packages\OpenDSSDirect\vXmoP\src\text.jl:29
┌ Warning: Result of running OpenDSS Command "? Storage.battery71.kWhrated" is: 18.662
└ @ OpenDSSDirect.Text C:\Users\aryan\.julia\packages\OpenDSSDirect\vXmoP\src\text.jl:29
┌ Warning: Result of running OpenDSS Command "? Storage.battery71.kWrated" is: 4.6655
└ @ OpenDSSDirect.Text C:\Users\aryan\.julia\packages\OpenDSSDirect\vXmoP\src\text.jl:29
┌ Warning: Result of running OpenDSS Command "? Storage.battery71.kva" is: 5.5986
└ @ OpenDSSDirect.Text C:\Users\aryan\.julia\packages\OpenDSSDirect\vXmoP\src\text.jl:29
┌ Warning: Result of running OpenDSS Command "? Storage.battery71.%stored" is: 62.5
└ @ OpenDSSDirect.Text C:\Users\aryan\.julia\packages\OpenDSSDirect\vXmoP\src\text.jl:29
┌ Warning: Result of running OpenDSS Command "? Storage.battery71.%reserve" is: 30
└ @ OpenDSSDirect.Text C:\Users\aryan\.julia\packages\OpenDSSDirect\vXmoP\src\text.jl:29
┌ Warning: Result of running OpenDSS Command "? Storage.battery75.kWhrated" is: 18.662
└ @ OpenDSSDirect.Text C:\Users\aryan\.julia\packages\OpenDSSDirect\vXmoP\src\text.jl:29
┌ Warning: Result of running OpenDSS Command "? Storage.battery75.kWrated" is: 4.6655
└ @ OpenDSSDirect.Text C:\Users\aryan\.julia\packages\OpenDSSDirect\vXmoP\src\text.jl:29
┌ Warning: Result of running OpenDSS Command "? Storage.battery75.kva" is: 5.5986
└ @ OpenDSSDirect.Text C:\Users\aryan\.julia\packages\OpenDSSDirect\vXmoP\src\text.jl:29
┌ Warning: Result of running OpenDSS Command "? Storage.battery75.%stored" is: 62.5
└ @ OpenDSSDirect.Text C:\Users\aryan\.julia\packages\OpenDSSDirect\vXmoP\src\text.jl:29
┌ Warning: Result of running OpenDSS Command "? Storage.battery75.%reserve" is: 30
└ @ OpenDSSDirect.Text C:\Users\aryan\.julia\packages\OpenDSSDirect\vXmoP\src\text.jl:29
┌ Warning: Result of running OpenDSS Command "? Storage.battery79.kWhrated" is: 18.662
└ @ OpenDSSDirect.Text C:\Users\aryan\.julia\packages\OpenDSSDirect\vXmoP\src\text.jl:29
┌ Warning: Result of running OpenDSS Command "? Storage.battery79.kWrated" is: 4.6655
└ @ OpenDSSDirect.Text C:\Users\aryan\.julia\packages\OpenDSSDirect\vXmoP\src\text.jl:29
┌ Warning: Result of running OpenDSS Command "? Storage.battery79.kva" is: 5.5986
└ @ OpenDSSDirect.Text C:\Users\aryan\.julia\packages\OpenDSSDirect\vXmoP\src\text.jl:29
┌ Warning: Result of running OpenDSS Command "? Storage.battery79.%stored" is: 62.5
└ @ OpenDSSDirect.Text C:\Users\aryan\.julia\packages\OpenDSSDirect\vXmoP\src\text.jl:29
┌ Warning: Result of running OpenDSS Command "? Storage.battery79.%reserve" is: 30
└ @ OpenDSSDirect.Text C:\Users\aryan\.julia\packages\OpenDSSDirect\vXmoP\src\text.jl:29
┌ Warning: Result of running OpenDSS Command "? Storage.battery84.kWhrated" is: 18.662
└ @ OpenDSSDirect.Text C:\Users\aryan\.julia\packages\OpenDSSDirect\vXmoP\src\text.jl:29
┌ Warning: Result of running OpenDSS Command "? Storage.battery84.kWrated" is: 4.6655
└ @ OpenDSSDirect.Text C:\Users\aryan\.julia\packages\OpenDSSDirect\vXmoP\src\text.jl:29
┌ Warning: Result of running OpenDSS Command "? Storage.battery84.kva" is: 5.5986
└ @ OpenDSSDirect.Text C:\Users\aryan\.julia\packages\OpenDSSDirect\vXmoP\src\text.jl:29
┌ Warning: Result of running OpenDSS Command "? Storage.battery84.%stored" is: 62.5
└ @ OpenDSSDirect.Text C:\Users\aryan\.julia\packages\OpenDSSDirect\vXmoP\src\text.jl:29
┌ Warning: Result of running OpenDSS Command "? Storage.battery84.%reserve" is: 30
└ @ OpenDSSDirect.Text C:\Users\aryan\.julia\packages\OpenDSSDirect\vXmoP\src\text.jl:29
┌ Warning: Result of running OpenDSS Command "? Storage.battery87.kWhrated" is: 18.662
└ @ OpenDSSDirect.Text C:\Users\aryan\.julia\packages\OpenDSSDirect\vXmoP\src\text.jl:29
┌ Warning: Result of running OpenDSS Command "? Storage.battery87.kWrated" is: 4.6655
└ @ OpenDSSDirect.Text C:\Users\aryan\.julia\packages\OpenDSSDirect\vXmoP\src\text.jl:29
┌ Warning: Result of running OpenDSS Command "? Storage.battery87.kva" is: 5.5986
└ @ OpenDSSDirect.Text C:\Users\aryan\.julia\packages\OpenDSSDirect\vXmoP\src\text.jl:29
┌ Warning: Result of running OpenDSS Command "? Storage.battery87.%stored" is: 62.5
└ @ OpenDSSDirect.Text C:\Users\aryan\.julia\packages\OpenDSSDirect\vXmoP\src\text.jl:29
┌ Warning: Result of running OpenDSS Command "? Storage.battery87.%reserve" is: 30
└ @ OpenDSSDirect.Text C:\Users\aryan\.julia\packages\OpenDSSDirect\vXmoP\src\text.jl:29
┌ Warning: Result of running OpenDSS Command "? Storage.battery92.kWhrated" is: 18.662
└ @ OpenDSSDirect.Text C:\Users\aryan\.julia\packages\OpenDSSDirect\vXmoP\src\text.jl:29
┌ Warning: Result of running OpenDSS Command "? Storage.battery92.kWrated" is: 4.6655
└ @ OpenDSSDirect.Text C:\Users\aryan\.julia\packages\OpenDSSDirect\vXmoP\src\text.jl:29
┌ Warning: Result of running OpenDSS Command "? Storage.battery92.kva" is: 5.5986
└ @ OpenDSSDirect.Text C:\Users\aryan\.julia\packages\OpenDSSDirect\vXmoP\src\text.jl:29
┌ Warning: Result of running OpenDSS Command "? Storage.battery92.%stored" is: 62.5
└ @ OpenDSSDirect.Text C:\Users\aryan\.julia\packages\OpenDSSDirect\vXmoP\src\text.jl:29
┌ Warning: Result of running OpenDSS Command "? Storage.battery92.%reserve" is: 30
└ @ OpenDSSDirect.Text C:\Users\aryan\.julia\packages\OpenDSSDirect\vXmoP\src\text.jl:29
┌ Warning: Result of running OpenDSS Command "? Storage.battery97.kWhrated" is: 9.3338
└ @ OpenDSSDirect.Text C:\Users\aryan\.julia\packages\OpenDSSDirect\vXmoP\src\text.jl:29
┌ Warning: Result of running OpenDSS Command "? Storage.battery97.kWrated" is: 2.3335
└ @ OpenDSSDirect.Text C:\Users\aryan\.julia\packages\OpenDSSDirect\vXmoP\src\text.jl:29
┌ Warning: Result of running OpenDSS Command "? Storage.battery97.kva" is: 2.8001
└ @ OpenDSSDirect.Text C:\Users\aryan\.julia\packages\OpenDSSDirect\vXmoP\src\text.jl:29
┌ Warning: Result of running OpenDSS Command "? Storage.battery97.%stored" is: 62.5
└ @ OpenDSSDirect.Text C:\Users\aryan\.julia\packages\OpenDSSDirect\vXmoP\src\text.jl:29
┌ Warning: Result of running OpenDSS Command "? Storage.battery97.%reserve" is: 30
└ @ OpenDSSDirect.Text C:\Users\aryan\.julia\packages\OpenDSSDirect\vXmoP\src\text.jl:29
┌ Warning: Result of running OpenDSS Command "? Storage.battery101.kWhrated" is: 18.662
└ @ OpenDSSDirect.Text C:\Users\aryan\.julia\packages\OpenDSSDirect\vXmoP\src\text.jl:29
┌ Warning: Result of running OpenDSS Command "? Storage.battery101.kWrated" is: 4.6655
└ @ OpenDSSDirect.Text C:\Users\aryan\.julia\packages\OpenDSSDirect\vXmoP\src\text.jl:29
┌ Warning: Result of running OpenDSS Command "? Storage.battery101.kva" is: 5.5986
└ @ OpenDSSDirect.Text C:\Users\aryan\.julia\packages\OpenDSSDirect\vXmoP\src\text.jl:29
┌ Warning: Result of running OpenDSS Command "? Storage.battery101.%stored" is: 62.5
└ @ OpenDSSDirect.Text C:\Users\aryan\.julia\packages\OpenDSSDirect\vXmoP\src\text.jl:29
┌ Warning: Result of running OpenDSS Command "? Storage.battery101.%reserve" is: 30
└ @ OpenDSSDirect.Text C:\Users\aryan\.julia\packages\OpenDSSDirect\vXmoP\src\text.jl:29
┌ Warning: Result of running OpenDSS Command "? Storage.battery106.kWhrated" is: 18.662
└ @ OpenDSSDirect.Text C:\Users\aryan\.julia\packages\OpenDSSDirect\vXmoP\src\text.jl:29
┌ Warning: Result of running OpenDSS Command "? Storage.battery106.kWrated" is: 4.6655
└ @ OpenDSSDirect.Text C:\Users\aryan\.julia\packages\OpenDSSDirect\vXmoP\src\text.jl:29
┌ Warning: Result of running OpenDSS Command "? Storage.battery106.kva" is: 5.5986
└ @ OpenDSSDirect.Text C:\Users\aryan\.julia\packages\OpenDSSDirect\vXmoP\src\text.jl:29
┌ Warning: Result of running OpenDSS Command "? Storage.battery106.%stored" is: 62.5
└ @ OpenDSSDirect.Text C:\Users\aryan\.julia\packages\OpenDSSDirect\vXmoP\src\text.jl:29
┌ Warning: Result of running OpenDSS Command "? Storage.battery106.%reserve" is: 30
└ @ OpenDSSDirect.Text C:\Users\aryan\.julia\packages\OpenDSSDirect\vXmoP\src\text.jl:29
┌ Warning: Result of running OpenDSS Command "? Storage.battery111.kWhrated" is: 18.662
└ @ OpenDSSDirect.Text C:\Users\aryan\.julia\packages\OpenDSSDirect\vXmoP\src\text.jl:29
┌ Warning: Result of running OpenDSS Command "? Storage.battery111.kWrated" is: 4.6655
└ @ OpenDSSDirect.Text C:\Users\aryan\.julia\packages\OpenDSSDirect\vXmoP\src\text.jl:29
┌ Warning: Result of running OpenDSS Command "? Storage.battery111.kva" is: 5.5986
└ @ OpenDSSDirect.Text C:\Users\aryan\.julia\packages\OpenDSSDirect\vXmoP\src\text.jl:29
┌ Warning: Result of running OpenDSS Command "? Storage.battery111.%stored" is: 62.5
└ @ OpenDSSDirect.Text C:\Users\aryan\.julia\packages\OpenDSSDirect\vXmoP\src\text.jl:29
┌ Warning: Result of running OpenDSS Command "? Storage.battery111.%reserve" is: 30
└ @ OpenDSSDirect.Text C:\Users\aryan\.julia\packages\OpenDSSDirect\vXmoP\src\text.jl:29
┌ Warning: Result of running OpenDSS Command "? Storage.battery116.kWhrated" is: 9.3338
└ @ OpenDSSDirect.Text C:\Users\aryan\.julia\packages\OpenDSSDirect\vXmoP\src\text.jl:29
┌ Warning: Result of running OpenDSS Command "? Storage.battery116.kWrated" is: 2.3335
└ @ OpenDSSDirect.Text C:\Users\aryan\.julia\packages\OpenDSSDirect\vXmoP\src\text.jl:29
┌ Warning: Result of running OpenDSS Command "? Storage.battery116.kva" is: 2.8001
└ @ OpenDSSDirect.Text C:\Users\aryan\.julia\packages\OpenDSSDirect\vXmoP\src\text.jl:29
┌ Warning: Result of running OpenDSS Command "? Storage.battery116.%stored" is: 62.5
└ @ OpenDSSDirect.Text C:\Users\aryan\.julia\packages\OpenDSSDirect\vXmoP\src\text.jl:29
┌ Warning: Result of running OpenDSS Command "? Storage.battery116.%reserve" is: 30
└ @ OpenDSSDirect.Text C:\Users\aryan\.julia\packages\OpenDSSDirect\vXmoP\src\text.jl:29

========================================
Initial Powerflow
========================================
Powerflow completed successfully!

[OpenDSS] Total system load: 872.27 kW
[OpenDSS] Substation power: 884.83 kW
[OpenDSS] Total PV dispatch: 0.00 kW
[OpenDSS] Total battery dispatch: 0.00 kW
[OpenDSS] Total system losses: 12.56 kW


================================================================================
[35;1mSOLVING MPOPF WITH SOCP (BRUTE-FORCED)[0m
================================================================================
