  Activating project at `C:\Users\aryan\Documents\documents_general\MultiPeriodDistOPF\envs\tadmm`

================================================================================
🚀 PARALLELIZATION STATUS
================================================================================
Hardware CPU cores:  16
Julia threads:       16
Status:              ✓ Using all available cores
================================================================================
Set parameter Username
Set parameter LicenseID to value 2612288
Academic license - for non-commercial use only - expires 2026-01-20

================================================================================
PARSING SYSTEM DATA
================================================================================
Loaded system: ieee123A_1ph from C:\Users\aryan\Documents\documents_general\MultiPeriodDistOPF\envs\tadmm\..\..\rawData\ieee123A_1ph\Master.dss
┌ Warning: Result of running OpenDSS Command "? Storage.battery3.kWhrated" is: 18.662
└ @ OpenDSSDirect.Text C:\Users\aryan\.julia\packages\OpenDSSDirect\vXmoP\src\text.jl:29
┌ Warning: Result of running OpenDSS Command "? Storage.battery3.kWrated" is: 4.6655
└ @ OpenDSSDirect.Text C:\Users\aryan\.julia\packages\OpenDSSDirect\vXmoP\src\text.jl:29
┌ Warning: Result of running OpenDSS Command "? Storage.battery3.kva" is: 5.5986
└ @ OpenDSSDirect.Text C:\Users\aryan\.julia\packages\OpenDSSDirect\vXmoP\src\text.jl:29
┌ Warning: Result of running OpenDSS Command "? Storage.battery3.%stored" is: 62.5
└ @ OpenDSSDirect.Text C:\Users\aryan\.julia\packages\OpenDSSDirect\vXmoP\src\text.jl:29
┌ Warning: Result of running OpenDSS Command "? Storage.battery3.%reserve" is: 30
└ @ OpenDSSDirect.Text C:\Users\aryan\.julia\packages\OpenDSSDirect\vXmoP\src\text.jl:29
┌ Warning: Result of running OpenDSS Command "? Storage.battery7.kWhrated" is: 9.3338
└ @ OpenDSSDirect.Text C:\Users\aryan\.julia\packages\OpenDSSDirect\vXmoP\src\text.jl:29
┌ Warning: Result of running OpenDSS Command "? Storage.battery7.kWrated" is: 2.3335
└ @ OpenDSSDirect.Text C:\Users\aryan\.julia\packages\OpenDSSDirect\vXmoP\src\text.jl:29
┌ Warning: Result of running OpenDSS Command "? Storage.battery7.kva" is: 2.8001
└ @ OpenDSSDirect.Text C:\Users\aryan\.julia\packages\OpenDSSDirect\vXmoP\src\text.jl:29
┌ Warning: Result of running OpenDSS Command "? Storage.battery7.%stored" is: 62.5
└ @ OpenDSSDirect.Text C:\Users\aryan\.julia\packages\OpenDSSDirect\vXmoP\src\text.jl:29
┌ Warning: Result of running OpenDSS Command "? Storage.battery7.%reserve" is: 30
└ @ OpenDSSDirect.Text C:\Users\aryan\.julia\packages\OpenDSSDirect\vXmoP\src\text.jl:29
┌ Warning: Result of running OpenDSS Command "? Storage.battery11.kWhrated" is: 18.662
└ @ OpenDSSDirect.Text C:\Users\aryan\.julia\packages\OpenDSSDirect\vXmoP\src\text.jl:29
┌ Warning: Result of running OpenDSS Command "? Storage.battery11.kWrated" is: 4.6655
└ @ OpenDSSDirect.Text C:\Users\aryan\.julia\packages\OpenDSSDirect\vXmoP\src\text.jl:29
┌ Warning: Result of running OpenDSS Command "? Storage.battery11.kva" is: 5.5986
└ @ OpenDSSDirect.Text C:\Users\aryan\.julia\packages\OpenDSSDirect\vXmoP\src\text.jl:29
┌ Warning: Result of running OpenDSS Command "? Storage.battery11.%stored" is: 62.5
└ @ OpenDSSDirect.Text C:\Users\aryan\.julia\packages\OpenDSSDirect\vXmoP\src\text.jl:29
┌ Warning: Result of running OpenDSS Command "? Storage.battery11.%reserve" is: 30
└ @ OpenDSSDirect.Text C:\Users\aryan\.julia\packages\OpenDSSDirect\vXmoP\src\text.jl:29
┌ Warning: Result of running OpenDSS Command "? Storage.battery18.kWhrated" is: 18.662
└ @ OpenDSSDirect.Text C:\Users\aryan\.julia\packages\OpenDSSDirect\vXmoP\src\text.jl:29
┌ Warning: Result of running OpenDSS Command "? Storage.battery18.kWrated" is: 4.6655
└ @ OpenDSSDirect.Text C:\Users\aryan\.julia\packages\OpenDSSDirect\vXmoP\src\text.jl:29
┌ Warning: Result of running OpenDSS Command "? Storage.battery18.kva" is: 5.5986
└ @ OpenDSSDirect.Text C:\Users\aryan\.julia\packages\OpenDSSDirect\vXmoP\src\text.jl:29
┌ Warning: Result of running OpenDSS Command "? Storage.battery18.%stored" is: 62.5
└ @ OpenDSSDirect.Text C:\Users\aryan\.julia\packages\OpenDSSDirect\vXmoP\src\text.jl:29
┌ Warning: Result of running OpenDSS Command "? Storage.battery18.%reserve" is: 30
└ @ OpenDSSDirect.Text C:\Users\aryan\.julia\packages\OpenDSSDirect\vXmoP\src\text.jl:29
┌ Warning: Result of running OpenDSS Command "? Storage.battery22.kWhrated" is: 18.662
└ @ OpenDSSDirect.Text C:\Users\aryan\.julia\packages\OpenDSSDirect\vXmoP\src\text.jl:29
┌ Warning: Result of running OpenDSS Command "? Storage.battery22.kWrated" is: 4.6655
└ @ OpenDSSDirect.Text C:\Users\aryan\.julia\packages\OpenDSSDirect\vXmoP\src\text.jl:29
┌ Warning: Result of running OpenDSS Command "? Storage.battery22.kva" is: 5.5986
└ @ OpenDSSDirect.Text C:\Users\aryan\.julia\packages\OpenDSSDirect\vXmoP\src\text.jl:29
┌ Warning: Result of running OpenDSS Command "? Storage.battery22.%stored" is: 62.5
└ @ OpenDSSDirect.Text C:\Users\aryan\.julia\packages\OpenDSSDirect\vXmoP\src\text.jl:29
┌ Warning: Result of running OpenDSS Command "? Storage.battery22.%reserve" is: 30
└ @ OpenDSSDirect.Text C:\Users\aryan\.julia\packages\OpenDSSDirect\vXmoP\src\text.jl:29
┌ Warning: Result of running OpenDSS Command "? Storage.battery30.kWhrated" is: 18.662
└ @ OpenDSSDirect.Text C:\Users\aryan\.julia\packages\OpenDSSDirect\vXmoP\src\text.jl:29
┌ Warning: Result of running OpenDSS Command "? Storage.battery30.kWrated" is: 4.6655
└ @ OpenDSSDirect.Text C:\Users\aryan\.julia\packages\OpenDSSDirect\vXmoP\src\text.jl:29
┌ Warning: Result of running OpenDSS Command "? Storage.battery30.kva" is: 5.5986
└ @ OpenDSSDirect.Text C:\Users\aryan\.julia\packages\OpenDSSDirect\vXmoP\src\text.jl:29
┌ Warning: Result of running OpenDSS Command "? Storage.battery30.%stored" is: 62.5
└ @ OpenDSSDirect.Text C:\Users\aryan\.julia\packages\OpenDSSDirect\vXmoP\src\text.jl:29
┌ Warning: Result of running OpenDSS Command "? Storage.battery30.%reserve" is: 30
└ @ OpenDSSDirect.Text C:\Users\aryan\.julia\packages\OpenDSSDirect\vXmoP\src\text.jl:29
┌ Warning: Result of running OpenDSS Command "? Storage.battery34.kWhrated" is: 9.3338
└ @ OpenDSSDirect.Text C:\Users\aryan\.julia\packages\OpenDSSDirect\vXmoP\src\text.jl:29
┌ Warning: Result of running OpenDSS Command "? Storage.battery34.kWrated" is: 2.3335
└ @ OpenDSSDirect.Text C:\Users\aryan\.julia\packages\OpenDSSDirect\vXmoP\src\text.jl:29
┌ Warning: Result of running OpenDSS Command "? Storage.battery34.kva" is: 2.8001
└ @ OpenDSSDirect.Text C:\Users\aryan\.julia\packages\OpenDSSDirect\vXmoP\src\text.jl:29
┌ Warning: Result of running OpenDSS Command "? Storage.battery34.%stored" is: 62.5
└ @ OpenDSSDirect.Text C:\Users\aryan\.julia\packages\OpenDSSDirect\vXmoP\src\text.jl:29
┌ Warning: Result of running OpenDSS Command "? Storage.battery34.%reserve" is: 30
└ @ OpenDSSDirect.Text C:\Users\aryan\.julia\packages\OpenDSSDirect\vXmoP\src\text.jl:29
┌ Warning: Result of running OpenDSS Command "? Storage.battery37.kWhrated" is: 18.662
└ @ OpenDSSDirect.Text C:\Users\aryan\.julia\packages\OpenDSSDirect\vXmoP\src\text.jl:29
┌ Warning: Result of running OpenDSS Command "? Storage.battery37.kWrated" is: 4.6655
└ @ OpenDSSDirect.Text C:\Users\aryan\.julia\packages\OpenDSSDirect\vXmoP\src\text.jl:29
┌ Warning: Result of running OpenDSS Command "? Storage.battery37.kva" is: 5.5986
└ @ OpenDSSDirect.Text C:\Users\aryan\.julia\packages\OpenDSSDirect\vXmoP\src\text.jl:29
┌ Warning: Result of running OpenDSS Command "? Storage.battery37.%stored" is: 62.5
└ @ OpenDSSDirect.Text C:\Users\aryan\.julia\packages\OpenDSSDirect\vXmoP\src\text.jl:29
┌ Warning: Result of running OpenDSS Command "? Storage.battery37.%reserve" is: 30
└ @ OpenDSSDirect.Text C:\Users\aryan\.julia\packages\OpenDSSDirect\vXmoP\src\text.jl:29
┌ Warning: Result of running OpenDSS Command "? Storage.battery41.kWhrated" is: 9.3338
└ @ OpenDSSDirect.Text C:\Users\aryan\.julia\packages\OpenDSSDirect\vXmoP\src\text.jl:29
┌ Warning: Result of running OpenDSS Command "? Storage.battery41.kWrated" is: 2.3335
└ @ OpenDSSDirect.Text C:\Users\aryan\.julia\packages\OpenDSSDirect\vXmoP\src\text.jl:29
┌ Warning: Result of running OpenDSS Command "? Storage.battery41.kva" is: 2.8001
└ @ OpenDSSDirect.Text C:\Users\aryan\.julia\packages\OpenDSSDirect\vXmoP\src\text.jl:29
┌ Warning: Result of running OpenDSS Command "? Storage.battery41.%stored" is: 62.5
└ @ OpenDSSDirect.Text C:\Users\aryan\.julia\packages\OpenDSSDirect\vXmoP\src\text.jl:29
┌ Warning: Result of running OpenDSS Command "? Storage.battery41.%reserve" is: 30
└ @ OpenDSSDirect.Text C:\Users\aryan\.julia\packages\OpenDSSDirect\vXmoP\src\text.jl:29
┌ Warning: Result of running OpenDSS Command "? Storage.battery47.kWhrated" is: 9.3338
└ @ OpenDSSDirect.Text C:\Users\aryan\.julia\packages\OpenDSSDirect\vXmoP\src\text.jl:29
┌ Warning: Result of running OpenDSS Command "? Storage.battery47.kWrated" is: 2.3335
└ @ OpenDSSDirect.Text C:\Users\aryan\.julia\packages\OpenDSSDirect\vXmoP\src\text.jl:29
┌ Warning: Result of running OpenDSS Command "? Storage.battery47.kva" is: 2.8001
└ @ OpenDSSDirect.Text C:\Users\aryan\.julia\packages\OpenDSSDirect\vXmoP\src\text.jl:29
┌ Warning: Result of running OpenDSS Command "? Storage.battery47.%stored" is: 62.5
└ @ OpenDSSDirect.Text C:\Users\aryan\.julia\packages\OpenDSSDirect\vXmoP\src\text.jl:29
┌ Warning: Result of running OpenDSS Command "? Storage.battery47.%reserve" is: 30
└ @ OpenDSSDirect.Text C:\Users\aryan\.julia\packages\OpenDSSDirect\vXmoP\src\text.jl:29
┌ Warning: Result of running OpenDSS Command "? Storage.battery50.kWhrated" is: 98
└ @ OpenDSSDirect.Text C:\Users\aryan\.julia\packages\OpenDSSDirect\vXmoP\src\text.jl:29
┌ Warning: Result of running OpenDSS Command "? Storage.battery50.kWrated" is: 24.5
└ @ OpenDSSDirect.Text C:\Users\aryan\.julia\packages\OpenDSSDirect\vXmoP\src\text.jl:29
┌ Warning: Result of running OpenDSS Command "? Storage.battery50.kva" is: 29.4
└ @ OpenDSSDirect.Text C:\Users\aryan\.julia\packages\OpenDSSDirect\vXmoP\src\text.jl:29
┌ Warning: Result of running OpenDSS Command "? Storage.battery50.%stored" is: 62.5
└ @ OpenDSSDirect.Text C:\Users\aryan\.julia\packages\OpenDSSDirect\vXmoP\src\text.jl:29
┌ Warning: Result of running OpenDSS Command "? Storage.battery50.%reserve" is: 30
└ @ OpenDSSDirect.Text C:\Users\aryan\.julia\packages\OpenDSSDirect\vXmoP\src\text.jl:29
┌ Warning: Result of running OpenDSS Command "? Storage.battery53.kWhrated" is: 9.3338
└ @ OpenDSSDirect.Text C:\Users\aryan\.julia\packages\OpenDSSDirect\vXmoP\src\text.jl:29
┌ Warning: Result of running OpenDSS Command "? Storage.battery53.kWrated" is: 2.3335
└ @ OpenDSSDirect.Text C:\Users\aryan\.julia\packages\OpenDSSDirect\vXmoP\src\text.jl:29
┌ Warning: Result of running OpenDSS Command "? Storage.battery53.kva" is: 2.8001
└ @ OpenDSSDirect.Text C:\Users\aryan\.julia\packages\OpenDSSDirect\vXmoP\src\text.jl:29
┌ Warning: Result of running OpenDSS Command "? Storage.battery53.%stored" is: 62.5
└ @ OpenDSSDirect.Text C:\Users\aryan\.julia\packages\OpenDSSDirect\vXmoP\src\text.jl:29
┌ Warning: Result of running OpenDSS Command "? Storage.battery53.%reserve" is: 30
└ @ OpenDSSDirect.Text C:\Users\aryan\.julia\packages\OpenDSSDirect\vXmoP\src\text.jl:29
┌ Warning: Result of running OpenDSS Command "? Storage.battery58.kWhrated" is: 9.3338
└ @ OpenDSSDirect.Text C:\Users\aryan\.julia\packages\OpenDSSDirect\vXmoP\src\text.jl:29
┌ Warning: Result of running OpenDSS Command "? Storage.battery58.kWrated" is: 2.3335
└ @ OpenDSSDirect.Text C:\Users\aryan\.julia\packages\OpenDSSDirect\vXmoP\src\text.jl:29
┌ Warning: Result of running OpenDSS Command "? Storage.battery58.kva" is: 2.8001
└ @ OpenDSSDirect.Text C:\Users\aryan\.julia\packages\OpenDSSDirect\vXmoP\src\text.jl:29
┌ Warning: Result of running OpenDSS Command "? Storage.battery58.%stored" is: 62.5
└ @ OpenDSSDirect.Text C:\Users\aryan\.julia\packages\OpenDSSDirect\vXmoP\src\text.jl:29
┌ Warning: Result of running OpenDSS Command "? Storage.battery58.%reserve" is: 30
└ @ OpenDSSDirect.Text C:\Users\aryan\.julia\packages\OpenDSSDirect\vXmoP\src\text.jl:29
┌ Warning: Result of running OpenDSS Command "? Storage.battery62.kWhrated" is: 9.3338
└ @ OpenDSSDirect.Text C:\Users\aryan\.julia\packages\OpenDSSDirect\vXmoP\src\text.jl:29
┌ Warning: Result of running OpenDSS Command "? Storage.battery62.kWrated" is: 2.3335
└ @ OpenDSSDirect.Text C:\Users\aryan\.julia\packages\OpenDSSDirect\vXmoP\src\text.jl:29
┌ Warning: Result of running OpenDSS Command "? Storage.battery62.kva" is: 2.8001
└ @ OpenDSSDirect.Text C:\Users\aryan\.julia\packages\OpenDSSDirect\vXmoP\src\text.jl:29
┌ Warning: Result of running OpenDSS Command "? Storage.battery62.%stored" is: 62.5
└ @ OpenDSSDirect.Text C:\Users\aryan\.julia\packages\OpenDSSDirect\vXmoP\src\text.jl:29
┌ Warning: Result of running OpenDSS Command "? Storage.battery62.%reserve" is: 30
└ @ OpenDSSDirect.Text C:\Users\aryan\.julia\packages\OpenDSSDirect\vXmoP\src\text.jl:29
┌ Warning: Result of running OpenDSS Command "? Storage.battery67.kWhrated" is: 65.338
└ @ OpenDSSDirect.Text C:\Users\aryan\.julia\packages\OpenDSSDirect\vXmoP\src\text.jl:29
┌ Warning: Result of running OpenDSS Command "? Storage.battery67.kWrated" is: 16.3345
└ @ OpenDSSDirect.Text C:\Users\aryan\.julia\packages\OpenDSSDirect\vXmoP\src\text.jl:29
┌ Warning: Result of running OpenDSS Command "? Storage.battery67.kva" is: 19.6014
└ @ OpenDSSDirect.Text C:\Users\aryan\.julia\packages\OpenDSSDirect\vXmoP\src\text.jl:29
┌ Warning: Result of running OpenDSS Command "? Storage.battery67.%stored" is: 62.5
└ @ OpenDSSDirect.Text C:\Users\aryan\.julia\packages\OpenDSSDirect\vXmoP\src\text.jl:29
┌ Warning: Result of running OpenDSS Command "? Storage.battery67.%reserve" is: 30
└ @ OpenDSSDirect.Text C:\Users\aryan\.julia\packages\OpenDSSDirect\vXmoP\src\text.jl:29
┌ Warning: Result of running OpenDSS Command "? Storage.battery71.kWhrated" is: 18.662
└ @ OpenDSSDirect.Text C:\Users\aryan\.julia\packages\OpenDSSDirect\vXmoP\src\text.jl:29
┌ Warning: Result of running OpenDSS Command "? Storage.battery71.kWrated" is: 4.6655
└ @ OpenDSSDirect.Text C:\Users\aryan\.julia\packages\OpenDSSDirect\vXmoP\src\text.jl:29
┌ Warning: Result of running OpenDSS Command "? Storage.battery71.kva" is: 5.5986
└ @ OpenDSSDirect.Text C:\Users\aryan\.julia\packages\OpenDSSDirect\vXmoP\src\text.jl:29
┌ Warning: Result of running OpenDSS Command "? Storage.battery71.%stored" is: 62.5
└ @ OpenDSSDirect.Text C:\Users\aryan\.julia\packages\OpenDSSDirect\vXmoP\src\text.jl:29
┌ Warning: Result of running OpenDSS Command "? Storage.battery71.%reserve" is: 30
└ @ OpenDSSDirect.Text C:\Users\aryan\.julia\packages\OpenDSSDirect\vXmoP\src\text.jl:29
┌ Warning: Result of running OpenDSS Command "? Storage.battery75.kWhrated" is: 18.662
└ @ OpenDSSDirect.Text C:\Users\aryan\.julia\packages\OpenDSSDirect\vXmoP\src\text.jl:29
┌ Warning: Result of running OpenDSS Command "? Storage.battery75.kWrated" is: 4.6655
└ @ OpenDSSDirect.Text C:\Users\aryan\.julia\packages\OpenDSSDirect\vXmoP\src\text.jl:29
┌ Warning: Result of running OpenDSS Command "? Storage.battery75.kva" is: 5.5986
└ @ OpenDSSDirect.Text C:\Users\aryan\.julia\packages\OpenDSSDirect\vXmoP\src\text.jl:29
┌ Warning: Result of running OpenDSS Command "? Storage.battery75.%stored" is: 62.5
└ @ OpenDSSDirect.Text C:\Users\aryan\.julia\packages\OpenDSSDirect\vXmoP\src\text.jl:29
┌ Warning: Result of running OpenDSS Command "? Storage.battery75.%reserve" is: 30
└ @ OpenDSSDirect.Text C:\Users\aryan\.julia\packages\OpenDSSDirect\vXmoP\src\text.jl:29
┌ Warning: Result of running OpenDSS Command "? Storage.battery79.kWhrated" is: 18.662
└ @ OpenDSSDirect.Text C:\Users\aryan\.julia\packages\OpenDSSDirect\vXmoP\src\text.jl:29
┌ Warning: Result of running OpenDSS Command "? Storage.battery79.kWrated" is: 4.6655
└ @ OpenDSSDirect.Text C:\Users\aryan\.julia\packages\OpenDSSDirect\vXmoP\src\text.jl:29
┌ Warning: Result of running OpenDSS Command "? Storage.battery79.kva" is: 5.5986
└ @ OpenDSSDirect.Text C:\Users\aryan\.julia\packages\OpenDSSDirect\vXmoP\src\text.jl:29
┌ Warning: Result of running OpenDSS Command "? Storage.battery79.%stored" is: 62.5
└ @ OpenDSSDirect.Text C:\Users\aryan\.julia\packages\OpenDSSDirect\vXmoP\src\text.jl:29
┌ Warning: Result of running OpenDSS Command "? Storage.battery79.%reserve" is: 30
└ @ OpenDSSDirect.Text C:\Users\aryan\.julia\packages\OpenDSSDirect\vXmoP\src\text.jl:29
┌ Warning: Result of running OpenDSS Command "? Storage.battery84.kWhrated" is: 18.662
└ @ OpenDSSDirect.Text C:\Users\aryan\.julia\packages\OpenDSSDirect\vXmoP\src\text.jl:29
┌ Warning: Result of running OpenDSS Command "? Storage.battery84.kWrated" is: 4.6655
└ @ OpenDSSDirect.Text C:\Users\aryan\.julia\packages\OpenDSSDirect\vXmoP\src\text.jl:29
┌ Warning: Result of running OpenDSS Command "? Storage.battery84.kva" is: 5.5986
└ @ OpenDSSDirect.Text C:\Users\aryan\.julia\packages\OpenDSSDirect\vXmoP\src\text.jl:29
┌ Warning: Result of running OpenDSS Command "? Storage.battery84.%stored" is: 62.5
└ @ OpenDSSDirect.Text C:\Users\aryan\.julia\packages\OpenDSSDirect\vXmoP\src\text.jl:29
┌ Warning: Result of running OpenDSS Command "? Storage.battery84.%reserve" is: 30
└ @ OpenDSSDirect.Text C:\Users\aryan\.julia\packages\OpenDSSDirect\vXmoP\src\text.jl:29
┌ Warning: Result of running OpenDSS Command "? Storage.battery87.kWhrated" is: 18.662
└ @ OpenDSSDirect.Text C:\Users\aryan\.julia\packages\OpenDSSDirect\vXmoP\src\text.jl:29
┌ Warning: Result of running OpenDSS Command "? Storage.battery87.kWrated" is: 4.6655
└ @ OpenDSSDirect.Text C:\Users\aryan\.julia\packages\OpenDSSDirect\vXmoP\src\text.jl:29
┌ Warning: Result of running OpenDSS Command "? Storage.battery87.kva" is: 5.5986
└ @ OpenDSSDirect.Text C:\Users\aryan\.julia\packages\OpenDSSDirect\vXmoP\src\text.jl:29
┌ Warning: Result of running OpenDSS Command "? Storage.battery87.%stored" is: 62.5
└ @ OpenDSSDirect.Text C:\Users\aryan\.julia\packages\OpenDSSDirect\vXmoP\src\text.jl:29
┌ Warning: Result of running OpenDSS Command "? Storage.battery87.%reserve" is: 30
└ @ OpenDSSDirect.Text C:\Users\aryan\.julia\packages\OpenDSSDirect\vXmoP\src\text.jl:29
┌ Warning: Result of running OpenDSS Command "? Storage.battery92.kWhrated" is: 18.662
└ @ OpenDSSDirect.Text C:\Users\aryan\.julia\packages\OpenDSSDirect\vXmoP\src\text.jl:29
┌ Warning: Result of running OpenDSS Command "? Storage.battery92.kWrated" is: 4.6655
└ @ OpenDSSDirect.Text C:\Users\aryan\.julia\packages\OpenDSSDirect\vXmoP\src\text.jl:29
┌ Warning: Result of running OpenDSS Command "? Storage.battery92.kva" is: 5.5986
└ @ OpenDSSDirect.Text C:\Users\aryan\.julia\packages\OpenDSSDirect\vXmoP\src\text.jl:29
┌ Warning: Result of running OpenDSS Command "? Storage.battery92.%stored" is: 62.5
└ @ OpenDSSDirect.Text C:\Users\aryan\.julia\packages\OpenDSSDirect\vXmoP\src\text.jl:29
┌ Warning: Result of running OpenDSS Command "? Storage.battery92.%reserve" is: 30
└ @ OpenDSSDirect.Text C:\Users\aryan\.julia\packages\OpenDSSDirect\vXmoP\src\text.jl:29
┌ Warning: Result of running OpenDSS Command "? Storage.battery97.kWhrated" is: 9.3338
└ @ OpenDSSDirect.Text C:\Users\aryan\.julia\packages\OpenDSSDirect\vXmoP\src\text.jl:29
┌ Warning: Result of running OpenDSS Command "? Storage.battery97.kWrated" is: 2.3335
└ @ OpenDSSDirect.Text C:\Users\aryan\.julia\packages\OpenDSSDirect\vXmoP\src\text.jl:29
┌ Warning: Result of running OpenDSS Command "? Storage.battery97.kva" is: 2.8001
└ @ OpenDSSDirect.Text C:\Users\aryan\.julia\packages\OpenDSSDirect\vXmoP\src\text.jl:29
┌ Warning: Result of running OpenDSS Command "? Storage.battery97.%stored" is: 62.5
└ @ OpenDSSDirect.Text C:\Users\aryan\.julia\packages\OpenDSSDirect\vXmoP\src\text.jl:29
┌ Warning: Result of running OpenDSS Command "? Storage.battery97.%reserve" is: 30
└ @ OpenDSSDirect.Text C:\Users\aryan\.julia\packages\OpenDSSDirect\vXmoP\src\text.jl:29
┌ Warning: Result of running OpenDSS Command "? Storage.battery101.kWhrated" is: 18.662
└ @ OpenDSSDirect.Text C:\Users\aryan\.julia\packages\OpenDSSDirect\vXmoP\src\text.jl:29
┌ Warning: Result of running OpenDSS Command "? Storage.battery101.kWrated" is: 4.6655
└ @ OpenDSSDirect.Text C:\Users\aryan\.julia\packages\OpenDSSDirect\vXmoP\src\text.jl:29
┌ Warning: Result of running OpenDSS Command "? Storage.battery101.kva" is: 5.5986
└ @ OpenDSSDirect.Text C:\Users\aryan\.julia\packages\OpenDSSDirect\vXmoP\src\text.jl:29
┌ Warning: Result of running OpenDSS Command "? Storage.battery101.%stored" is: 62.5
└ @ OpenDSSDirect.Text C:\Users\aryan\.julia\packages\OpenDSSDirect\vXmoP\src\text.jl:29
┌ Warning: Result of running OpenDSS Command "? Storage.battery101.%reserve" is: 30
└ @ OpenDSSDirect.Text C:\Users\aryan\.julia\packages\OpenDSSDirect\vXmoP\src\text.jl:29
┌ Warning: Result of running OpenDSS Command "? Storage.battery106.kWhrated" is: 18.662
└ @ OpenDSSDirect.Text C:\Users\aryan\.julia\packages\OpenDSSDirect\vXmoP\src\text.jl:29
┌ Warning: Result of running OpenDSS Command "? Storage.battery106.kWrated" is: 4.6655
└ @ OpenDSSDirect.Text C:\Users\aryan\.julia\packages\OpenDSSDirect\vXmoP\src\text.jl:29
┌ Warning: Result of running OpenDSS Command "? Storage.battery106.kva" is: 5.5986
└ @ OpenDSSDirect.Text C:\Users\aryan\.julia\packages\OpenDSSDirect\vXmoP\src\text.jl:29
┌ Warning: Result of running OpenDSS Command "? Storage.battery106.%stored" is: 62.5
└ @ OpenDSSDirect.Text C:\Users\aryan\.julia\packages\OpenDSSDirect\vXmoP\src\text.jl:29
┌ Warning: Result of running OpenDSS Command "? Storage.battery106.%reserve" is: 30
└ @ OpenDSSDirect.Text C:\Users\aryan\.julia\packages\OpenDSSDirect\vXmoP\src\text.jl:29
┌ Warning: Result of running OpenDSS Command "? Storage.battery111.kWhrated" is: 18.662
└ @ OpenDSSDirect.Text C:\Users\aryan\.julia\packages\OpenDSSDirect\vXmoP\src\text.jl:29
┌ Warning: Result of running OpenDSS Command "? Storage.battery111.kWrated" is: 4.6655
└ @ OpenDSSDirect.Text C:\Users\aryan\.julia\packages\OpenDSSDirect\vXmoP\src\text.jl:29
┌ Warning: Result of running OpenDSS Command "? Storage.battery111.kva" is: 5.5986
└ @ OpenDSSDirect.Text C:\Users\aryan\.julia\packages\OpenDSSDirect\vXmoP\src\text.jl:29
┌ Warning: Result of running OpenDSS Command "? Storage.battery111.%stored" is: 62.5
└ @ OpenDSSDirect.Text C:\Users\aryan\.julia\packages\OpenDSSDirect\vXmoP\src\text.jl:29
┌ Warning: Result of running OpenDSS Command "? Storage.battery111.%reserve" is: 30
└ @ OpenDSSDirect.Text C:\Users\aryan\.julia\packages\OpenDSSDirect\vXmoP\src\text.jl:29
┌ Warning: Result of running OpenDSS Command "? Storage.battery116.kWhrated" is: 9.3338
└ @ OpenDSSDirect.Text C:\Users\aryan\.julia\packages\OpenDSSDirect\vXmoP\src\text.jl:29
┌ Warning: Result of running OpenDSS Command "? Storage.battery116.kWrated" is: 2.3335
└ @ OpenDSSDirect.Text C:\Users\aryan\.julia\packages\OpenDSSDirect\vXmoP\src\text.jl:29
┌ Warning: Result of running OpenDSS Command "? Storage.battery116.kva" is: 2.8001
└ @ OpenDSSDirect.Text C:\Users\aryan\.julia\packages\OpenDSSDirect\vXmoP\src\text.jl:29
┌ Warning: Result of running OpenDSS Command "? Storage.battery116.%stored" is: 62.5
└ @ OpenDSSDirect.Text C:\Users\aryan\.julia\packages\OpenDSSDirect\vXmoP\src\text.jl:29
┌ Warning: Result of running OpenDSS Command "? Storage.battery116.%reserve" is: 30
└ @ OpenDSSDirect.Text C:\Users\aryan\.julia\packages\OpenDSSDirect\vXmoP\src\text.jl:29

========================================
Initial Powerflow
========================================
Powerflow completed successfully!

[OpenDSS] Total system load: 872.27 kW
[OpenDSS] Substation power: 884.83 kW
[OpenDSS] Total PV dispatch: 0.00 kW
[OpenDSS] Total battery dispatch: 0.00 kW
[OpenDSS] Total system losses: 12.56 kW


================================================================================
[35;1mSOLVING MPOPF WITH SOCP (BRUTE-FORCED)[0m
================================================================================
Set parameter NonConvex to value 2
Model summary saved to: C:\Users\aryan\Documents\documents_general\MultiPeriodDistOPF\envs\tadmm\processedData\ieee123A_1ph_T144\model_summary_socp_bf.txt

================================================================================
STARTING OPTIMIZATION
================================================================================
Set parameter NonConvex to value 2
Set parameter DualReductions to value 0

================================================================================
[36;1mCOMPUTING AND VERIFYING NODAL INJECTIONS[0m
================================================================================

Verifying nodal injection calculations...
[32;1m✓ All nodal injections verified! Both methods match.
[0m  Max real power difference: 6.473572e-13 pu
  Max reactive power difference: 1.029635e-12 pu
[36;1m
Nodal injections added to solution dictionary.
[0m================================================================================

================================================================================
[36;1mVALIDATING BRANCH FLOW MODEL EQUATIONS[0m
================================================================================

================================================================================
SOLUTION VALIDATION: Brute Force SOCP
================================================================================
✓ All constraints satisfied!
================================================================================

--- SOLUTION STATUS ---
Status: [32;1mOPTIMAL
✓ Optimization successful!
[0m
--- OBJECTIVE VALUE ---
Total Cost: $3434.14

--- COMPUTATION TIME ---
Solver time: 1.27 seconds

--- CONSTRAINT VALIDATION (COMPACT) ---
[32;1m✓ Voltage drop: satisfied (max: 3.24e-13)
[0m[32;1m✓ SOC relaxation: satisfied (max: 0.00e+00)
[0m
================================================================================
[35;1mMPOPF SOCP BRUTE-FORCED SOLUTION COMPLETE[0m
================================================================================
[32;1m✓ Results written to C:\Users\aryan\Documents\documents_general\MultiPeriodDistOPF\envs\tadmm\processedData\ieee123A_1ph_T144\results_socp_bf.txt[0m

================================================================================
[35;1mSOLVING MPOPF WITH SOCP (tADMM)[0m
================================================================================
[36;1mρ scaled with T: 3000.0 × (144/24)^2 = 7348.5[0m

================================================================================
[36;1m🎯 tADMM[SOCP]: T=144, ρ_init=7348.5, adaptive=true, |Bset|=26, |Nset|=128, |Lset|=127
[0m================================================================================
k=  1  obj=$3047.66  ‖r‖=5.77e-04  ‖s‖=2.50e-01  ρ=7348.5
[33;1m  [k=  5] Phase 1 nudge: ρ 7348.5 → 14696.9
[0mk=  5  obj=$3047.66  ‖r‖=5.73e-04  ‖s‖=4.08e-01  ρ=14696.9
[33;1m  [k= 10] Phase 1 nudge: ρ 14696.9 → 29393.9
[0mk= 10  obj=$3146.37  ‖r‖=3.62e-04  ‖s‖=7.67e-01  ρ=29393.9
[33;1m  [k= 15] 🐕 RNORM WATCHDOG: ρ 29393.9 → 73484.7 (‖r‖=2.76e-04 > 8.0e-05 for 15 iters)
[0mk= 15  obj=$3212.71  ‖r‖=2.76e-04  ‖s‖=1.09e+00  ρ=73484.7
[33;1m  [k= 20] Phase 1 nudge: ρ 73484.7 → 146969.4
[0mk= 20  obj=$3423.31  ‖r‖=8.87e-05  ‖s‖=1.68e+00  ρ=146969.4
[32;1m  [k= 25] Phase 1→2: primal converged
[0m[36;1m  [k= 25] ρ 146969.4 → 73484.7 (s/r=468523.2, ‖r‖ converged)
[0mk= 25  obj=$3474.35  ‖r‖=4.59e-06  ‖s‖=2.15e+00  ρ=73484.7
[36;1m  [k= 30] ρ 73484.7 → 36742.3 (s/r=890064.2, ‖r‖ converged)
[0mk= 30  obj=$3473.06  ‖r‖=1.87e-06  ‖s‖=1.66e+00  ρ=36742.3
[36;1m  [k= 35] ρ 36742.3 → 18371.2 (s/r=235975.5, ‖r‖ converged)
[0mk= 35  obj=$3470.35  ‖r‖=5.39e-06  ‖s‖=1.27e+00  ρ=18371.2
[36;1m  [k= 40] ρ 18371.2 → 9185.6 (s/r=67402.9, ‖r‖ converged)
[0mk= 40  obj=$3466.12  ‖r‖=1.35e-05  ‖s‖=9.08e-01  ρ=9185.6
