# tADMM live log — ieee123C_1ph T=96, ρ_init=3000.0, adaptive=false
# k, objective, r_norm, s_norm, rho, sp_max, sp_med, elapsed_s, event
1,1322.331032,1.2801862606e-03,2.7645445708e-01,3000.00,6.4220,4.6050,39.10,
2,1322.331261,1.2775110875e-03,3.2276138249e-01,3000.00,3.2590,2.1615,56.22,
3,1322.331027,1.2736119774e-03,3.7242203268e-01,3000.00,5.5720,2.4605,73.03,
4,1322.331039,1.2697748596e-03,4.1467794242e-01,3000.00,3.8220,2.0615,86.99,
5,1322.331059,1.2663953089e-03,4.5300264571e-01,3000.00,2.9680,2.1320,102.25,
6,1322.331089,1.2631948176e-03,4.8961996403e-01,3000.00,7.5180,2.4550,119.59,
7,1322.331121,1.2600513888e-03,5.2484188139e-01,3000.00,6.4460,2.4160,135.54,
8,1322.331106,1.2569343966e-03,5.5853011685e-01,3000.00,5.1440,1.8145,147.59,
9,1322.331131,1.2538457885e-03,5.9068055939e-01,3000.00,6.9520,1.8820,162.36,
10,1322.331181,1.2507804808e-03,6.2131285560e-01,3000.00,5.5390,1.6900,174.60,
11,1322.331376,1.2477244392e-03,6.5084432642e-01,3000.00,5.2200,1.4325,186.41,
12,1322.331484,1.2446847832e-03,6.7935732657e-01,3000.00,3.4740,1.6720,197.98,
13,1322.331438,1.2416523193e-03,7.0657585478e-01,3000.00,5.2720,1.6850,210.97,
14,1322.331325,1.2389876863e-03,6.2262379888e-01,3000.00,3.7370,1.6220,223.07,
15,1322.331291,1.2373756748e-03,6.0661744334e-01,3000.00,4.0390,1.5945,235.43,
16,1322.350515,1.2365254261e-03,5.9704143590e-01,3000.00,3.7560,1.5960,247.37,
17,1344.592267,1.2128950446e-03,5.9075745586e-01,3000.00,5.5130,1.6065,260.14,
18,1364.183724,1.1977318436e-03,5.8681271966e-01,3000.00,4.2150,1.6390,271.98,
19,1388.955170,1.1741735146e-03,5.8547809226e-01,3000.00,7.2080,1.6245,284.67,
20,1420.258203,1.1514608405e-03,5.8708996564e-01,3000.00,4.4650,1.5120,296.92,
21,1442.077497,1.1354775595e-03,5.8971538422e-01,3000.00,5.9750,1.9165,311.75,
22,1468.173076,1.1145510487e-03,5.8998480667e-01,3000.00,4.9980,1.7325,325.51,
23,1497.374844,1.0956106891e-03,5.9052147791e-01,3000.00,6.3850,1.6270,339.36,
24,1519.436618,1.0817965480e-03,5.8423390916e-01,3000.00,6.4710,1.5640,351.82,
25,1537.053120,1.0711793585e-03,5.6997032938e-01,3000.00,3.7860,1.5755,363.86,
26,1554.981013,1.0597494496e-03,5.5309302022e-01,3000.00,4.4660,1.9835,378.88,
27,1582.071917,1.0438296957e-03,5.3827909309e-01,3000.00,3.9810,1.9260,393.66,
28,1606.418662,1.0292467920e-03,5.2859870812e-01,3000.00,4.7760,2.3300,411.10,
29,1630.325950,1.0155438710e-03,5.1966663076e-01,3000.00,5.5300,2.4305,428.67,
30,1653.165426,1.0024609994e-03,5.2023533555e-01,3000.00,4.5590,2.2530,445.42,
31,1677.212499,9.8844884251e-04,5.1831193598e-01,3000.00,7.1340,2.8490,466.16,
32,1701.522708,9.7330849156e-04,5.3121550549e-01,3000.00,7.7590,2.4095,484.48,
33,1737.683790,9.5156071606e-04,5.4027830706e-01,3000.00,6.4720,2.0470,501.61,
34,1774.772741,9.3078127033e-04,5.5550756541e-01,3000.00,4.8520,2.1590,517.06,
35,1808.225828,9.1113703457e-04,5.6734893468e-01,3000.00,3.7020,1.6860,530.80,
36,1843.892880,8.9065812768e-04,5.8234124202e-01,3000.00,4.6980,1.9740,546.04,
37,1883.873191,8.6673924148e-04,6.0392825299e-01,3000.00,5.1710,1.9935,562.47,
38,1926.703810,8.4160268330e-04,6.2208144468e-01,3000.00,8.1360,2.3090,580.04,
39,1976.298463,8.1220316444e-04,6.4122988324e-01,3000.00,5.3410,2.6375,599.89,
40,2052.881889,7.6357389074e-04,6.6019452933e-01,3000.00,7.4280,2.6595,620.24,
41,2137.584958,7.2105719762e-04,6.7502571802e-01,3000.00,6.2570,2.7845,639.78,
42,2164.724101,7.0382671517e-04,6.8937315777e-01,3000.00,5.9520,2.6020,657.97,
43,2201.780711,6.7872171750e-04,6.9799181884e-01,3000.00,5.9520,2.6840,676.95,
44,2242.264463,6.5265289463e-04,7.1124741173e-01,3000.00,5.7020,2.7890,695.53,
45,2283.279246,6.2576420516e-04,7.2868842841e-01,3000.00,5.3330,2.3420,711.41,
46,2341.240458,5.8398244100e-04,7.4194948239e-01,3000.00,7.3760,2.7520,730.76,
47,2387.430179,5.5768238885e-04,7.5141663747e-01,3000.00,6.9440,2.9320,751.05,
48,2407.981512,5.4194100799e-04,7.6302765912e-01,3000.00,8.2290,3.8530,777.41,
49,2427.213189,5.2657836821e-04,7.7036343184e-01,3000.00,5.5140,3.3215,798.37,
50,2446.841845,5.1141528029e-04,7.7725214446e-01,3000.00,3.8920,2.2870,813.99,
51,2468.581855,4.9407403520e-04,7.8597078223e-01,3000.00,5.7790,3.1550,835.27,
52,2500.465788,4.7070326665e-04,7.9163013189e-01,3000.00,5.7620,3.3425,857.10,
53,2535.376312,4.4183395469e-04,7.9853011760e-01,3000.00,4.0210,2.4240,872.79,
54,2577.594460,4.1036872026e-04,8.0574993742e-01,3000.00,4.2690,2.2895,888.21,
55,2587.264625,4.0070355081e-04,8.1125081876e-01,3000.00,3.8170,2.3155,903.76,
56,2595.855694,3.8991512537e-04,8.1810377542e-01,3000.00,5.0250,3.0255,923.86,
57,2605.450019,3.7916045398e-04,8.2480999864e-01,3000.00,4.3690,3.0345,944.22,
58,2618.267608,3.6758687517e-04,8.2797408205e-01,3000.00,3.6750,2.4350,960.90,
59,2628.845111,3.5601250205e-04,8.3108048329e-01,3000.00,5.0920,2.3975,977.26,
60,2639.792624,3.4356859711e-04,8.3278925835e-01,3000.00,5.8060,2.4920,993.46,
61,2653.365850,3.2962156040e-04,8.3498403011e-01,3000.00,4.1730,2.4160,1009.65,
62,2670.370115,3.1233320629e-04,8.3883158832e-01,3000.00,3.9730,2.6480,1026.48,
63,2693.619787,2.8762489820e-04,8.3903143061e-01,3000.00,4.5840,2.5160,1043.79,
64,2729.517235,2.4896031211e-04,8.2004366669e-01,3000.00,5.1780,2.8075,1062.26,
65,2733.507313,2.4266291167e-04,8.0436562701e-01,3000.00,4.8960,2.8680,1081.61,
66,2736.569198,2.3598723543e-04,7.8086653741e-01,3000.00,3.9990,2.5975,1098.58,
67,2738.799805,2.2948896349e-04,7.5744355483e-01,3000.00,3.9920,2.6340,1115.50,
68,2742.285787,2.2357382637e-04,7.4123401740e-01,3000.00,4.3350,2.3555,1131.12,
69,2745.006263,2.1845011119e-04,7.2971019157e-01,3000.00,4.1780,2.6235,1148.31,
70,2748.008199,2.1273062051e-04,7.1668523413e-01,3000.00,5.8260,3.7700,1172.57,
71,2751.150915,2.0667215258e-04,7.0218338199e-01,3000.00,4.9850,3.3895,1194.66,
72,2754.528768,2.0030623747e-04,6.9050027535e-01,3000.00,6.3410,4.1995,1222.23,
73,2758.331193,1.9335958018e-04,6.8019199630e-01,3000.00,7.4870,3.8150,1248.31,
74,2762.218037,1.8529248521e-04,6.6374464778e-01,3000.00,6.7280,3.4650,1271.74,
75,2767.620711,1.7544820463e-04,6.5249028299e-01,3000.00,5.9390,3.4670,1294.15,
76,2774.381847,1.6357555464e-04,6.4068060950e-01,3000.00,6.2380,3.3330,1315.90,
77,2782.948981,1.4768682573e-04,6.2905828726e-01,3000.00,6.5410,3.8200,1340.68,
78,2795.321705,1.2488586636e-04,6.0914009014e-01,3000.00,7.6000,4.2915,1368.79,
79,2816.661099,6.6257892728e-05,5.8888918462e-01,3000.00,5.2100,3.3030,1390.12,
80,2831.077218,1.5892970930e-05,5.7324743475e-01,3000.00,6.4940,3.5780,1413.84,
81,2829.927778,1.5497639036e-05,5.5550851933e-01,3000.00,6.0100,3.7725,1437.93,
82,2828.892015,1.4599660611e-05,5.4436218225e-01,3000.00,7.1030,3.6020,1461.51,
83,2828.125291,1.3470648673e-05,5.3020040845e-01,3000.00,6.9010,3.2565,1483.15,
84,2827.722807,1.3645519511e-05,5.1366520522e-01,3000.00,6.1660,2.7740,1501.57,
85,2827.312142,1.3459576376e-05,4.9549461281e-01,3000.00,6.3000,3.1080,1524.14,
86,2826.578785,1.2320784062e-05,4.8108756685e-01,3000.00,5.3140,3.2530,1546.01,
87,2825.965922,1.2265083812e-05,4.6392197332e-01,3000.00,6.3210,3.4490,1569.94,
88,2825.128816,1.2086694710e-05,4.5108213291e-01,3000.00,50096.4470,3.5355,51686.96,
89,2824.522133,1.2560233730e-05,4.3038668348e-01,3000.00,9.0160,4.0225,51715.89,
90,2823.842106,1.2547908900e-05,4.2180160646e-01,3000.00,5.0690,3.0180,51737.07,
91,2823.289113,1.2673400484e-05,3.9371670652e-01,3000.00,4.3540,2.4300,51755.15,
92,2822.567163,1.1810222370e-05,3.8470251572e-01,3000.00,6.0550,3.3440,51777.02,
93,2821.596249,1.1369673574e-05,3.7162328783e-01,3000.00,6.1970,3.0945,51798.03,
94,2820.545727,1.0371783365e-05,3.5374475520e-01,3000.00,4.7590,2.6640,51816.12,
95,2819.928737,1.0510520511e-05,3.3480221255e-01,3000.00,7.1210,3.0485,51837.12,
96,2819.193656,9.5847980227e-06,3.1600197374e-01,3000.00,5.1440,3.0715,51857.40,
97,2818.244665,9.2428060399e-06,2.9379567184e-01,3000.00,5.3460,2.8440,51876.45,
98,2817.266806,9.7561649966e-06,2.8111997853e-01,3000.00,4.0410,2.4310,51892.81,
99,2816.309095,9.8547109225e-06,2.7451307122e-01,3000.00,3.7950,2.4890,51909.32,
100,2815.420633,9.7320648853e-06,2.6956723146e-01,3000.00,5.1470,2.5565,51927.60,
