# tADMM live log — large10kC_1ph T=24, ρ_init=3000.0, adaptive=true
# k, objective, r_norm, s_norm, rho, sp_max, sp_med, elapsed_s, event
1,937155.593987,2.4984084280e-01,1.1411629558e+03,3000.00,178.9260,172.7980,304.45,
2,3320298.105440,1.6990886342e-01,2.1333178149e+02,3000.00,242.0530,156.5150,667.97,
3,3191283.417266,6.5730237732e-02,1.1652060230e+02,3000.00,156.8930,92.9620,876.31,
4,3105806.444396,1.5354334327e-02,6.0710811143e+01,3000.00,150.2580,68.9025,1053.90,
5,3116758.756987,2.9877305695e-02,4.0607601877e+01,3000.00,147.5350,72.4640,1230.99,
6,3109346.051666,1.9242290294e-02,4.4888519452e+01,3000.00,126.8310,67.3005,1403.10,
7,3088377.244019,1.7188987707e-02,1.7119349923e+01,3000.00,98.6680,63.2325,1558.23,
8,3078621.914166,9.7653504374e-03,1.3645088870e+01,3000.00,91.2950,65.5425,1706.33,
9,3070172.450392,5.2047889429e-03,1.2555040116e+01,3000.00,86.6690,59.7560,1847.84,
10,3068515.989538,3.2638714560e-03,1.1276824652e+01,3000.00,89.5430,66.6155,1992.31,
11,3067189.946673,3.2585806073e-03,9.6535697667e+00,3000.00,94.7630,65.0355,2146.20,
12,3066080.695613,3.0042971100e-03,8.3404242996e+00,3000.00,91.7090,68.0100,2291.29,
13,3065102.264444,2.6589370677e-03,7.7367436908e+00,3000.00,123.6280,80.5695,2489.77,
14,3064235.286795,2.6902693052e-03,6.8264742623e+00,3000.00,120.0160,83.7435,2676.71,
15,3063460.332780,2.6248956042e-03,6.3380288728e+00,3000.00,113.3490,86.0095,2858.11,
16,3062773.331974,2.6096842848e-03,5.8759654209e+00,3000.00,115.1710,79.7530,3036.66,
17,3062120.749047,2.1884884619e-03,5.5800028151e+00,3000.00,116.4970,81.4955,3217.44,
18,3061530.387956,2.1306363723e-03,5.3457977210e+00,3000.00,146.7110,76.1875,3398.41,
19,3061000.897686,2.1308271644e-03,5.0623198173e+00,3000.00,114.4530,83.3065,3578.74,
20,3060498.491980,2.1307306343e-03,4.9271771708e+00,3000.00,109.4600,78.6545,3753.49,
21,3060014.524313,2.1304653054e-03,4.7854381326e+00,3000.00,110.2660,75.7060,3931.24,
22,3059558.154809,2.1303933087e-03,4.6100454271e+00,3000.00,110.1820,83.7665,4104.01,
23,3059140.098913,1.9160016147e-03,4.2738262896e+00,3000.00,111.4150,81.5245,4286.18,
24,3058731.390191,1.5066628324e-03,4.0596796513e+00,3000.00,107.7660,79.0340,4464.62,
25,3058375.878210,1.5065716783e-03,3.9541866939e+00,300.00,147.6770,80.8170,4649.82,
26,3055002.285677,1.5913499752e-03,3.8360015795e+00,300.00,119.8820,89.8860,4859.82,
27,3051739.270745,1.6427315924e-03,3.7733073339e+00,300.00,134.3560,90.6705,5073.70,
28,3048572.969287,1.5673055229e-03,3.7152518161e+00,300.00,134.1690,93.7900,5286.62,
29,3045551.739106,1.5407853894e-03,3.6262961522e+00,300.00,119.9690,91.2420,5468.01,
30,3042656.989708,1.5335948632e-03,3.5575984231e+00,30.00,103.7350,73.6265,5631.91,
31,3018853.608287,3.5304287928e-03,3.1835299096e+00,30.00,111.8020,60.8070,5802.07,
32,2995309.840274,7.4315991948e-03,2.6603447982e+00,30.00,118.0050,87.7965,5979.76,
33,2974330.730223,1.3205706011e-02,2.1747945620e+00,30.00,137.8340,67.0735,6147.53,
34,2971826.252990,1.4136883193e-02,1.7154438983e+00,30.00,155.7270,61.0320,6318.12,
35,2971386.384047,1.4777436286e-02,1.2714166732e+00,30.00,117.0360,80.7290,6495.97,
36,2967894.115468,1.3521083088e-02,1.0018834940e+00,30.00,106.0900,63.4855,6654.50,
37,2970655.013344,7.4916452247e-03,9.0210159037e-01,75.00,86.9020,61.1295,6797.98,
38,2973692.595458,3.2230152025e-03,8.9484518113e-01,75.00,89.2850,64.6750,6934.94,
39,2975390.605342,2.4811877709e-03,8.0242392338e-01,75.00,89.5920,58.1410,7074.07,
40,2976218.827898,3.0117018603e-03,6.8376293623e-01,75.00,90.8010,64.1700,7213.64,
41,2975034.314869,2.6149993241e-03,6.0561521486e-01,75.00,90.7390,54.4320,7352.74,
42,2973874.586410,1.9346802981e-03,5.3630086938e-01,75.00,103.1120,69.2100,7522.87,
43,2972590.861762,1.8564851815e-03,4.7407011588e-01,75.00,97.1880,73.8600,7676.39,
44,2972186.885137,1.9096992782e-03,4.2503657937e-01,75.00,97.4950,70.9190,7827.88,
45,2972612.268869,1.7753872642e-03,4.0489906883e-01,7.50,98.5480,67.6020,7991.25,
46,2979761.898385,7.2298532812e-03,3.3435958120e-01,7.50,141.0770,64.9680,8172.60,
47,2991249.440645,7.1495639123e-03,2.4444669715e-01,7.50,105.1870,61.2640,8340.52,
48,2996926.427956,7.1518028986e-03,2.0397964271e-01,7.50,138.5600,60.7675,8507.50,
49,2992047.289278,7.6812114479e-03,1.7859521675e-01,7.50,88.7370,55.0025,8650.73,
50,2975146.823250,4.3214349388e-03,1.6398103030e-01,7.50,96.1360,62.8610,8797.95,
51,2964484.450081,4.8694942057e-03,1.3114831125e-01,7.50,82.8490,55.6195,8936.77,
52,2961326.157170,5.6092336718e-03,8.5445474786e-02,7.50,88.8420,57.8350,9076.61,
53,2962307.150483,5.4299997457e-03,4.3209865822e-02,7.50,81.2870,55.8180,9217.47,
54,2965692.355183,3.7318498751e-03,4.0092396016e-02,7.50,81.8760,59.3480,9354.31,
55,2969500.306678,2.3942527969e-03,3.9163801969e-02,7.50,82.4450,57.8945,9486.18,
56,2971924.616273,2.2016249634e-03,2.7998304813e-02,7.50,79.8710,57.8590,9613.68,
57,2972495.472158,2.2177428873e-03,1.5265617900e-02,7.50,79.5060,56.7870,9746.30,
58,2971778.985462,2.0060724344e-03,1.1131949173e-02,7.50,78.3420,57.1620,9869.94,
59,2970647.739336,1.7747204117e-03,1.1713327988e-02,7.50,78.3020,55.5265,9995.80,
60,2969764.505050,1.6890617644e-03,9.7207360574e-03,1.00,78.0690,59.0085,10121.71,
# CONVERGED at k=60 (r=1.69e-03 <= 2.00e-03, s=9.72e-03 <= 1.00e-02)
# Final objective: $2969764.505050
