
******************************************************************************
This program contains Ipopt, a library for large-scale nonlinear optimization.
 Ipopt is released as open source code under the Eclipse Public License (EPL).
         For more information visit https://github.com/coin-or/Ipopt
******************************************************************************

This is Ipopt version 3.14.19, running with linear solver MUMPS 5.8.2.

Number of nonzeros in equality constraint Jacobian...:  2350620
Number of nonzeros in inequality constraint Jacobian.:  1311912
Number of nonzeros in Lagrangian Hessian.............:   767520

Total number of variables............................:  1064280
                     variables with only lower bounds:   247704
                variables with lower and upper bounds:        0
                     variables with only upper bounds:        0
Total number of equality constraints.................:   767592
Total number of inequality constraints...............:   568872
        inequality constraints with only lower bounds:        0
   inequality constraints with lower and upper bounds:   321192
        inequality constraints with only upper bounds:   247680

iter    objective    inf_pr   inf_du lg(mu)  ||d||  lg(rg) alpha_du alpha_pr  ls
   0  3.3599966e+01 1.25e+00 9.90e+01  -1.0 0.00e+00    -  0.00e+00 0.00e+00   0
   1  3.2134333e+02 1.25e+00 8.92e+01  -1.0 1.03e+03    -  4.48e-05 5.13e-04h  1
   2  1.1742102e+03 1.25e+00 8.90e+01  -1.0 7.25e+03    -  9.89e-05 2.86e-04h  1
   3  2.7888319e+03 1.25e+00 8.90e+01  -1.0 6.52e+03    -  1.45e-04 5.42e-04h  1
   4  3.0904475e+03 1.25e+00 8.90e+01  -1.0 7.73e+03    -  1.82e-04 9.92e-05h  1
   5  3.9855339e+03 1.25e+00 8.89e+01  -1.0 8.00e+03    -  2.28e-04 2.94e-04h  1
   6  4.6515383e+03 1.25e+00 8.89e+01  -1.0 5.46e+03    -  8.45e-04 2.20e-04h  1
   7  6.0160897e+03 1.25e+00 3.16e+02  -1.0 3.41e+03    -  1.39e-03 4.52e-04h  1
   8  6.0523010e+03 1.25e+00 4.34e+03  -1.0 1.86e+03    -  8.43e-04 1.20e-05h  1
   9  6.1572827e+03 1.25e+00 3.46e+03  -1.0 4.54e+03    -  2.35e-06 3.50e-05h  1
iter    objective    inf_pr   inf_du lg(mu)  ||d||  lg(rg) alpha_du alpha_pr  ls
  10  6.3703731e+03 1.25e+00 2.73e+03  -1.0 6.63e+03    -  1.46e-05 7.09e-05h  1
  11  6.4006422e+03 1.25e+00 2.95e+03  -1.0 3.12e+03   0.0 2.49e-05 1.01e-05h  1
  12  6.4579770e+03 1.25e+00 2.80e+03  -1.0 3.93e+03  -0.5 1.34e-06 1.91e-05h  1
  13  6.5429221e+03 1.25e+00 2.66e+03  -1.0 5.05e+03  -1.0 2.75e-06 2.83e-05h  1
  14  6.5970279e+03 1.25e+00 2.76e+03  -1.0 3.58e+03  -0.5 7.12e-06 1.80e-05h  1
  15r 6.5970279e+03 1.25e+00 9.99e+02   0.1 0.00e+00  -1.0 0.00e+00 3.24e-07R  5
  16r 7.8462620e+03 1.16e+00 9.99e+02   0.1 2.31e+03    -  1.94e-04 2.48e-04f  1
  17r 8.0198131e+03 1.11e+00 9.99e+02   0.1 1.04e+01   2.0 1.48e-02 5.52e-03f  1
  18r 8.0198131e+03 1.11e+00 9.99e+02   0.0 0.00e+00    -  0.00e+00 4.93e-07R  3
  19r 9.2221503e+03 1.03e+00 9.99e+02   0.0 1.74e+03    -  3.91e-04 2.69e-04f  1
iter    objective    inf_pr   inf_du lg(mu)  ||d||  lg(rg) alpha_du alpha_pr  ls
  20r 1.3374652e+04 8.54e-01 9.98e+02   0.0 2.07e+03    -  4.73e-04 7.31e-04f  1
  21  1.3499256e+04 8.53e-01 9.94e+01  -1.0 1.77e+03    -  2.16e-03 4.55e-05h  1
  22  1.4558571e+04 8.53e-01 9.94e+01  -1.0 2.07e+03    -  5.40e-04 3.61e-04h  1
  23  1.7165674e+04 8.52e-01 9.93e+01  -1.0 2.04e+03    -  7.13e-04 8.77e-04h  1
  24  1.9898903e+04 8.52e-01 9.92e+01  -1.0 2.40e+03    -  7.37e-04 9.04e-04h  1
  25  2.1630512e+04 8.51e-01 9.91e+01  -1.0 2.93e+03    -  3.41e-04 5.69e-04h  1
  26  2.3120923e+04 8.51e-01 9.91e+01  -1.0 3.15e+03    -  3.33e-04 4.90e-04h  1
  27  2.5303360e+04 8.50e-01 9.90e+01  -1.0 3.30e+03    -  1.42e-03 7.17e-04h  1
  28  3.0447990e+04 8.49e-01 9.89e+01  -1.0 3.73e+03    -  1.26e-03 1.69e-03h  1
  29  3.6359650e+04 8.47e-01 9.87e+01  -1.0 3.90e+03    -  2.48e-03 1.95e-03h  1
iter    objective    inf_pr   inf_du lg(mu)  ||d||  lg(rg) alpha_du alpha_pr  ls
  30  4.3469132e+04 8.45e-01 9.85e+01  -1.0 4.05e+03    -  2.69e-03 2.35e-03h  1
  31  4.7152165e+04 8.44e-01 2.11e+02  -1.0 4.19e+03    -  4.15e-03 1.22e-03h  2
  32  5.5223184e+04 8.42e-01 2.77e+02  -1.0 4.34e+03    -  4.27e-03 2.67e-03f  2
  33  5.9913939e+04 8.40e-01 4.26e+02  -1.0 4.53e+03    -  5.46e-03 1.56e-03f  3
  34  6.6267381e+04 8.39e-01 5.70e+02  -1.0 4.60e+03    -  6.14e-03 2.11e-03f  3
  35  7.5428902e+04 8.36e-01 6.34e+02  -1.0 4.64e+03    -  4.97e-03 3.05e-03f  3
  36  8.5326807e+04 8.33e-01 6.74e+02  -1.0 4.70e+03    -  4.63e-03 3.30e-03f  2
  37  9.1636428e+04 8.32e-01 6.79e+02  -1.0 4.74e+03    -  2.30e-03 2.11e-03f  3
  38  1.1627983e+05 8.25e-01 5.45e+02  -1.0 4.77e+03    -  3.30e-03 8.26e-03f  1
  39  1.3344530e+05 8.20e-01 5.59e+02  -1.0 4.78e+03    -  5.19e-03 5.79e-03f  1
iter    objective    inf_pr   inf_du lg(mu)  ||d||  lg(rg) alpha_du alpha_pr  ls
  40  1.4567598e+05 8.17e-01 5.54e+02  -1.0 4.80e+03    -  3.14e-03 4.14e-03f  1
  41  1.5341382e+05 8.14e-01 5.55e+02  -1.0 4.77e+03    -  4.23e-03 2.63e-03h  1
  42  1.6226123e+05 8.12e-01 5.59e+02  -1.0 4.74e+03    -  4.68e-03 3.02e-03h  1
  43  1.6787724e+05 8.10e-01 5.74e+02  -1.0 4.67e+03    -  2.47e-03 1.92e-03h  1
  44  1.7278774e+05 8.09e-01 5.76e+02  -1.0 4.61e+03    -  1.77e-03 1.69e-03h  1
  45  1.7762447e+05 8.08e-01 5.73e+02  -1.0 4.55e+03    -  1.61e-03 1.67e-03h  1
  46  1.8146594e+05 8.07e-01 5.78e+02  -1.0 4.50e+03    -  1.48e-03 1.33e-03h  1
  47  1.8419666e+05 8.06e-01 5.81e+02  -1.0 4.48e+03    -  1.02e-03 9.47e-04h  1
  48  1.8683859e+05 8.05e-01 5.77e+02  -1.0 4.48e+03    -  8.58e-04 9.19e-04h  1
  49  1.8764885e+05 8.05e-01 6.02e+02  -1.0 4.48e+03    -  7.17e-04 2.83e-04h  1
iter    objective    inf_pr   inf_du lg(mu)  ||d||  lg(rg) alpha_du alpha_pr  ls
  50  1.8955136e+05 8.04e-01 5.93e+02  -1.0 4.49e+03    -  5.11e-04 6.64e-04h  1
  51  1.8998952e+05 8.04e-01 6.09e+02  -1.0 4.51e+03    -  4.17e-04 1.53e-04h  1
  52  1.9030589e+05 8.04e-01 6.21e+02  -1.0 4.52e+03    -  2.85e-04 1.11e-04h  1
  53  1.9098035e+05 8.04e-01 6.19e+02  -1.0 4.52e+03    -  2.09e-04 2.36e-04h  1
  54  1.9173494e+05 8.04e-01 6.18e+02  -1.0 4.53e+03    -  2.51e-04 2.65e-04h  1
  55  1.9239419e+05 8.04e-01 6.23e+02  -1.0 4.54e+03    -  3.02e-04 2.32e-04h  1
  56  1.9294866e+05 8.03e-01 6.31e+02  -1.0 4.55e+03    -  3.16e-04 1.95e-04h  1
  57  1.9389080e+05 8.03e-01 6.29e+02  -1.0 4.56e+03    -  3.02e-04 3.32e-04h  1
  58  1.9427077e+05 8.03e-01 6.41e+02  -1.0 4.58e+03    -  2.87e-04 1.34e-04h  1
  59  1.9525526e+05 8.03e-01 6.35e+02  -1.0 4.59e+03    -  2.78e-04 3.47e-04h  1
iter    objective    inf_pr   inf_du lg(mu)  ||d||  lg(rg) alpha_du alpha_pr  ls
  60  1.9567858e+05 8.03e-01 6.43e+02  -1.0 4.60e+03    -  2.48e-04 1.49e-04h  1
  61  1.9642527e+05 8.02e-01 6.45e+02  -1.0 4.61e+03    -  2.86e-04 2.64e-04h  1
  62  1.9709659e+05 8.02e-01 6.39e+02  -1.0 4.61e+03    -  1.75e-04 2.37e-04h  1
  63  1.9755524e+05 8.02e-01 6.35e+02  -1.0 4.63e+03    -  1.15e-04 1.62e-04h  1
  64  1.9823201e+05 8.02e-01 6.27e+02  -1.0 4.64e+03    -  1.45e-04 2.40e-04h  1
  65  1.9894387e+05 8.02e-01 6.21e+02  -1.0 4.66e+03    -  1.80e-04 2.53e-04h  1
  66  1.9953934e+05 8.02e-01 6.12e+02  -1.0 4.68e+03    -  1.15e-04 2.11e-04h  1
  67  1.9986240e+05 8.01e-01 6.16e+02  -1.0 4.70e+03    -  1.60e-04 1.15e-04h  1
  68  2.0055016e+05 8.01e-01 6.03e+02  -1.0 4.72e+03    -  9.86e-05 2.44e-04h  1
  69  2.0121171e+05 8.01e-01 5.94e+02  -1.0 4.74e+03    -  1.38e-04 2.35e-04h  1
iter    objective    inf_pr   inf_du lg(mu)  ||d||  lg(rg) alpha_du alpha_pr  ls
  70  2.0206565e+05 8.01e-01 5.83e+02  -1.0 4.76e+03    -  1.85e-04 3.04e-04h  1
  71  2.0229391e+05 8.01e-01 5.86e+02  -1.0 4.80e+03    -  1.11e-04 8.12e-05h  1
  72  2.0281594e+05 8.01e-01 5.91e+02  -1.0 4.82e+03    -  2.44e-04 1.86e-04h  1
  73  2.0358195e+05 8.00e-01 5.98e+02  -1.0 4.86e+03    -  3.44e-04 2.73e-04h  1
  74  2.0459391e+05 8.00e-01 5.96e+02  -1.0 4.92e+03    -  3.46e-04 3.60e-04h  1
  75  2.0546301e+05 8.00e-01 5.96e+02  -1.0 5.00e+03    -  3.05e-04 3.09e-04h  1
  76  2.0578254e+05 8.00e-01 6.21e+02  -1.0 5.07e+03    -  3.35e-04 1.14e-04h  1
  77  2.0652677e+05 8.00e-01 6.07e+02  -1.0 5.13e+03    -  1.52e-04 2.65e-04h  1
  78  2.0707588e+05 7.99e-01 6.19e+02  -1.0 5.18e+03    -  2.91e-04 1.95e-04h  1
  79  2.0748065e+05 7.99e-01 6.45e+02  -1.0 5.24e+03    -  3.44e-04 1.44e-04h  1
iter    objective    inf_pr   inf_du lg(mu)  ||d||  lg(rg) alpha_du alpha_pr  ls
  80  2.0750899e+05 7.99e-01 6.69e+02  -1.0 5.27e+03    -  1.98e-04 1.01e-05h  1
  81  2.0802037e+05 7.99e-01 6.57e+02  -1.0 5.28e+03    -  9.46e-05 1.82e-04h  1
  82  2.0808955e+05 7.99e-01 6.76e+02  -1.0 5.30e+03    -  1.57e-04 2.47e-05h  1
  83  2.0860179e+05 7.99e-01 6.67e+02  -1.0 5.31e+03    -  1.25e-04 1.83e-04h  1
  84  2.0913528e+05 7.99e-01 6.70e+02  -1.0 5.33e+03    -  2.13e-04 1.90e-04h  1
  85  2.0922581e+05 7.99e-01 6.97e+02  -1.0 5.35e+03    -  2.06e-04 3.23e-05h  1
  86  2.0976078e+05 7.99e-01 6.85e+02  -1.0 5.36e+03    -  1.19e-04 1.91e-04h  1
  87r 2.0976078e+05 7.99e-01 9.99e+02  -0.1 0.00e+00    -  0.00e+00 4.91e-07R  4
  88r 2.3158164e+05 7.05e-01 9.99e+02  -0.1 3.27e+04    -  5.24e-04 5.10e-04f  1
  89  2.3162721e+05 7.05e-01 9.90e+01  -1.0 2.84e+03    -  7.51e-05 1.63e-05h  1
iter    objective    inf_pr   inf_du lg(mu)  ||d||  lg(rg) alpha_du alpha_pr  ls
  90  2.3198338e+05 7.05e-01 9.90e+01  -1.0 2.97e+03    -  6.67e-05 1.27e-04h  1
  91  2.3223942e+05 7.05e-01 9.90e+01  -1.0 3.13e+03    -  5.67e-05 9.11e-05h  1
  92  2.3248881e+05 7.05e-01 9.90e+01  -1.0 3.22e+03    -  8.51e-05 8.88e-05h  1
  93  2.3276055e+05 7.05e-01 9.90e+01  -1.0 3.31e+03    -  1.24e-04 9.69e-05h  1
  94  2.3313279e+05 7.04e-01 9.89e+01  -1.0 3.40e+03    -  1.90e-04 1.33e-04h  1
  95  2.3362889e+05 7.04e-01 9.89e+01  -1.0 3.49e+03    -  3.02e-04 1.77e-04h  1
  96  2.3395579e+05 7.04e-01 9.89e+01  -1.0 3.59e+03    -  1.69e-05 1.17e-04h  1
  97  2.3402106e+05 7.04e-01 9.89e+01  -1.0 3.62e+03    -  7.00e-05 2.33e-05h  1
  98  2.3423870e+05 7.04e-01 9.89e+01  -1.0 3.64e+03    -  6.39e-05 7.78e-05h  1
  99  2.3446270e+05 7.04e-01 9.89e+01  -1.0 3.67e+03    -  1.29e-04 8.01e-05h  1
iter    objective    inf_pr   inf_du lg(mu)  ||d||  lg(rg) alpha_du alpha_pr  ls
 100  2.3493967e+05 7.04e-01 9.89e+01  -1.0 3.71e+03    -  8.88e-05 1.71e-04h  1
 101  2.3511146e+05 7.04e-01 9.89e+01  -1.0 3.75e+03    -  2.46e-05 6.15e-05h  1
 102  2.3556071e+05 7.04e-01 9.89e+01  -1.0 3.77e+03    -  2.00e-04 1.61e-04h  1
 103  2.3592835e+05 7.04e-01 9.88e+01  -1.0 3.84e+03    -  2.61e-05 1.32e-04h  1
 104  2.3621852e+05 7.04e-01 9.88e+01  -1.0 3.86e+03    -  2.82e-05 1.04e-04h  1
 105  2.3629916e+05 7.04e-01 9.88e+01  -1.0 3.89e+03    -  8.51e-05 2.89e-05h  1
 106  2.3674342e+05 7.04e-01 9.88e+01  -1.0 3.92e+03    -  8.31e-05 1.59e-04h  1
 107  2.3697460e+05 7.04e-01 9.88e+01  -1.0 3.99e+03    -  2.08e-04 8.29e-05h  1
 108  2.3760191e+05 7.04e-01 9.88e+01  -1.0 4.05e+03    -  1.57e-04 2.25e-04h  1
 109  2.3831460e+05 7.04e-01 9.88e+01  -1.0 4.12e+03    -  1.41e-04 2.56e-04h  1
iter    objective    inf_pr   inf_du lg(mu)  ||d||  lg(rg) alpha_du alpha_pr  ls
 110  2.3836093e+05 7.04e-01 9.88e+01  -1.0 4.19e+03    -  4.93e-06 1.67e-05h  1
 111  2.3839628e+05 7.04e-01 9.88e+01  -1.0 4.20e+03    -  1.73e-06 1.28e-05h  1
 112r 2.3839628e+05 7.04e-01 9.99e+02  -0.1 0.00e+00    -  0.00e+00 1.95e-07R  2
 113r 2.4991036e+05 6.39e-01 9.99e+02  -0.1 3.24e+04    -  9.40e-04 2.99e-04f  1
 114r 2.4991036e+05 6.39e-01 9.99e+02  -0.2 0.00e+00    -  0.00e+00 3.96e-07R  4
 115r 2.5299119e+05 6.26e-01 9.99e+02  -0.2 2.86e+04    -  1.41e-03 7.97e-05f  1
 116r 2.8495834e+05 4.90e-01 9.98e+02  -0.2 1.80e+04    -  6.15e-04 9.20e-04f  1
 117  2.8501501e+05 4.90e-01 9.90e+01  -1.0 1.84e+03    -  3.84e-04 2.34e-05h  1
 118  2.8522030e+05 4.89e-01 9.90e+01  -1.0 2.57e+03    -  1.86e-04 7.90e-05h  1
 119  2.8535078e+05 4.89e-01 9.90e+01  -1.0 3.14e+03    -  6.32e-05 5.01e-05h  1
iter    objective    inf_pr   inf_du lg(mu)  ||d||  lg(rg) alpha_du alpha_pr  ls
 120  2.8550998e+05 4.89e-01 9.90e+01  -1.0 3.46e+03    -  1.55e-04 6.15e-05h  1
 121  2.8581625e+05 4.89e-01 1.79e+02  -1.0 4.18e+03    -  3.93e-04 1.20e-04h  1
 122  2.8629159e+05 4.89e-01 2.07e+02  -1.0 6.08e+03    -  2.36e-04 1.94e-04h  1
 123  2.8672319e+05 4.89e-01 3.03e+02  -1.0 7.80e+03    -  2.85e-04 1.82e-04h  1
 124  2.8701650e+05 4.89e-01 5.27e+02  -1.0 9.13e+03    -  2.26e-04 1.27e-04h  1
 125  2.8706630e+05 4.89e-01 3.50e+02  -1.0 1.78e+04    -  1.16e-05 2.19e-05h  1
 126  2.8711160e+05 4.89e-01 1.82e+02  -1.0 5.74e+04    -  7.54e-06 1.98e-05h  1
 127  2.8718960e+05 4.89e-01 3.86e+02  -1.0 5.11e+04    -  1.43e-05 3.41e-05h  1
 128  2.8734325e+05 4.89e-01 1.24e+03  -1.0 4.24e+04    -  1.90e-05 6.73e-05h  1
 129  2.8761888e+05 5.19e-01 2.53e+03  -1.0 3.61e+04    -  3.11e-05 1.21e-04h  1
iter    objective    inf_pr   inf_du lg(mu)  ||d||  lg(rg) alpha_du alpha_pr  ls
 130  2.8775902e+05 5.39e-01 2.86e+03  -1.0 4.35e+04    -  4.22e-05 6.17e-05h  1
 131  2.8784318e+05 5.41e-01 2.09e+03  -1.0 7.60e+04    -  6.36e-05 3.71e-05h  1
 132  2.8791640e+05 5.41e-01 4.83e+02  -1.0 1.01e+05    -  6.27e-05 3.22e-05h  1
 133  2.8825107e+05 5.41e-01 2.40e+03  -1.0 1.02e+04  -1.5 8.41e-06 1.47e-04h  1
 134  2.8843434e+05 5.41e-01 2.38e+03  -1.0 9.22e+03  -1.1 8.28e-05 8.03e-05h  1
 135  2.8854080e+05 5.41e-01 2.41e+03  -1.0 7.50e+03  -0.6 4.25e-05 4.63e-05h  1
 136  2.8862211e+05 5.41e-01 2.37e+03  -1.0 1.07e+04  -1.1 4.72e-05 3.57e-05h  1
 137  2.8867167e+05 5.41e-01 2.18e+03  -1.0 8.68e+03  -0.7 5.00e-05 2.16e-05h  1
 138  2.8873300e+05 5.41e-01 2.41e+03  -1.0 6.23e+03  -0.3 8.29e-06 2.64e-05h  1
 139  2.8878633e+05 5.41e-01 2.33e+03  -1.0 9.67e+03  -0.7 3.81e-05 2.32e-05h  1
iter    objective    inf_pr   inf_du lg(mu)  ||d||  lg(rg) alpha_du alpha_pr  ls
 140  2.8883265e+05 5.41e-01 2.22e+03  -1.0 7.06e+03  -0.3 3.00e-05 2.00e-05h  1
 141  2.8894369e+05 5.41e-01 2.42e+03  -1.0 1.09e+04  -0.8 6.20e-06 4.81e-05h  1
 142  2.8899849e+05 5.41e-01 2.32e+03  -1.0 8.27e+03  -0.4 3.45e-05 2.36e-05h  1
 143  2.8908772e+05 5.41e-01 2.34e+03  -1.0 1.33e+04  -0.8 3.21e-05 3.82e-05h  1
 144  2.8914185e+05 5.41e-01 2.53e+03  -1.0 1.06e+04  -0.4 1.09e-06 2.30e-05h  1
 145  2.8919392e+05 5.41e-01 2.54e+03  -1.0 1.59e+04  -0.9 1.85e-05 2.19e-05h  1
 146  2.8923854e+05 5.41e-01 2.63e+03  -1.0 1.24e+04  -0.5 7.05e-06 1.88e-05h  1
 147  2.8928619e+05 5.41e-01 2.66e+03  -1.0 1.86e+04  -0.9 1.20e-05 1.98e-05h  1
 148  2.8932766e+05 5.41e-01 2.70e+03  -1.0 1.45e+04  -0.5 1.09e-05 1.73e-05h  1
 149r 2.8932766e+05 5.41e-01 9.99e+02  -0.3 0.00e+00  -0.1 0.00e+00 2.51e-07R  6
iter    objective    inf_pr   inf_du lg(mu)  ||d||  lg(rg) alpha_du alpha_pr  ls
 150r 3.0346345e+05 4.35e-01 1.00e+03  -0.3 1.49e+04    -  6.53e-04 3.85e-04f  1
 151r 3.0346345e+05 4.35e-01 9.99e+02  -0.4 0.00e+00    -  0.00e+00 4.93e-08R  2
 152r 3.1256987e+05 4.04e-01 9.98e+02  -0.4 1.42e+04    -  1.96e-03 2.21e-04f  1
 153r 3.8641118e+05 3.99e-01 9.97e+02  -0.4 1.28e+04    -  6.54e-04 1.93e-03f  1
 154r 4.5499800e+05 4.55e-01 9.97e+02  -0.4 1.25e+04    -  4.16e-04 1.81e-03f  1
 155r 5.0466824e+05 4.75e-01 9.96e+02  -0.4 1.21e+04    -  1.54e-03 1.35e-03f  1
 156r 6.0987427e+05 5.93e-01 9.96e+02  -0.4 1.17e+04    -  1.15e-03 2.91e-03f  1
 157r 6.9582692e+05 6.59e-01 9.97e+02  -0.4 9.87e+03    -  1.28e-03 2.72e-03f  1
 158r 7.0700473e+05 6.57e-01 9.92e+02  -0.4 8.49e+03    -  2.40e-03 6.72e-04f  1
 159r 7.2319707e+05 6.54e-01 9.90e+02  -0.4 8.50e+03    -  1.98e-03 1.82e-03f  1
iter    objective    inf_pr   inf_du lg(mu)  ||d||  lg(rg) alpha_du alpha_pr  ls
 160r 7.3192969e+05 6.50e-01 9.86e+02  -0.4 7.20e+03    -  3.02e-03 1.97e-03f  1
 161r 7.3677601e+05 6.47e-01 9.81e+02  -0.4 3.19e+03    -  1.20e-02 2.12e-03f  1
 162r 7.5079776e+05 6.35e-01 9.69e+02  -0.4 5.19e+02    -  2.06e-02 1.24e-02f  1
 163r 7.5773242e+05 6.20e-01 9.53e+02  -0.4 2.49e+02    -  2.48e-02 1.74e-02f  1
 164r 7.5977651e+05 6.03e-01 9.37e+02  -0.4 2.92e+02    -  2.70e-02 1.68e-02f  1
 165r 7.6115550e+05 5.77e-01 9.13e+02  -0.4 3.28e+02    -  2.59e-02 2.57e-02f  1
 166r 7.6344802e+05 5.42e-01 8.82e+02  -0.4 3.23e+02    -  2.71e-02 3.40e-02f  1
 167r 7.7019304e+05 4.96e-01 8.50e+02  -0.4 2.20e+02    -  3.44e-02 3.60e-02f  1
 168r 7.9009126e+05 4.76e-01 9.04e+02  -0.4 7.96e+02    -  1.35e-03 1.74e-02f  1
 169r 8.1211601e+05 5.24e-01 9.06e+02  -0.4 1.51e+03    -  7.08e-03 1.04e-02f  1
iter    objective    inf_pr   inf_du lg(mu)  ||d||  lg(rg) alpha_du alpha_pr  ls
 170r 8.3645751e+05 5.44e-01 9.01e+02  -0.4 1.70e+03    -  6.94e-03 8.09e-03f  1
 171r 8.7177913e+05 5.67e-01 8.96e+02  -0.4 1.80e+03    -  6.57e-03 9.70e-03f  1
 172r 9.0877712e+05 5.88e-01 8.91e+02  -0.4 1.69e+03    -  6.87e-03 9.51e-03f  1
 173r 9.4780498e+05 5.99e-01 8.85e+02  -0.4 1.66e+03    -  6.80e-03 9.18e-03f  1
 174r 9.8787772e+05 6.10e-01 8.79e+02  -0.4 1.57e+03    -  6.94e-03 9.35e-03f  1
 175r 1.0295931e+06 6.18e-01 8.88e+02  -0.4 1.52e+03    -  2.75e-03 9.75e-03f  1
 176r 1.0591959e+06 6.18e-01 8.87e+02  -0.4 1.40e+03    -  5.55e-03 7.17e-03f  1
 177r 1.0922414e+06 6.18e-01 8.91e+02  -0.4 1.40e+03    -  4.54e-03 8.23e-03f  1
 178r 1.1211212e+06 6.18e-01 8.91e+02  -0.4 1.40e+03    -  4.68e-03 7.14e-03f  1
 179r 1.1397324e+06 6.14e-01 8.86e+02  -0.4 1.44e+03    -  5.02e-03 4.57e-03f  1
iter    objective    inf_pr   inf_du lg(mu)  ||d||  lg(rg) alpha_du alpha_pr  ls
 180r 1.1536166e+06 6.07e-01 8.80e+02  -0.4 1.53e+03    -  4.43e-03 3.44e-03f  1
 181r 1.1686186e+06 5.99e-01 8.72e+02  -0.4 1.60e+03    -  5.97e-03 4.04e-03f  1
 182r 1.1832701e+06 5.89e-01 8.69e+02  -0.4 1.70e+03    -  4.04e-03 4.93e-03f  1
 183r 1.1941628e+06 5.80e-01 8.65e+02  -0.4 1.72e+03    -  4.62e-03 4.58e-03f  1
 184r 1.2031320e+06 5.71e-01 8.58e+02  -0.4 1.65e+03    -  5.94e-03 4.71e-03f  1
 185r 1.2109945e+06 5.61e-01 8.52e+02  -0.4 1.47e+03    -  5.94e-03 5.16e-03f  1
 186r 1.2174913e+06 5.51e-01 8.45e+02  -0.4 1.48e+03    -  6.45e-03 5.37e-03f  1
 187r 1.2224599e+06 5.41e-01 8.36e+02  -0.4 1.46e+03    -  8.29e-03 5.29e-03f  1
 188r 1.2274680e+06 5.29e-01 8.30e+02  -0.4 1.33e+03    -  7.51e-03 6.69e-03f  1
 189r 1.2313310e+06 5.18e-01 8.17e+02  -0.4 9.67e+02    -  1.24e-02 6.13e-03f  1
iter    objective    inf_pr   inf_du lg(mu)  ||d||  lg(rg) alpha_du alpha_pr  ls
 190r 1.2361578e+06 5.07e-01 7.99e+02  -0.4 3.75e+02    -  2.13e-02 7.43e-03f  1
 191r 1.2503312e+06 5.04e-01 7.92e+02  -0.4 4.80e+02    -  9.10e-03 1.30e-02f  1
 192r 1.2812188e+06 5.43e-01 7.95e+02  -0.4 8.38e+02    -  7.45e-03 1.73e-02f  1
 193r 1.3122225e+06 5.50e-01 7.90e+02  -0.4 1.03e+03    -  1.03e-02 1.28e-02f  1
 194r 1.3451040e+06 5.55e-01 7.87e+02  -0.4 1.04e+03    -  8.68e-03 1.17e-02f  1
 195r 1.3815440e+06 5.56e-01 7.81e+02  -0.4 9.91e+02    -  1.06e-02 1.25e-02f  1
 196r 1.4202543e+06 5.57e-01 7.78e+02  -0.4 9.89e+02    -  9.40e-03 1.28e-02f  1
 197r 1.4552419e+06 5.54e-01 7.82e+02  -0.4 9.69e+02    -  4.99e-03 1.18e-02f  1
 198r 1.4950688e+06 5.53e-01 7.96e+02  -0.4 9.59e+02    -  5.69e-03 1.38e-02f  1
 199r 1.5255972e+06 5.46e-01 7.95e+02  -0.4 8.90e+02    -  9.27e-03 1.13e-02f  1
iter    objective    inf_pr   inf_du lg(mu)  ||d||  lg(rg) alpha_du alpha_pr  ls
 200r 1.5545433e+06 5.40e-01 8.03e+02  -0.4 8.55e+02    -  6.32e-03 1.13e-02f  1
 201r 1.5889744e+06 5.35e-01 8.13e+02  -0.4 8.42e+02    -  6.69e-03 1.35e-02f  1
 202r 1.6207759e+06 5.30e-01 8.15e+02  -0.4 8.22e+02    -  8.60e-03 1.28e-02f  1
 203r 1.6512976e+06 5.24e-01 8.19e+02  -0.4 8.11e+02    -  7.20e-03 1.22e-02f  1
 204r 1.6882549e+06 5.18e-01 8.25e+02  -0.4 7.90e+02    -  8.10e-03 1.49e-02f  1
 205r 1.7000380e+06 5.12e-01 8.08e+02  -0.4 7.42e+02    -  9.91e-03 5.07e-03f  1
 206r 1.7145447e+06 5.02e-01 7.99e+02  -0.4 7.39e+02    -  8.18e-03 6.58e-03f  1
 207r 1.7285283e+06 4.90e-01 7.86e+02  -0.4 7.48e+02    -  1.03e-02 7.37e-03f  1
 208r 1.7389978e+06 4.76e-01 7.73e+02  -0.4 7.58e+02    -  1.15e-02 8.31e-03f  1
 209r 1.7459423e+06 4.62e-01 7.58e+02  -0.4 7.59e+02    -  1.21e-02 8.63e-03f  1
iter    objective    inf_pr   inf_du lg(mu)  ||d||  lg(rg) alpha_du alpha_pr  ls
 210r 1.7522834e+06 4.46e-01 7.45e+02  -0.4 7.23e+02    -  1.26e-02 9.82e-03f  1
 211r 1.7580817e+06 4.30e-01 7.31e+02  -0.4 6.34e+02    -  1.39e-02 1.05e-02f  1
 212r 1.7633846e+06 4.13e-01 6.96e+02  -0.4 4.71e+02    -  2.44e-02 1.04e-02f  1
 213r 1.7709178e+06 3.93e-01 6.71e+02  -0.4 2.42e+02    -  2.22e-02 1.35e-02f  1
 214r 1.7813761e+06 3.73e-01 6.55e+02  -0.4 2.48e+02    -  2.23e-02 1.49e-02f  1
 215r 1.8219968e+06 3.47e-01 6.49e+02  -0.4 3.58e+02    -  2.56e-02 4.19e-02f  1
 216r 1.8609470e+06 3.33e-01 6.36e+02  -0.4 5.15e+02    -  2.46e-02 2.69e-02f  1
 217r 1.9081590e+06 3.19e-01 6.30e+02  -0.4 5.41e+02    -  2.11e-02 2.89e-02f  1
 218r 1.9503451e+06 3.02e-01 6.20e+02  -0.4 5.17e+02    -  2.13e-02 2.56e-02f  1
 219r 1.9944680e+06 2.83e-01 6.16e+02  -0.4 5.07e+02    -  1.87e-02 2.71e-02f  1
iter    objective    inf_pr   inf_du lg(mu)  ||d||  lg(rg) alpha_du alpha_pr  ls
 220r 2.0344076e+06 2.66e-01 6.11e+02  -0.4 4.91e+02    -  1.90e-02 2.54e-02f  1
 221r 2.0762744e+06 2.43e-01 6.11e+02  -0.4 4.77e+02    -  1.44e-02 2.73e-02f  1
 222r 2.1168778e+06 2.18e-01 6.05e+02  -0.4 4.52e+02    -  1.79e-02 2.81e-02f  1
 223r 2.1532524e+06 1.93e-01 6.02e+02  -0.4 4.33e+02    -  1.75e-02 2.64e-02f  1
 224r 2.1915604e+06 1.85e-01 6.01e+02  -0.4 4.29e+02    -  1.89e-02 2.85e-02f  1
 225r 2.2334536e+06 1.85e-01 6.04e+02  -0.4 4.32e+02    -  1.76e-02 3.09e-02f  1
 226r 2.2692949e+06 1.85e-01 5.92e+02  -0.4 4.17e+02    -  2.38e-02 2.72e-02f  1
 227r 2.2956445e+06 1.85e-01 5.80e+02  -0.4 4.08e+02    -  2.09e-02 2.05e-02f  1
 228r 2.3123526e+06 1.86e-01 5.56e+02  -0.4 3.82e+02    -  2.50e-02 1.38e-02f  1
 229r 2.3322429e+06 1.86e-01 5.32e+02  -0.4 3.34e+02    -  2.94e-02 1.91e-02f  1
iter    objective    inf_pr   inf_du lg(mu)  ||d||  lg(rg) alpha_du alpha_pr  ls
 230r 2.3486595e+06 1.87e-01 5.08e+02  -0.4 2.97e+02    -  3.79e-02 2.19e-02f  1
 231r 2.3661376e+06 1.89e-01 4.94e+02  -0.4 2.15e+02    -  4.44e-02 2.76e-02f  1
 232r 2.3810183e+06 1.90e-01 5.06e+02  -0.4 1.86e+02    -  4.95e-02 2.72e-02f  1
 233r 2.3969572e+06 1.92e-01 4.93e+02  -0.4 1.62e+02    -  4.35e-02 3.33e-02f  1
 234r 2.4263687e+06 1.95e-01 4.63e+02  -0.4 1.55e+02    -  5.59e-02 6.34e-02f  1
 235r 2.4746488e+06 2.01e-01 5.27e+02  -0.4 1.57e+02    -  5.29e-02 1.03e-01f  1
 236r 2.5056824e+06 2.05e-01 4.90e+02  -0.4 1.45e+02    -  7.02e-02 7.09e-02f  1
 237r 2.5409172e+06 2.09e-01 4.48e+02  -0.4 1.48e+02    -  9.14e-02 7.87e-02f  1
 238r 2.5711396e+06 2.13e-01 4.20e+02  -0.4 1.62e+02    -  6.54e-02 6.21e-02f  1
 239r 2.5971358e+06 2.16e-01 3.93e+02  -0.4 1.61e+02    -  6.88e-02 5.53e-02f  1
iter    objective    inf_pr   inf_du lg(mu)  ||d||  lg(rg) alpha_du alpha_pr  ls
 240r 2.6214305e+06 2.19e-01 3.59e+02  -0.4 1.40e+02    -  1.09e-01 6.00e-02f  1
 241r 2.6515659e+06 2.24e-01 3.24e+02  -0.4 1.21e+02    -  1.08e-01 8.19e-02f  1
 242  2.6515682e+06 2.24e-01 9.90e+01  -1.0 3.38e+03    -  4.98e-04 5.89e-05h  1
 243  2.6516311e+06 2.24e-01 9.90e+01  -1.0 3.70e+03    -  9.52e-04 2.78e-04h  1
 244  2.6516654e+06 2.24e-01 1.61e+02  -1.0 5.05e+03    -  1.67e-03 1.19e-04h  1
 245  2.6517311e+06 2.24e-01 5.15e+02  -1.0 7.97e+03    -  1.08e-03 2.21e-04h  1
 246  2.6517758e+06 2.24e-01 9.67e+02  -1.0 1.17e+04    -  6.57e-04 1.49e-04h  3
 247  2.6518244e+06 2.24e-01 1.71e+03  -1.0 1.54e+04    -  9.39e-04 1.59e-04h  3
 248  2.6518596e+06 2.24e-01 2.37e+03  -1.0 2.24e+04    -  8.33e-04 1.12e-04h  3
 249  2.6518904e+06 2.24e-01 3.16e+03  -1.0 2.88e+04    -  1.04e-03 9.69e-05h  3
iter    objective    inf_pr   inf_du lg(mu)  ||d||  lg(rg) alpha_du alpha_pr  ls
 250  2.6519163e+06 2.24e-01 3.60e+03  -1.0 3.21e+04    -  6.72e-04 8.89e-05h  3
 251  2.6519378e+06 2.24e-01 4.11e+03  -1.0 3.00e+04    -  8.03e-04 8.21e-05h  3
 252  2.6519609e+06 2.24e-01 4.55e+03  -1.0 2.56e+04    -  7.72e-04 8.98e-05h  3
 253  2.6520251e+06 2.24e-01 4.76e+03  -1.0 2.05e+04    -  5.84e-04 2.28e-04h  2
 254  2.6521200e+06 2.24e-01 4.98e+03  -1.0 1.54e+04    -  7.05e-04 3.00e-04h  1
 255  2.6521382e+06 2.24e-01 5.41e+03  -1.0 9.69e+03    -  9.15e-04 5.08e-05f  1
 256  2.6522892e+06 2.24e-01 5.56e+03  -1.0 5.44e+03    -  7.18e-04 3.84e-04f  1
 257  2.6523262e+06 2.24e-01 5.68e+03  -1.0 2.82e+03    -  3.79e-04 8.75e-05f  1
 258  2.6523760e+06 2.24e-01 5.75e+03  -1.0 2.45e+03    -  2.98e-04 1.15e-04f  1
 259  2.6524007e+06 2.24e-01 5.95e+03  -1.0 2.37e+03    -  5.75e-04 5.61e-05f  1
iter    objective    inf_pr   inf_du lg(mu)  ||d||  lg(rg) alpha_du alpha_pr  ls
 260  2.6524406e+06 2.24e-01 5.97e+03  -1.0 2.23e+03    -  1.34e-04 8.84e-05f  1
 261  2.6524865e+06 2.24e-01 6.10e+03  -1.0 2.16e+03    -  4.73e-04 1.01e-04f  1
 262  2.6525477e+06 2.24e-01 6.13e+03  -1.0 2.17e+03    -  2.02e-04 1.32e-04f  1
 263  2.6525714e+06 2.24e-01 6.34e+03  -1.0 2.35e+03    -  6.83e-04 5.06e-05f  1
 264  2.6526556e+06 2.24e-01 6.47e+03  -1.0 2.63e+03    -  5.95e-04 1.78e-04f  1
 265  2.6527008e+06 2.24e-01 6.68e+03  -1.0 2.73e+03    -  8.15e-04 9.57e-05f  1
 266  2.6527429e+06 2.24e-01 6.88e+03  -1.0 3.05e+03    -  8.30e-04 9.12e-05f  1
 267  2.6527710e+06 2.23e-01 6.95e+03  -1.0 3.08e+03    -  3.63e-04 6.32e-05f  1
 268  2.6528186e+06 2.23e-01 7.12e+03  -1.0 3.20e+03    -  7.96e-04 1.09e-04f  1
 269  2.6528630e+06 2.23e-01 7.30e+03  -1.0 2.54e+03    -  8.98e-04 1.04e-04f  1
iter    objective    inf_pr   inf_du lg(mu)  ||d||  lg(rg) alpha_du alpha_pr  ls
 270  2.6530098e+06 2.23e-01 7.49e+03  -1.0 2.21e+03    -  1.24e-03 3.47e-04f  1
 271  2.6531229e+06 2.23e-01 7.74e+03  -1.0 2.24e+03    -  1.63e-03 2.69e-04f  1
 272  2.6532720e+06 2.23e-01 7.92e+03  -1.0 2.30e+03    -  1.52e-03 3.56e-04f  1
 273  2.6534107e+06 2.23e-01 8.21e+03  -1.0 2.06e+03    -  1.68e-03 3.33e-04f  1
 274  2.6535382e+06 2.23e-01 8.66e+03  -1.0 1.69e+03    -  1.85e-03 3.08e-04f  1
 275  2.6537259e+06 2.23e-01 8.86e+03  -1.0 1.73e+03    -  1.43e-03 4.54e-04f  1
 276  2.6538688e+06 2.23e-01 8.97e+03  -1.0 1.79e+03    -  1.01e-03 3.45e-04f  1
 277  2.6539591e+06 2.23e-01 9.21e+03  -1.0 2.00e+03    -  1.73e-03 2.17e-04f  1
 278  2.6540743e+06 2.23e-01 9.33e+03  -1.0 2.28e+03    -  1.27e-03 2.77e-04f  1
 279  2.6541568e+06 2.23e-01 9.42e+03  -1.0 2.79e+03    -  9.49e-04 1.99e-04f  1
iter    objective    inf_pr   inf_du lg(mu)  ||d||  lg(rg) alpha_du alpha_pr  ls
 280  2.6542454e+06 2.23e-01 9.56e+03  -1.0 2.99e+03    -  1.66e-03 2.14e-04f  1
 281  2.6543751e+06 2.23e-01 9.70e+03  -1.0 2.95e+03    -  1.98e-03 3.15e-04f  1
 282  2.6545025e+06 2.23e-01 9.82e+03  -1.0 2.48e+03    -  1.98e-03 3.11e-04f  1
 283  2.6547006e+06 2.22e-01 9.89e+03  -1.0 2.43e+03    -  1.98e-03 4.84e-04f  1
 284  2.6553255e+06 2.22e-01 9.92e+03  -1.0 2.42e+03    -  2.49e-03 1.53e-03f  1
 285  2.6556631e+06 2.22e-01 1.00e+04  -1.0 2.72e+03    -  3.45e-03 8.29e-04f  1
 286  2.6560599e+06 2.22e-01 1.00e+04  -1.0 3.23e+03    -  2.76e-03 9.77e-04f  1
 287  2.6568074e+06 2.21e-01 9.99e+03  -1.0 7.36e+03    -  4.96e-04 1.84e-03f  1
 288  2.6572716e+06 2.21e-01 9.98e+03  -1.0 5.85e+03    -  1.69e-03 1.15e-03f  1
 289  2.6578485e+06 2.21e-01 9.96e+03  -1.0 8.70e+03    -  1.19e-03 1.43e-03f  1
iter    objective    inf_pr   inf_du lg(mu)  ||d||  lg(rg) alpha_du alpha_pr  ls
 290  2.6584122e+06 2.20e-01 9.95e+03  -1.0 6.98e+03    -  2.06e-03 1.40e-03f  1
 291  2.6589126e+06 2.20e-01 9.94e+03  -1.0 7.32e+03    -  2.10e-03 1.24e-03f  1
 292  2.6597482e+06 2.20e-01 9.91e+03  -1.0 6.32e+03    -  2.31e-03 2.08e-03f  1
 293  2.6601584e+06 2.19e-01 1.07e+04  -1.0 5.37e+03    -  2.63e-03 1.03e-03f  1
 294  2.6605719e+06 2.19e-01 1.17e+04  -1.0 5.74e+03    -  2.65e-03 1.04e-03f  1
 295  2.6615595e+06 2.19e-01 1.18e+04  -1.0 5.05e+03    -  2.82e-03 2.48e-03f  1
 296  2.6623499e+06 2.18e-01 1.24e+04  -1.0 4.74e+03    -  4.10e-03 1.99e-03f  1
 297  2.6631475e+06 2.18e-01 1.28e+04  -1.0 4.76e+03    -  4.30e-03 2.02e-03f  1
 298  2.6638357e+06 2.17e-01 1.30e+04  -1.0 6.20e+03    -  3.71e-03 1.75e-03f  1
 299  2.6646538e+06 2.17e-01 1.31e+04  -1.0 4.73e+03    -  3.28e-03 2.08e-03f  1
iter    objective    inf_pr   inf_du lg(mu)  ||d||  lg(rg) alpha_du alpha_pr  ls
 300  2.6652750e+06 2.17e-01 1.32e+04  -1.0 4.66e+03    -  4.05e-03 1.59e-03f  1
 301  2.6660783e+06 2.16e-01 1.32e+04  -1.0 4.24e+03    -  4.23e-03 2.06e-03f  1
 302  2.6670091e+06 2.16e-01 1.32e+04  -1.0 4.31e+03    -  4.35e-03 2.39e-03f  1
 303  2.6680068e+06 2.15e-01 1.32e+04  -1.0 4.00e+03    -  4.36e-03 2.58e-03f  1
 304  2.6699864e+06 2.14e-01 1.32e+04  -1.0 3.79e+03    -  5.18e-03 5.14e-03f  1
 305  2.6713844e+06 2.13e-01 1.31e+04  -1.0 4.30e+03    -  5.91e-03 3.66e-03f  1
 306  2.6726211e+06 2.13e-01 1.30e+04  -1.0 4.49e+03    -  6.44e-03 3.26e-03f  1
 307  2.6738815e+06 2.12e-01 1.29e+04  -1.0 5.02e+03    -  4.96e-03 3.34e-03f  1
 308  2.6749775e+06 2.11e-01 1.29e+04  -1.0 5.44e+03    -  5.58e-03 2.93e-03f  1
 309  2.6764336e+06 2.10e-01 1.29e+04  -1.0 2.73e+04    -  1.78e-03 3.92e-03f  1
iter    objective    inf_pr   inf_du lg(mu)  ||d||  lg(rg) alpha_du alpha_pr  ls
 310  2.6764757e+06 2.10e-01 1.70e+04  -1.0 5.64e+03  -0.6 8.90e-04 1.25e-04h  1
 311  2.6771717e+06 2.10e-01 2.69e+04  -1.0 2.09e+03  -1.0 7.28e-03 1.99e-03f  1
 312  2.6773427e+06 2.10e-01 3.30e+04  -1.0 1.33e+03  -1.5 1.09e-02 4.82e-04f  1
 313  2.6798524e+06 2.08e-01 3.41e+04  -1.0 1.45e+03  -2.0 1.49e-02 7.07e-03f  1
 314  2.6836291e+06 2.06e-01 3.38e+04  -1.0 1.56e+03  -2.5 1.04e-02 1.07e-02f  1
 315  2.6852897e+06 2.05e-01 3.34e+04  -1.0 1.77e+03  -2.9 1.37e-02 4.78e-03f  1
 316  2.6874080e+06 2.04e-01 3.30e+04  -1.0 2.23e+03  -3.4 9.62e-03 6.15e-03f  1
 317  2.6889543e+06 2.03e-01 3.29e+04  -1.0 9.47e+03  -3.9 3.52e-03 4.56e-03f  1
 318  2.6900960e+06 2.02e-01 3.25e+04  -1.0 2.23e+03  -3.5 1.06e-02 3.36e-03f  1
 319  2.6920749e+06 2.01e-01 3.22e+04  -1.0 3.73e+03  -4.0 8.33e-03 5.92e-03f  1
iter    objective    inf_pr   inf_du lg(mu)  ||d||  lg(rg) alpha_du alpha_pr  ls
 320  2.6939123e+06 2.00e-01 3.18e+04  -1.0 2.21e+03  -3.5 9.85e-03 5.48e-03f  1
 321  2.6955751e+06 1.99e-01 3.16e+04  -1.0 4.12e+03  -4.0 6.24e-03 5.15e-03f  1
 322  2.6969341e+06 1.98e-01 3.12e+04  -1.0 2.26e+03  -3.6 9.14e-03 4.15e-03f  1
 323  2.6984706e+06 1.97e-01 3.10e+04  -1.0 4.65e+03  -4.1 7.23e-03 4.96e-03f  1
 324  2.7000915e+06 1.96e-01 3.09e+04  -1.0 3.29e+03  -3.6 4.23e-03 5.06e-03f  1
 325  2.7011126e+06 1.95e-01 3.07e+04  -1.0 5.66e+03  -4.1 4.82e-03 3.43e-03f  1
 326  2.7023462e+06 1.95e-01 3.04e+04  -1.0 2.81e+03  -3.7 7.58e-03 3.91e-03f  1
 327  2.7037595e+06 1.94e-01 3.01e+04  -1.0 1.69e+03  -3.3 1.01e-02 4.37e-03f  1
 328  2.7053807e+06 1.93e-01 2.97e+04  -1.0 2.12e+03  -3.7 1.01e-02 5.18e-03f  1
 329  2.7090766e+06 1.91e-01 2.94e+04  -1.0 1.63e+03  -3.3 1.11e-02 1.15e-02f  1
iter    objective    inf_pr   inf_du lg(mu)  ||d||  lg(rg) alpha_du alpha_pr  ls
 330  2.7107558e+06 1.90e-01 2.87e+04  -1.0 2.08e+03  -3.8 1.78e-02 5.41e-03f  1
 331  2.7134347e+06 1.88e-01 2.84e+04  -1.0 1.56e+03  -3.4 8.28e-03 8.42e-03f  1
 332  2.7154501e+06 1.87e-01 2.80e+04  -1.0 2.17e+03  -3.8 1.30e-02 6.51e-03h  1
 333  2.7176041e+06 1.86e-01 2.75e+04  -1.0 1.54e+03  -3.4 1.38e-02 6.82e-03f  1
 334  2.7186538e+06 1.85e-01 2.73e+04  -1.0 2.33e+03  -3.9 4.78e-03 3.41e-03h  2
 335  2.7209351e+06 1.84e-01 2.69e+04  -1.0 1.54e+03  -3.5 1.30e-02 7.25e-03h  1
 336  2.7219107e+06 1.83e-01 2.66e+04  -1.0 2.49e+03  -3.9 8.58e-03 3.23e-03h  2
 337  2.7249702e+06 1.81e-01 2.64e+04  -1.0 1.56e+03  -3.5 8.05e-03 9.84e-03h  1
 338  2.7263737e+06 1.80e-01 2.62e+04  -1.0 2.85e+03  -4.0 6.82e-03 4.85e-03h  1
 339  2.7280736e+06 1.79e-01 2.59e+04  -1.0 1.59e+03  -3.6 9.10e-03 5.62e-03h  1
iter    objective    inf_pr   inf_du lg(mu)  ||d||  lg(rg) alpha_du alpha_pr  ls
 340  2.7295036e+06 1.78e-01 2.56e+04  -1.0 1.30e+03  -3.1 1.22e-02 4.70e-03f  1
 341  2.7321015e+06 1.77e-01 2.53e+04  -1.0 1.64e+03  -3.6 1.05e-02 8.72e-03h  1
 342  2.7343475e+06 1.76e-01 2.49e+04  -1.0 1.30e+03  -3.2 1.34e-02 7.46e-03h  1
 343  2.7366844e+06 1.74e-01 2.45e+04  -1.0 1.68e+03  -3.7 1.48e-02 7.91e-03h  1
 344  2.7398861e+06 1.72e-01 2.41e+04  -1.0 1.30e+03  -3.2 1.37e-02 1.07e-02h  1
 345  2.7428631e+06 1.71e-01 2.37e+04  -1.0 1.75e+03  -3.7 1.58e-02 1.01e-02h  1
 346  2.7457843e+06 1.69e-01 2.32e+04  -1.0 1.30e+03  -3.3 1.64e-02 9.89e-03h  1
 347  2.7484781e+06 1.67e-01 2.28e+04  -1.0 1.83e+03  -3.8 1.57e-02 9.27e-03h  1
 348  2.7512107e+06 1.66e-01 2.26e+04  -1.0 1.31e+03  -3.3 6.39e-03 9.37e-03h  1
 349  2.7534937e+06 1.64e-01 2.24e+04  -1.0 1.92e+03  -3.8 9.97e-03 8.05e-03h  1
iter    objective    inf_pr   inf_du lg(mu)  ||d||  lg(rg) alpha_du alpha_pr  ls
 350  2.7554929e+06 1.63e-01 2.21e+04  -1.0 1.31e+03  -3.4 1.23e-02 7.01e-03h  1
 351  2.7579188e+06 1.62e-01 2.20e+04  -1.0 2.00e+03  -3.9 6.21e-03 8.92e-03H  1
 352  2.7588772e+06 1.61e-01 2.16e+04  -1.0 1.32e+03  -3.4 1.42e-02 3.45e-03h  1
 353  2.7601754e+06 1.60e-01 2.12e+04  -1.0 2.19e+03  -3.9 1.11e-02 4.93e-03h  2
 354  2.7637708e+06 1.58e-01 2.09e+04  -1.0 1.34e+03  -3.5 1.32e-02 1.31e-02h  1
 355  2.7675772e+06 1.56e-01 2.05e+04  -1.0 1.13e+03  -3.1 2.05e-02 1.39e-02h  1
 356  2.7705213e+06 1.54e-01 2.01e+04  -1.0 1.37e+03  -3.5 1.73e-02 1.08e-02h  1
 357  2.7741611e+06 1.52e-01 2.00e+04  -1.0 1.13e+03  -3.1 6.76e-03 1.35e-02h  1
 358  2.7768808e+06 1.51e-01 1.95e+04  -1.0 1.39e+03  -3.6 1.86e-02 1.02e-02h  1
 359  2.7804403e+06 1.49e-01 1.93e+04  -1.0 1.12e+03  -3.2 9.93e-03 1.34e-02h  1
iter    objective    inf_pr   inf_du lg(mu)  ||d||  lg(rg) alpha_du alpha_pr  ls
 360  2.7832843e+06 1.47e-01 1.90e+04  -1.0 1.41e+03  -3.6 1.57e-02 1.10e-02h  1
 361  2.7859813e+06 1.46e-01 1.87e+04  -1.0 1.10e+03  -3.2 1.37e-02 1.05e-02h  1
 362  2.7878469e+06 1.44e-01 1.83e+04  -1.0 1.43e+03  -3.7 1.50e-02 7.49e-03h  1
 363  2.7909586e+06 1.43e-01 1.79e+04  -1.0 1.11e+03  -3.3 2.02e-02 1.23e-02h  1
 364  2.7943826e+06 1.41e-01 1.75e+04  -1.0 1.51e+03  -3.7 1.75e-02 1.40e-02h  1
 365  2.7995900e+06 1.38e-01 1.74e+04  -1.0 1.10e+03  -3.3 1.27e-02 2.10e-02h  1
 366  2.8018391e+06 1.36e-01 1.67e+04  -1.0 1.57e+03  -3.8 2.61e-02 9.51e-03h  2
 367  2.8084518e+06 1.33e-01 1.67e+04  -1.0 1.10e+03  -3.4 1.11e-02 2.74e-02h  1
 368  2.8111742e+06 1.31e-01 1.61e+04  -1.0 1.65e+03  -3.9 2.52e-02 1.21e-02h  1
 369  2.8148434e+06 1.29e-01 1.58e+04  -1.0 1.07e+03  -3.4 1.68e-02 1.59e-02h  1
iter    objective    inf_pr   inf_du lg(mu)  ||d||  lg(rg) alpha_du alpha_pr  ls
 370  2.8168625e+06 1.28e-01 1.53e+04  -1.0 1.81e+03  -3.9 2.17e-02 9.35e-03h  1
 371  2.8209738e+06 1.25e-01 1.50e+04  -1.0 1.07e+03  -3.5 1.86e-02 1.82e-02h  1
 372  2.8230596e+06 1.24e-01 1.47e+04  -1.0 2.09e+03  -4.0 1.51e-02 1.00e-02h  2
 373  2.8296084e+06 1.21e-01 1.46e+04  -1.0 1.07e+03  -3.5 1.95e-02 2.98e-02h  1
 374  2.8361543e+06 1.17e-01 1.45e+04  -1.0 9.15e+02  -3.1 1.04e-02 3.04e-02h  1
 375  2.8390641e+06 1.15e-01 1.41e+04  -1.0 1.06e+03  -3.6 2.36e-02 1.41e-02h  1
 376  2.8448466e+06 1.12e-01 1.40e+04  -1.0 8.86e+02  -3.2 1.20e-02 2.81e-02h  1
 377  2.8488660e+06 1.10e-01 1.35e+04  -1.0 1.08e+03  -3.6 2.72e-02 2.04e-02h  2
 378  2.8553020e+06 1.06e-01 1.34e+04  -1.0 8.51e+02  -3.2 1.72e-02 3.27e-02h  1
 379  2.8578307e+06 1.05e-01 1.31e+04  -1.0 1.10e+03  -3.7 1.80e-02 1.36e-02h  1
iter    objective    inf_pr   inf_du lg(mu)  ||d||  lg(rg) alpha_du alpha_pr  ls
 380  2.8616476e+06 1.03e-01 1.29e+04  -1.0 8.40e+02  -3.3 1.91e-02 2.03e-02h  1
 381  2.8647733e+06 1.01e-01 1.23e+04  -1.0 1.11e+03  -3.7 3.17e-02 1.76e-02h  2
 382  2.8687692e+06 9.85e-02 1.21e+04  -1.0 8.06e+02  -3.3 2.06e-02 2.21e-02h  2
 383  2.8716079e+06 9.68e-02 1.17e+04  -1.0 1.13e+03  -3.8 2.45e-02 1.68e-02h  3
 384  2.8748702e+06 9.50e-02 1.13e+04  -1.0 7.86e+02  -3.4 3.00e-02 1.88e-02h  3
 385  2.8768972e+06 9.38e-02 1.09e+04  -1.0 1.18e+03  -3.8 2.55e-02 1.26e-02h  4
 386  2.8811476e+06 9.14e-02 1.06e+04  -1.0 7.79e+02  -3.4 2.53e-02 2.53e-02h  3
 387  2.8831811e+06 9.02e-02 1.01e+04  -1.0 1.24e+03  -3.9 3.06e-02 1.33e-02h  4
 388  2.8873862e+06 8.79e-02 9.71e+03  -1.0 7.69e+02  -3.5 3.26e-02 2.62e-02h  3
 389  2.8907103e+06 8.60e-02 9.41e+03  -1.0 6.85e+02  -3.0 2.84e-02 2.09e-02h  3
iter    objective    inf_pr   inf_du lg(mu)  ||d||  lg(rg) alpha_du alpha_pr  ls
 390  2.8929344e+06 8.48e-02 8.99e+03  -1.0 7.59e+02  -3.5 3.04e-02 1.46e-02h  4
 391  2.9079345e+06 7.65e-02 9.04e+03  -1.0 6.63e+02  -3.1 2.77e-02 9.79e-02w  1
 392  2.9187332e+06 7.03e-02 9.29e+03  -1.0 7.26e+02  -3.6 2.28e-02 8.04e-02w  1
 393  2.9243827e+06 6.72e-02 9.07e+03  -1.0 5.76e+02  -3.1 3.07e-02 4.48e-02w  1
 394  2.8966844e+06 8.27e-02 8.73e+03  -1.0 1.23e+03  -3.6 2.77e-02 2.45e-02h  2
 395  2.8996913e+06 8.10e-02 8.67e+03  -1.0 6.50e+02  -3.2 1.18e-02 2.02e-02h  3
 396  2.9015656e+06 7.99e-02 8.38e+03  -1.0 9.29e+02  -3.7 2.37e-02 1.33e-02h  3
 397  2.9043796e+06 7.84e-02 8.33e+03  -1.0 6.75e+02  -3.2 1.16e-02 1.97e-02h  3
 398  2.9062042e+06 7.73e-02 8.36e+03  -1.0 1.90e+03  -3.7 5.18e-03 1.37e-02h  2
 399  2.9087862e+06 7.58e-02 8.21e+03  -1.0 8.08e+02  -3.3 1.81e-02 1.89e-02h  2
iter    objective    inf_pr   inf_du lg(mu)  ||d||  lg(rg) alpha_du alpha_pr  ls
 400  2.9103659e+06 7.49e-02 8.22e+03  -1.0 4.26e+03  -3.8 6.32e-03 1.28e-02h  1
 401  2.9128373e+06 7.35e-02 8.17e+03  -1.0 1.38e+03  -3.3 1.12e-02 1.89e-02h  1
 402  2.9154236e+06 7.20e-02 8.09e+03  -1.0 6.88e+02  -2.9 1.17e-02 2.01e-02h  1
 403  2.9170213e+06 7.10e-02 8.14e+03  -1.0 2.23e+03  -3.4 2.30e-03 1.29e-02h  1
 404  2.9177916e+06 7.06e-02 8.06e+03  -1.0 7.10e+02  -3.0 9.54e-03 6.27e-03h  1
 405  2.9189952e+06 6.99e-02 8.05e+03  -1.0 1.77e+03  -3.4 5.55e-03 1.02e-02h  2
 406  2.9210677e+06 6.87e-02 8.00e+03  -1.0 7.81e+02  -3.0 9.40e-03 1.74e-02h  1
 407  2.9218411e+06 6.82e-02 7.97e+03  -1.0 2.05e+03  -3.5 4.95e-03 7.00e-03h  2
 408  2.9235462e+06 6.72e-02 7.90e+03  -1.0 7.66e+02  -3.1 1.08e-02 1.50e-02h  1
 409  2.9242353e+06 6.67e-02 7.83e+03  -1.0 3.56e+03  -3.5 8.04e-03 6.67e-03h  2
iter    objective    inf_pr   inf_du lg(mu)  ||d||  lg(rg) alpha_du alpha_pr  ls
 410  2.9254047e+06 6.60e-02 7.66e+03  -1.0 7.97e+02  -3.1 1.75e-02 1.06e-02h  2
 411  2.9261174e+06 6.55e-02 7.60e+03  -1.0 2.66e+03  -3.6 7.77e-03 7.25e-03h  2
 412  2.9268493e+06 6.51e-02 7.43e+03  -1.0 6.56e+02  -3.2 1.60e-02 6.82e-03h  3
 413  2.9274654e+06 6.47e-02 7.42e+03  -1.0 2.16e+03  -3.6 4.23e-03 6.56e-03h  2
 414  2.9284282e+06 6.41e-02 7.25e+03  -1.0 5.98e+02  -3.2 1.65e-02 9.14e-03h  3
 415  2.9293591e+06 6.35e-02 7.17e+03  -1.0 4.97e+02  -2.8 1.18e-02 8.79e-03h  3
 416  2.9300553e+06 6.31e-02 7.05e+03  -1.0 5.69e+02  -3.3 1.19e-02 6.82e-03h  4
 417  2.9307510e+06 6.26e-02 6.97e+03  -1.0 4.91e+02  -2.8 1.18e-02 6.67e-03h  4
 418  2.9312982e+06 6.23e-02 6.83e+03  -1.0 7.08e+02  -3.3 1.32e-02 5.49e-03h  4
 419  2.9375446e+06 5.86e-02 6.81e+03  -1.0 4.86e+02  -2.9 1.43e-02 6.01e-02w  1
iter    objective    inf_pr   inf_du lg(mu)  ||d||  lg(rg) alpha_du alpha_pr  ls
 420  2.9421246e+06 5.57e-02 6.71e+03  -1.0 5.76e+02  -3.4 3.08e-02 4.81e-02w  1
 421  2.9454967e+06 5.38e-02 6.42e+03  -1.0 4.36e+02  -3.0 4.05e-02 3.47e-02w  1
 422  2.9320790e+06 6.18e-02 6.72e+03  -1.0 7.74e+02  -3.4 1.43e-02 7.51e-03h  3
 423  2.9329507e+06 6.13e-02 6.57e+03  -1.0 4.85e+02  -3.0 1.75e-02 8.41e-03h  4
 424  2.9335641e+06 6.10e-02 6.53e+03  -1.0 4.71e+02  -2.6 1.44e-02 5.85e-03h  4
 425  2.9340282e+06 6.07e-02 6.34e+03  -1.0 4.79e+02  -3.1 1.95e-02 4.45e-03h  5
 426  2.9348004e+06 6.02e-02 6.27e+03  -1.0 4.68e+02  -2.6 1.62e-02 7.29e-03h  4
 427  2.9353550e+06 5.99e-02 6.10e+03  -1.0 4.74e+02  -3.1 1.85e-02 5.29e-03h  5
 428  2.9362243e+06 5.94e-02 6.03e+03  -1.0 4.63e+02  -2.7 1.31e-02 8.17e-03h  4
 429  2.9368260e+06 5.91e-02 5.81e+03  -1.0 4.69e+02  -3.2 2.26e-02 5.77e-03h  5
iter    objective    inf_pr   inf_du lg(mu)  ||d||  lg(rg) alpha_du alpha_pr  ls
 430  2.9377843e+06 5.86e-02 5.71e+03  -1.0 4.58e+02  -2.7 1.99e-02 9.04e-03h  4
 431  2.9384989e+06 5.81e-02 5.49e+03  -1.0 4.63e+02  -3.2 2.26e-02 6.91e-03h  5
 432  2.9485191e+06 5.26e-02 5.40e+03  -1.0 4.52e+02  -2.8 1.99e-02 9.52e-02w  1
 433  2.9546439e+06 4.92e-02 5.17e+03  -1.0 4.18e+02  -3.3 5.43e-02 6.55e-02w  1
 434  2.9600603e+06 4.62e-02 4.97e+03  -1.0 3.83e+02  -2.8 4.44e-02 6.01e-02w  1
 435  2.9391251e+06 5.78e-02 5.38e+03  -1.0 3.68e+02  -3.3 1.99e-02 5.95e-03h  4
 436  2.9398308e+06 5.74e-02 5.25e+03  -1.0 4.51e+02  -2.9 1.92e-02 6.73e-03h  5
 437  2.9404126e+06 5.71e-02 5.26e+03  -1.0 4.39e+02  -2.5 1.54e-02 5.56e-03h  5
 438  2.9412280e+06 5.66e-02 5.15e+03  -1.0 4.47e+02  -2.9 1.61e-02 7.83e-03h  5
 439  2.9418053e+06 5.63e-02 5.14e+03  -1.0 4.34e+02  -2.5 1.87e-02 5.55e-03h  5
iter    objective    inf_pr   inf_du lg(mu)  ||d||  lg(rg) alpha_du alpha_pr  ls
 440  2.9426700e+06 5.59e-02 4.94e+03  -1.0 4.42e+02  -3.0 2.70e-02 8.40e-03h  5
 441  2.9433205e+06 5.55e-02 4.91e+03  -1.0 4.30e+02  -2.6 1.75e-02 6.31e-03h  5
 442  2.9442185e+06 5.50e-02 4.66e+03  -1.0 4.36e+02  -3.0 3.08e-02 8.85e-03h  5
 443  2.9450567e+06 5.46e-02 4.60e+03  -1.0 4.24e+02  -2.6 2.43e-02 8.24e-03h  5
 444  2.9456208e+06 5.43e-02 4.32e+03  -1.0 4.29e+02  -3.1 3.31e-02 5.66e-03h  6
 445  2.9610332e+06 4.59e-02 4.00e+03  -1.0 4.19e+02  -2.7 2.49e-02 1.53e-01w  1
 446  2.9665998e+06 4.29e-02 2.81e+03  -1.0 3.63e+02  -3.1 1.60e-01 6.69e-02w  1
 447  2.9735318e+06 3.91e-02 2.72e+03  -1.0 3.32e+02  -2.7 4.89e-02 8.75e-02w  1
 448  2.9465841e+06 5.37e-02 4.24e+03  -1.0 3.10e+02  -3.2 2.49e-02 9.59e-03h  4
 449  2.9477114e+06 5.31e-02 3.71e+03  -1.0 4.17e+02  -2.8 1.12e-01 1.13e-02h  5
iter    objective    inf_pr   inf_du lg(mu)  ||d||  lg(rg) alpha_du alpha_pr  ls
 450  2.9482322e+06 5.28e-02 3.13e+03  -1.0 4.20e+02  -3.2 6.36e-02 5.43e-03h  6
 451  2.9493853e+06 5.22e-02 2.99e+03  -1.0 4.10e+02  -2.8 3.37e-02 1.18e-02h  5
 452  2.9503307e+06 5.17e-02 4.24e+03  -1.0 3.97e+02  -2.4 1.97e-01 9.78e-03h  5
 453  2.9515665e+06 5.10e-02 3.84e+03  -1.0 3.95e+02  -2.9 6.43e-02 1.29e-02h  5
 454  2.9527097e+06 5.04e-02 4.41e+03  -1.0 3.91e+02  -2.4 1.90e-01 1.21e-02h  5
 455  2.9535533e+06 5.00e-02 3.73e+03  -1.0 3.99e+02  -2.9 9.38e-02 9.08e-03h  6
 456  2.9542913e+06 4.96e-02 3.81e+03  -1.0 3.87e+02  -2.5 7.57e-02 7.94e-03h  6
 457  2.9552408e+06 4.90e-02 2.55e+03  -1.0 3.88e+02  -3.0 1.83e-01 1.04e-02h  6
 458  2.9735924e+06 3.92e-02 1.91e+03  -1.0 3.80e+02  -2.5 9.40e-02 2.01e-01w  1
 459  2.9938182e+06 2.81e-02 2.19e+03  -1.0 3.07e+02  -3.0 1.69e-01 2.84e-01w  1
iter    objective    inf_pr   inf_du lg(mu)  ||d||  lg(rg) alpha_du alpha_pr  ls
 460  2.9979835e+06 2.58e-02 1.43e+03  -1.0 2.17e+02  -2.6 2.61e-01 8.04e-02w  1
 461  2.9563877e+06 4.84e-02 2.62e+03  -1.0 2.02e+02  -3.1 9.40e-02 1.26e-02h  4
 462  2.9574899e+06 4.78e-02 2.51e+03  -1.0 3.76e+02  -2.6 6.89e-02 1.23e-02h  6
 463  2.9583032e+06 4.74e-02 1.86e+03  -1.0 3.75e+02  -3.1 1.05e-01 9.35e-03h  6
 464  2.9593886e+06 4.68e-02 1.78e+03  -1.0 3.68e+02  -2.7 9.29e-02 1.24e-02h  6
 465  2.9602223e+06 4.63e-02 1.93e+03  -1.0 3.67e+02  -3.2 1.30e-01 9.85e-03h  6
 466  2.9613191e+06 4.57e-02 2.06e+03  -1.0 3.59e+02  -2.7 1.24e-01 1.28e-02h  6
 467  2.9621746e+06 4.53e-02 2.21e+03  -1.0 3.58e+02  -3.2 1.32e-01 1.04e-02h  6
 468  2.9633268e+06 4.46e-02 2.48e+03  -1.0 3.51e+02  -2.8 2.27e-01 1.38e-02h  6
 469  2.9642617e+06 4.41e-02 2.98e+03  -1.0 3.45e+02  -2.4 3.76e-01 1.13e-02h  6
iter    objective    inf_pr   inf_du lg(mu)  ||d||  lg(rg) alpha_du alpha_pr  ls
 470  2.9655291e+06 4.35e-02 3.13e+03  -1.0 3.41e+02  -2.8 1.46e-01 1.56e-02h  6
 471  3.0018500e+06 2.39e-02 2.02e+03  -1.0 3.36e+02  -2.4 6.54e-01 4.49e-01w  1
 472  3.0138847e+06 1.73e-02 2.36e+03  -1.0 1.88e+02  -2.9 1.66e-01 2.78e-01w  1
 473  3.0197256e+06 1.41e-02 1.91e+03  -1.0 1.33e+02  -2.5 1.87e-01 1.84e-01w  1
 474  2.9666641e+06 4.28e-02 4.26e+03  -1.0 1.12e+02  -3.0 6.54e-01 1.40e-02h  5
 475  2.9679577e+06 4.22e-02 4.21e+03  -1.0 3.31e+02  -2.5 1.78e-01 1.62e-02h  6
 476  2.9693430e+06 4.14e-02 4.25e+03  -1.0 3.25e+02  -3.0 9.69e-02 1.80e-02h  6
 477  2.9705480e+06 4.07e-02 4.92e+03  -1.0 3.19e+02  -2.6 4.88e-01 1.57e-02h  6
 478  2.9718362e+06 4.00e-02 5.01e+03  -1.0 3.16e+02  -3.1 1.31e-01 1.74e-02h  6
 479  2.9732836e+06 3.93e-02 5.66e+03  -1.0 3.08e+02  -2.6 4.87e-01 1.95e-02h  6
iter    objective    inf_pr   inf_du lg(mu)  ||d||  lg(rg) alpha_du alpha_pr  ls
 480  2.9744929e+06 3.86e-02 5.79e+03  -1.0 3.06e+02  -3.1 1.51e-01 1.70e-02h  6
 481  2.9760147e+06 3.78e-02 6.54e+03  -1.0 2.97e+02  -2.7 5.45e-01 2.13e-02h  6
 482  2.9771848e+06 3.71e-02 6.68e+03  -1.0 2.96e+02  -3.2 1.66e-01 1.72e-02f  6
 483  2.9786976e+06 3.63e-02 8.16e+03  -1.0 2.85e+02  -2.7 9.61e-01 2.21e-02h  6
 484  3.0146084e+06 1.62e-02 2.98e+03  -1.0 2.86e+02  -3.2 1.83e-01 5.54e-01w  1
 485  3.0293713e+06 7.99e-03 1.29e+03  -1.0 1.25e+02  -2.8 4.60e-01 5.06e-01w  1
 486  3.0345338e+06 4.53e-03 1.71e+03  -1.0 6.74e+01  -3.3 5.55e-01 4.34e-01w  1
 487  2.9798198e+06 3.57e-02 8.31e+03  -1.0 9.42e+01  -3.7 1.83e-01 1.73e-02f  5
 488  2.9815762e+06 3.47e-02 8.46e+03  -1.0 2.83e+02  -3.3 2.42e-01 2.80e-02f  5
 489  2.9830747e+06 3.38e-02 9.26e+03  -1.0 2.67e+02  -2.9 5.63e-01 2.36e-02f  6
iter    objective    inf_pr   inf_du lg(mu)  ||d||  lg(rg) alpha_du alpha_pr  ls
 490  2.9842790e+06 3.32e-02 1.07e+04  -1.0 2.60e+02  -2.5 8.47e-01 1.92e-02h  5
 491  2.9857775e+06 3.24e-02 1.08e+04  -1.0 2.57e+02  -2.9 2.32e-01 2.47e-02h  6
 492  2.9871699e+06 3.16e-02 1.25e+04  -1.0 2.49e+02  -2.5 1.00e+00 2.32e-02h  6
 493  2.9883750e+06 3.10e-02 1.27e+04  -1.0 2.46e+02  -3.0 2.59e-01 2.10e-02h  6
 494  2.9898098e+06 3.02e-02 1.44e+04  -1.0 2.38e+02  -2.6 1.00e+00 2.50e-02h  6
 495  2.9909571e+06 2.95e-02 1.46e+04  -1.0 2.36e+02  -3.0 2.77e-01 2.11e-02h  6
 496  2.9924248e+06 2.88e-02 1.64e+04  -1.0 2.27e+02  -2.6 1.00e+00 2.69e-02h  6
 497  3.0279214e+06 8.94e-03 4.25e+03  -1.0 2.26e+02  -3.1 3.12e-01 6.89e-01w  1
 498  3.0296736e+06 7.47e-03 5.02e+03  -1.0 1.01e+02  -3.6 3.69e-01 1.65e-01w  1
 499  3.0353673e+06 3.83e-03 3.70e+03  -1.0 6.15e+01  -3.1 6.18e-01 4.87e-01w  1
iter    objective    inf_pr   inf_du lg(mu)  ||d||  lg(rg) alpha_du alpha_pr  ls
 500  2.9935340e+06 2.81e-02 1.67e+04  -1.0 7.19e+01  -3.6 3.12e-01 2.15e-02h  5
 501  2.9955298e+06 2.70e-02 1.70e+04  -1.0 2.22e+02  -3.2 4.77e-01 4.01e-02f  5
 502  2.9969050e+06 2.63e-02 1.88e+04  -1.0 2.08e+02  -2.8 1.00e+00 2.78e-02h  6
 503  2.9986129e+06 2.53e-02 1.92e+04  -1.0 2.08e+02  -3.2 4.72e-01 3.73e-02f  5
 504  2.9999205e+06 2.46e-02 2.01e+04  -1.0 1.95e+02  -2.8 6.19e-01 2.83e-02h  6
 505  3.0027970e+06 2.29e-02 1.96e+04  -1.0 1.95e+02  -3.3 3.72e-01 6.80e-02f  4
 506  3.0424665e+06 1.04e-03 2.90e+02  -1.0 1.77e+02  -2.9 6.12e-01 9.55e-01H  1
 507  3.0417835e+06 6.29e-04 3.47e+03  -1.0 3.86e+01  -3.3 4.49e-01 3.92e-01f  1
 508  3.0400092e+06 4.89e-04 9.94e+03  -1.0 8.64e+01  -3.8 2.96e-01 2.24e-01f  1
 509  3.0372138e+06 4.22e-04 1.07e+04  -1.0 2.41e+02  -4.3 1.52e-01 1.36e-01f  1
iter    objective    inf_pr   inf_du lg(mu)  ||d||  lg(rg) alpha_du alpha_pr  ls
 510  3.0368909e+06 4.20e-04 1.09e+04  -1.0 1.69e+04  -4.8 7.92e-03 6.28e-03f  1
 511  3.0338463e+06 3.59e-04 6.10e+03  -1.0 2.56e+02  -4.3 1.23e-01 1.45e-01f  1
 512  3.0302992e+06 3.33e-04 8.33e+03  -1.0 8.64e+02  -4.8 8.75e-02 7.22e-02f  1
 513  3.0273557e+06 2.84e-04 3.48e+02  -1.0 2.43e+02  -4.4 1.08e-01 1.48e-01f  1
 514  3.0231177e+06 2.57e-04 6.89e+03  -1.0 7.00e+02  -4.9 1.29e-01 9.55e-02f  1
 515  3.0202260e+06 2.17e-04 5.34e+03  -1.0 2.38e+02  -4.5 1.51e-01 1.53e-01f  1
 516  3.0159371e+06 1.95e-04 8.78e+03  -1.0 6.07e+02  -4.9 1.18e-01 1.04e-01f  1
 517  3.0092575e+06 1.79e-04 9.90e+03  -1.0 1.83e+03  -5.4 8.76e-02 8.17e-02f  1
 518  3.0063989e+06 1.64e-04 2.80e+04  -1.0 5.98e+02  -5.0 1.36e-01 7.95e-02f  1
 519  3.0002237e+06 1.49e-04 2.02e+04  -1.0 1.33e+03  -5.5 8.22e-02 9.62e-02f  1
iter    objective    inf_pr   inf_du lg(mu)  ||d||  lg(rg) alpha_du alpha_pr  ls
 520  2.9968144e+06 1.31e-04 1.11e+04  -1.0 5.23e+02  -5.0 9.96e-02 1.17e-01f  1
 521  2.9938724e+06 1.23e-04 4.00e+03  -1.0 1.10e+03  -5.5 4.99e-02 6.42e-02f  1
 522  2.9920311e+06 1.13e-04 9.03e+03  -1.0 4.80e+02  -5.1 8.92e-02 7.79e-02f  1
 523  2.9890586e+06 1.04e-04 3.06e+04  -1.0 9.85e+02  -5.6 1.27e-01 8.25e-02f  1
 524  2.9870058e+06 9.17e-05 4.84e+04  -1.0 4.09e+02  -5.1 1.57e-01 1.17e-01f  1
 525  2.9850474e+06 8.42e-05 2.31e+04  -1.0 8.19e+02  -5.6 4.75e-02 8.26e-02f  1
 526  2.9841076e+06 7.80e-05 1.20e+04  -1.0 3.40e+02  -5.2 5.86e-02 7.30e-02f  1
 527  2.9823903e+06 7.05e-05 8.52e+03  -1.0 6.68e+02  -5.7 9.28e-02 9.62e-02f  1
 528  2.9813166e+06 6.23e-05 9.90e+03  -1.0 2.75e+02  -5.2 9.39e-02 1.17e-01f  1
 529  2.9805173e+06 5.78e-05 2.44e+04  -1.0 5.58e+02  -5.7 5.45e-02 7.25e-02f  1
iter    objective    inf_pr   inf_du lg(mu)  ||d||  lg(rg) alpha_du alpha_pr  ls
 530  2.9795137e+06 5.28e-05 2.79e+04  -1.0 2.55e+03  -6.2 7.97e-02 8.60e-02f  1
 531  2.9789544e+06 4.85e-05 1.34e+04  -1.0 4.10e+02  -5.8 9.33e-02 8.06e-02f  1
 532  2.9782184e+06 4.31e-05 1.56e+04  -1.0 1.01e+03  -6.2 1.08e-01 1.12e-01f  1
 533  2.9775483e+06 3.56e-05 8.47e+04  -1.0 2.51e+02  -5.8 1.09e-01 1.74e-01f  1
 534  2.9772012e+06 3.16e-05 5.41e+04  -1.0 4.76e+02  -6.3 1.31e-01 1.15e-01f  1
 535  2.9769270e+06 2.70e-05 5.29e+03  -1.0 2.66e+02  -5.9 1.72e-01 1.43e-01f  1
 536  2.9765279e+06 2.04e-05 2.24e+04  -1.0 3.83e+02  -6.3 2.64e-01 2.47e-01f  1
 537  2.9763914e+06 1.77e-05 1.30e+05  -1.0 6.56e+02  -6.8 1.90e-01 1.29e-01f  1
 538  2.9762037e+06 1.36e-05 1.93e+05  -1.0 3.12e+02  -6.4 2.82e-01 2.32e-01f  1
 539  2.9760346e+06 9.78e-06 1.96e+05  -1.0 3.86e+02  -6.9 3.09e-01 2.82e-01f  1
iter    objective    inf_pr   inf_du lg(mu)  ||d||  lg(rg) alpha_du alpha_pr  ls
 540  2.9758861e+06 5.62e-06 3.43e+05  -1.0 5.42e+02  -7.3 5.25e-01 4.25e-01f  1
 541  2.9758672e+06 4.92e-06 2.54e+05  -1.0 1.10e+03    -  1.06e-01 1.25e-01f  1
 542  2.9758434e+06 4.01e-06 2.79e+05  -1.0 1.23e+03    -  2.15e-01 1.84e-01f  1
 543  2.9758236e+06 3.26e-06 4.31e+05  -1.0 1.56e+03    -  2.80e-01 1.89e-01f  1
 544  2.9758078e+06 2.65e-06 5.35e+05  -1.0 2.15e+03    -  2.78e-01 1.85e-01f  1
 545  2.9757890e+06 1.93e-06 5.30e+05  -1.0 2.93e+03    -  3.54e-01 2.71e-01f  1
 546  2.9757668e+06 1.08e-06 7.85e+05  -1.0 4.43e+03    -  8.00e-01 4.41e-01f  1
 547  2.9757387e+06 5.92e-13 9.63e+00  -1.0 1.83e+04    -  1.00e+00 1.00e+00f  1
 548  2.9757388e+06 7.02e-13 1.67e+04  -1.0 7.81e+04    -  8.04e-01 1.00e+00f  1
 549  2.9757389e+06 5.61e-13 8.78e-03  -1.0 1.71e+03    -  1.00e+00 1.00e+00h  1
iter    objective    inf_pr   inf_du lg(mu)  ||d||  lg(rg) alpha_du alpha_pr  ls
 550  2.9739478e+06 6.74e-13 2.27e+06  -2.5 7.10e+02    -  5.69e-01 3.12e-01f  1
 551  2.9728970e+06 6.70e-13 2.47e+06  -2.5 8.11e+02    -  4.77e-01 2.65e-01f  1
 552  2.9723192e+06 7.62e-13 2.52e+06  -2.5 7.72e+02    -  4.84e-01 2.04e-01f  1
 553  2.9717798e+06 8.19e-13 2.12e+06  -2.5 8.12e+02    -  4.63e-01 2.47e-01f  1
 554  2.9714321e+06 4.85e-13 1.78e+06  -2.5 6.25e+02    -  4.41e-01 2.17e-01f  1
 555  2.9711329e+06 5.01e-13 1.41e+06  -2.5 4.66e+02    -  4.28e-01 2.43e-01f  1
 556  2.9708405e+06 6.13e-13 1.00e+06  -2.5 3.59e+02    -  5.77e-01 3.18e-01f  1
 557  2.9706592e+06 7.25e-13 7.49e+05  -2.5 2.72e+02    -  8.07e-01 2.92e-01f  1
 558  2.9705036e+06 6.34e-13 4.90e+05  -2.5 1.85e+02    -  1.00e+00 3.58e-01f  1
 559  2.9703063e+06 5.20e-13 1.41e+05  -2.5 1.11e+02    -  1.00e+00 7.12e-01f  1
iter    objective    inf_pr   inf_du lg(mu)  ||d||  lg(rg) alpha_du alpha_pr  ls
 560  2.9702270e+06 5.45e-13 2.56e-04  -2.5 2.89e+01    -  1.00e+00 1.00e+00f  1
 561  2.9701850e+06 7.23e-13 8.28e+04  -3.8 9.79e+01    -  6.47e-01 3.06e-01f  1
 562  2.9701314e+06 6.98e-13 4.91e+04  -3.8 9.04e+01    -  7.24e-01 5.68e-01f  1
 563  2.9701187e+06 7.62e-13 3.73e+04  -3.8 4.01e+01    -  4.69e-01 3.15e-01f  1
 564  2.9701069e+06 8.47e-13 2.67e+04  -3.8 2.55e+01    -  8.51e-01 4.27e-01f  1
 565  2.9700912e+06 6.57e-13 8.76e-05  -3.8 1.26e+01    -  1.00e+00 1.00e+00f  1
 566  2.9700912e+06 9.41e-13 8.50e-06  -3.8 1.37e+00    -  1.00e+00 1.00e+00h  1
 567  2.9700874e+06 9.31e-13 5.35e+03  -5.7 6.31e+00    -  9.02e-01 5.05e-01f  1
 568  2.9700856e+06 7.02e-13 3.30e+03  -5.7 2.97e+00    -  1.00e+00 5.05e-01f  1
MUMPS returned INFO(1) = -9 and requires more memory, reallocating.  Attempt 1
  Increasing icntl[13] from 1000 to 2000.
MUMPS returned INFO(1) = -9 and requires more memory, reallocating.  Attempt 2
  Increasing icntl[13] from 2000 to 4000.
 569  2.9700840e+06 7.03e-09 4.12e+02  -5.7 1.42e+00    -  1.00e+00 8.75e-01f  1
iter    objective    inf_pr   inf_du lg(mu)  ||d||  lg(rg) alpha_du alpha_pr  ls
 570  2.9700838e+06 1.55e-12 1.18e-06  -5.7 2.35e-02  -7.8 1.00e+00 1.00e+00f  1
 571  2.9700837e+06 2.11e-12 4.72e+01  -8.6 1.06e-02  -8.3 9.98e-01 7.16e-01f  1
 572  2.9700837e+06 1.82e-08 1.31e+01  -8.6 2.01e-03  -8.8 1.00e+00 7.24e-01h  1
 573  2.9700837e+06 1.63e-11 3.20e+00  -8.6 1.27e-03  -9.3 1.00e+00 7.56e-01f  1
 574  2.9700837e+06 3.98e-12 2.79e-10  -8.6 4.41e-04  -8.8 1.00e+00 1.00e+00f  1

Number of Iterations....: 574

                                   (scaled)                 (unscaled)
Objective...............:   1.4860811618136726e+06    2.9700836847134777e+06
Dual infeasibility......:   2.7890255310461390e-10    5.5741499447444693e-10
Constraint violation....:   3.9790393202565610e-12    3.9790393202565610e-12
Variable bound violation:   0.0000000000000000e+00    0.0000000000000000e+00
Complementarity.........:   2.6222130226739837e-09    5.2407582550755110e-09
Overall NLP error.......:   2.6222130226739837e-09    5.2407582550755110e-09


Number of objective function evaluations             = 1163
Number of objective gradient evaluations             = 483
Number of equality constraint evaluations            = 1163
Number of inequality constraint evaluations          = 1163
Number of equality constraint Jacobian evaluations   = 582
Number of inequality constraint Jacobian evaluations = 582
Number of Lagrangian Hessian evaluations             = 574
Total seconds in IPOPT                               = 4329.202

EXIT: Optimal Solution Found.
