# tADMM live log — large10kC_1ph T=24, ρ_init=10000.0, adaptive=false
# k, objective, r_norm, s_norm, rho, sp_max, sp_med, elapsed_s, event
1,650887.262809,7.4557663559e-01,3.8033617457e+03,10000.00,237.9080,230.8190,388.79,
2,3249131.521064,2.5010861994e-01,1.2919708138e+03,10000.00,181.7030,155.1140,674.45,
3,3106121.361514,2.1609508505e-01,9.2869541019e+02,10000.00,137.9690,68.9765,854.44,
4,2954573.425649,1.7466643774e-01,6.2384251726e+02,10000.00,150.2080,79.1920,1037.00,
5,2992825.372891,1.3834902888e-01,4.3226060246e+02,10000.00,124.4490,68.0065,1197.52,
6,2976332.533675,7.0027435213e-02,2.7644895103e+02,10000.00,106.5440,53.2845,1337.33,
7,3141424.332318,5.7537078200e-02,3.6741252821e+02,10000.00,117.3940,53.9960,1498.83,
8,3078442.939844,3.4137022604e-02,2.4781487971e+02,10000.00,109.8300,54.8540,1647.40,
9,3084318.362494,1.4988729160e-02,8.9194810463e+01,10000.00,110.8170,53.0020,1784.47,
10,3094155.352345,1.0306942033e-02,4.2777523110e+01,10000.00,101.3460,48.3645,1923.60,
11,3088807.733614,7.5133722019e-03,2.9102351206e+01,10000.00,88.0810,41.4740,2052.11,
12,3153451.838294,7.1252873605e-02,4.1013324942e+02,10000.00,98.3810,56.7565,2181.04,
13,3222738.317746,6.0937785162e-02,3.0373900928e+02,10000.00,76.9070,57.6775,2322.78,
14,3150727.781083,4.5360492256e-02,1.4178855629e+02,10000.00,66.9610,54.9925,2441.88,
15,3114651.022162,2.2267051683e-02,8.8843818624e+01,25000.00,68.1640,60.1040,2564.95,
16,3098625.035226,3.3769941138e-03,1.5543765576e+01,25000.00,72.8260,51.5605,2696.14,
17,3094948.811612,2.0703661748e-04,1.4817268875e+01,25000.00,80.7430,64.3195,2836.15,
18,3094365.272694,3.1452031809e-08,1.4816902891e+01,25000.00,79.8760,70.3810,2976.00,
19,3093922.817760,2.3873718145e-08,1.4816672805e+01,25000.00,81.2510,63.9085,3115.69,
20,3093480.397778,2.2455955271e-08,1.4816248484e+01,12500.00,80.3640,63.6765,3252.14,
21,3092595.665180,1.9236087130e-08,1.4815630717e+01,12500.00,64.0320,55.5995,3363.40,
22,3091711.046161,1.2352687834e-08,1.4814819350e+01,12500.00,66.0430,51.4540,3466.88,
23,3090826.791243,2.8716730691e-06,1.4811034703e+01,12500.00,62.0270,40.5705,3560.29,
24,3089943.663284,8.1832496605e-06,1.4800378036e+01,12500.00,69.5140,54.8760,3671.47,
25,3089066.032455,1.6593792471e-05,1.4734855962e+01,10000.00,72.4210,57.0465,3786.29,
26,3087980.054321,2.8802240726e-05,1.4658104152e+01,10000.00,56.9390,47.3835,3885.35,
27,3086904.665791,2.7744666065e-05,1.4584132417e+01,10000.00,69.3490,61.6130,3989.37,
28,3085837.401676,2.2521413967e-05,1.4520591600e+01,10000.00,53.1850,42.5690,4073.96,
29,3084783.721518,3.3051519471e-05,1.4409227161e+01,10000.00,66.5790,54.4605,4183.47,
30,3083743.891244,3.2770940501e-05,1.4311465491e+01,10000.00,64.8020,51.1575,4291.69,
31,3082717.476835,3.1372063764e-05,1.4203967881e+01,10000.00,65.2650,56.3665,4393.12,
32,3081707.482093,3.5902284705e-05,1.4071552979e+01,10000.00,51.6900,42.9825,4492.99,
33,3080717.595378,3.8736908678e-05,1.3907486546e+01,10000.00,66.2350,55.3770,4596.25,
34,3079752.974690,4.4945897942e-05,1.3706238762e+01,10000.00,64.5250,46.6195,4692.55,
35,3078814.938296,4.6122353197e-05,1.3494018854e+01,10000.00,65.9540,51.8220,4790.76,
36,3077899.758006,4.1809352097e-05,1.3309615765e+01,10000.00,69.6950,49.4970,4901.53,
37,3077009.754055,4.5877177763e-05,1.3093933695e+01,10000.00,69.7070,51.3355,5012.08,
38,3076147.420392,4.7929225405e-05,1.2857193775e+01,10000.00,72.3730,57.9770,5122.29,
39,3075308.028773,4.1605392518e-05,1.2664155151e+01,10000.00,60.9730,37.5730,5219.92,
40,3074491.734490,4.3521829296e-05,1.2458051792e+01,10000.00,77.2950,56.3805,5337.25,
41,3073703.129467,4.7140494103e-05,1.2197657608e+01,10000.00,58.8040,34.4850,5435.34,
42,3072943.737330,4.8424288542e-05,1.1938791937e+01,10000.00,69.2400,52.3230,5543.62,
43,3072209.336072,4.4211851657e-05,1.1712136716e+01,10000.00,60.0150,44.1360,5632.90,
44,3071497.908310,4.2529738460e-05,1.1487950175e+01,10000.00,67.6440,55.7710,5742.38,
45,3070809.471307,4.2669726603e-05,1.1262975490e+01,10000.00,75.2370,49.1145,5858.31,
46,3070143.290510,4.2661679190e-05,1.1049284542e+01,10000.00,70.3260,51.5895,5968.19,
47,3069495.516674,3.7885826266e-05,1.0865699438e+01,10000.00,76.4000,49.4090,6090.29,
48,3068870.065820,4.3068796136e-05,1.0622712771e+01,10000.00,77.1880,57.5540,6207.46,
49,3068263.583696,3.8533537352e-05,1.0439205252e+01,10000.00,83.0940,59.1310,6335.95,
50,3067679.127860,4.3031093940e-05,1.0190493820e+01,10000.00,85.0380,63.7860,6463.45,
51,3067111.911919,3.7573897467e-05,1.0021440108e+01,10000.00,73.1240,53.8910,6574.97,
52,3066558.831304,3.3360747108e-05,9.8558041200e+00,10000.00,74.4780,56.0235,6689.17,
53,3066019.985710,3.4285725851e-05,9.6919697114e+00,10000.00,73.6500,56.6945,6805.63,
54,3065493.986618,3.2559874828e-05,9.5520671429e+00,10000.00,53.8800,40.7465,6890.13,
55,3064979.439815,3.0402978822e-05,9.4158619665e+00,10000.00,59.3370,44.5850,6982.62,
56,3064476.366890,3.1242652381e-05,9.2809024164e+00,10000.00,59.7170,42.1820,7077.50,
57,3063981.321074,2.4425526428e-05,9.1891828684e+00,10000.00,69.9840,55.4670,7178.62,
58,3063497.704115,3.1478831181e-05,9.0394458506e+00,10000.00,84.3470,68.2790,7297.56,
59,3063022.995680,2.7069347558e-05,8.9452858781e+00,10000.00,61.8540,49.9540,7395.04,
60,3062556.390157,2.5804125568e-05,8.8425389016e+00,10000.00,74.5160,55.5375,7520.43,
61,3062095.035833,2.5257178192e-05,8.7850244425e+00,10000.00,67.8140,52.5310,7637.09,
62,3061638.149049,2.2160969692e-05,8.7185139060e+00,10000.00,80.4270,60.2810,7763.84,
63,3061189.638655,3.2979558705e-05,8.6292603964e+00,10000.00,67.1340,51.5420,7873.85,
64,3060746.182667,3.5834215596e-05,8.5555194057e+00,10000.00,76.4750,51.9755,7990.88,
65,3060307.138675,3.0844584397e-05,8.4857221204e+00,10000.00,70.2410,51.2530,8096.37,
66,3059872.490107,2.7401039179e-05,8.4277003639e+00,10000.00,86.0370,66.3835,8224.28,
67,3059442.215136,2.0792312744e-05,8.3669703311e+00,10000.00,58.9320,41.1985,8318.70,
68,3059015.346084,1.7289165089e-05,8.3400088142e+00,10000.00,55.5580,41.3645,8422.92,
69,3058590.038340,2.3724273435e-05,8.3217106979e+00,10000.00,68.1990,51.3160,8523.33,
70,3058170.370866,2.3114407373e-05,8.2835354676e+00,10000.00,78.8600,35.6920,8609.72,
71,3057748.387311,3.1920298422e-05,8.2534829745e+00,10000.00,52.2410,37.6230,8691.16,
72,3057330.453134,3.5830732952e-05,8.2193431515e+00,10000.00,62.9700,39.4070,8781.39,
73,3056913.373962,2.3360621005e-05,8.1952182343e+00,10000.00,68.8630,43.6225,8884.44,
74,3056498.334019,1.5149213764e-05,8.1648558667e+00,10000.00,73.6870,48.7150,8993.37,
75,3056085.525322,1.3263659898e-05,8.1357416455e+00,10000.00,60.0390,39.0295,9092.27,
76,3055675.333841,1.5593147880e-05,8.1088616832e+00,10000.00,61.0590,44.6495,9187.16,
77,3055267.352735,1.4883525133e-05,8.0862337401e+00,10000.00,77.8710,62.2190,9307.94,
78,3054859.980225,6.4785165438e-06,8.0840386835e+00,10000.00,86.6690,60.2320,9439.43,
79,3054452.538623,1.8825412256e-06,8.0834475681e+00,10000.00,79.9380,54.0250,9557.91,
80,3054046.228064,1.1259381676e-05,8.0650875481e+00,10000.00,90.9870,63.6935,9694.26,
81,3053640.973253,9.0754517673e-06,8.0509671128e+00,10000.00,107.6000,72.2795,9844.51,
82,3053237.352401,1.1771796183e-05,8.0302767518e+00,10000.00,81.8450,55.5270,9965.76,
83,3052834.519231,8.2066988218e-06,8.0223498790e+00,10000.00,72.5470,53.4010,10070.04,
84,3052431.953599,5.8727628373e-06,8.0150860246e+00,10000.00,69.7260,46.6470,10172.07,
85,3052030.317179,7.5993352893e-06,8.0059372638e+00,10000.00,76.3820,59.6570,10280.59,
86,3051630.055959,1.0498628790e-05,7.9906307903e+00,10000.00,62.6300,44.4850,10389.67,
87,3051230.838962,9.2527183708e-06,7.9805742056e+00,10000.00,70.5200,50.6390,10494.25,
88,3050832.440929,9.7307508363e-06,7.9711827439e+00,10000.00,86.1170,62.9240,10629.21,
89,3050435.275310,1.2086876922e-05,7.9578018333e+00,10000.00,71.6820,51.7630,10730.01,
90,3050039.201734,1.1225730570e-05,7.9480800464e+00,10000.00,60.2690,42.5485,10824.56,
91,3049645.134974,1.2855222539e-05,7.9329486517e+00,10000.00,69.2970,49.3990,10931.84,
92,3049251.795000,1.2546592076e-05,7.9178553720e+00,10000.00,71.3590,52.9075,11047.89,
93,3048859.917552,1.2994378961e-05,7.9029606613e+00,10000.00,76.8460,56.4095,11163.76,
94,3048469.661155,1.2515815679e-05,7.8900282957e+00,10000.00,78.1890,55.7790,11281.50,
95,3048080.820709,1.2737202541e-05,7.8725640864e+00,10000.00,62.7340,45.3270,11381.29,
96,3047694.145990,1.4869676000e-05,7.8504986361e+00,10000.00,65.1880,48.9055,11485.73,
97,3047308.958402,1.3695874966e-05,7.8349139131e+00,10000.00,66.7210,47.2125,11592.71,
98,3046927.397687,1.8600806068e-05,7.8044551866e+00,10000.00,70.3270,52.7610,11700.61,
99,3046548.893112,2.7251510728e-05,7.7715615632e+00,10000.00,67.8300,49.9395,11808.61,
100,3046172.036028,2.6458406072e-05,7.7486850454e+00,10000.00,65.1250,45.4730,11915.83,
