# tADMM live log — large10kC_1ph T=48, ρ_init=20000.0, adaptive=true
# k, objective, r_norm, s_norm, rho, sp_max, sp_med, elapsed_s, event
1,319286.723463,8.2671111489e-01,1.0243099049e+04,20000.00,337.5960,316.5945,1076.54,
2,3340303.994897,1.8974520362e-01,1.9766660581e+03,20000.00,321.9530,269.8530,2048.03,
3,3457273.035468,1.7120048752e-01,1.3016147794e+03,20000.00,175.5310,99.9500,2572.00,
4,3198332.819844,1.6802004522e-01,1.4278717167e+03,20000.00,191.9320,89.7470,3074.39,
5,3087044.823576,1.5368591871e-01,1.4167591169e+03,40000.00,164.9140,55.7230,3552.82,
6,3126987.086416,9.4372500460e-02,1.6001292704e+03,40000.00,148.1450,71.7650,3974.31,
7,3155357.361064,4.3692097700e-02,8.6158039870e+02,40000.00,172.3490,86.3075,4458.48,
8,3165782.738740,1.1287126711e-02,2.1644198843e+02,40000.00,129.7450,70.4650,4932.17,
9,3147954.399973,5.5043802352e-03,7.0203214154e+01,40000.00,128.7410,70.5080,5319.78,
10,3148279.665454,3.0934164980e-03,1.9545806447e+01,80000.00,109.7530,69.0695,5696.88,
11,3152110.006421,1.9037167609e-03,1.4511650040e+01,80000.00,120.5320,59.6850,6087.86,
12,3152109.871315,1.9133780682e-03,1.2549660278e+01,80000.00,120.3100,61.1670,6439.33,
13,3151975.031369,2.0135232459e-03,1.6614324176e+01,80000.00,98.9590,61.3140,6758.88,
14,3151810.534161,2.3079127612e-03,4.3121357629e+01,80000.00,85.0130,63.0210,7077.80,
15,3151649.389465,2.7304661807e-03,1.2315201631e+01,160000.00,123.3610,58.8730,7497.01,
16,3151585.895967,2.6133767863e-03,3.3272424541e+01,160000.00,134.8520,50.9745,7919.80,
17,3151528.894264,2.7230044501e-03,2.7141970529e+01,160000.00,124.4990,63.9400,8303.01,
18,3151466.002683,2.7431758842e-03,2.1915046154e+01,160000.00,113.0590,79.3190,8698.94,
19,3151402.387519,2.7548499216e-03,1.5327443112e+01,160000.00,119.0640,57.2000,9079.13,
20,3151337.625068,9.8968276335e-04,3.0068456243e+02,32000.00,117.2910,74.7655,9471.15,
21,3151021.043621,2.6300670297e-03,7.2796953913e+01,32000.00,131.6390,72.7875,9908.06,
22,3150758.383164,1.0723536060e-03,4.3339083241e+01,32000.00,143.8570,60.8445,10340.97,
23,3150435.466919,8.2041381971e-04,2.5885766661e+01,32000.00,134.9660,75.9370,10773.00,
24,3150081.711302,9.0851355224e-04,2.2345435043e+01,32000.00,136.2590,66.8835,11193.27,
25,3149749.993830,1.0293734536e-03,1.6100233594e+01,6400.00,73.1620,36.0635,11442.63,
26,3148127.485891,1.0577598830e-03,1.1975759362e+01,6400.00,77.3670,44.2320,11693.18,
27,3146504.749846,1.0594550274e-03,1.0967743830e+01,6400.00,78.7300,46.9640,11945.47,
28,3144992.583044,1.1289577252e-03,1.0000459263e+01,6400.00,95.9260,53.2900,12245.42,
29,3143766.846645,1.2187091115e-03,8.5929708856e+00,6400.00,98.2010,58.8915,12556.46,
30,3142746.129885,1.1659436606e-03,7.8633046671e+00,1280.00,92.3130,49.0410,12870.26,
31,3139120.585229,1.4208171268e-03,6.0332006477e+00,1280.00,87.6800,49.4490,13179.45,
32,3136086.952004,1.3002490636e-03,5.7239306951e+00,1280.00,102.6020,46.0715,13517.07,
33,3133359.499170,1.2839538283e-03,5.4739125244e+00,1280.00,107.4360,70.5130,13910.96,
34,3130942.610580,1.3220217370e-03,5.1005895342e+00,1280.00,112.3980,62.5255,14272.35,
35,3128506.085525,1.2290705446e-03,4.9248795485e+00,256.00,104.5240,54.9355,14613.88,
36,3119179.792042,2.2368247330e-03,4.4723154671e+00,256.00,160.7820,99.1295,15093.40,
37,3109881.327727,1.9710224136e-03,4.2674584657e+00,256.00,133.6620,79.7700,15515.90,
38,3100271.779482,1.3076999065e-03,4.2286736071e+00,256.00,132.6100,76.5220,15919.84,
39,3091474.846016,1.2465063986e-03,4.1359522448e+00,256.00,109.1980,59.6035,16250.10,
40,3083950.875729,1.4444944171e-03,3.9633768215e+00,51.20,82.4930,53.6130,16529.61,
41,3064240.384903,6.3228945871e-03,3.1031105691e+00,51.20,155.3870,98.4590,16997.79,
42,3051294.058588,1.2484074620e-02,1.8779124546e+00,51.20,145.5960,96.5555,17459.89,
43,3034458.877115,9.5559748248e-03,1.6392868007e+00,51.20,127.4830,74.4890,17822.38,
44,3021223.769140,6.1309204650e-03,1.5160402473e+00,51.20,120.4120,88.0770,18236.79,
45,3010319.411907,5.6219605801e-03,1.3442779407e+00,51.20,166.2770,96.2260,18782.94,
46,3000763.664508,5.9660850876e-03,1.2166953856e+00,51.20,129.8610,62.8385,19172.30,
47,2996144.289485,5.8080578646e-03,1.1310237380e+00,51.20,141.5800,47.9105,19502.26,
48,2996756.170200,5.2488612619e-03,1.0710921064e+00,51.20,213.5890,66.0515,19912.68,
49,3004562.567752,3.7699209902e-03,1.0299528262e+00,51.20,296.5810,78.2290,20478.63,
50,3012340.905376,2.9996259328e-03,1.0102080575e+00,51.20,213.2990,76.3665,20994.96,
51,3012940.519865,2.7761547900e-03,9.8555385934e-01,51.20,152.1870,93.8060,21510.80,
52,3010104.757138,2.5002478717e-03,9.5969201314e-01,51.20,171.9520,77.7675,22012.10,
53,3006301.338136,2.2946450351e-03,9.3633952603e-01,51.20,145.0830,79.7645,22487.14,
54,3003229.329128,2.3068429701e-03,9.0306169452e-01,51.20,149.8800,72.2005,22944.21,
55,3002167.701526,2.4802873724e-03,8.7080203150e-01,51.20,102.6200,56.6825,23282.06,
# CRASHED at k=55: TaskFailedException

    nested task error: Subproblem t0=48 failed with status: OTHER_ERROR
    Stacktrace:
     [1] error(s::String)
       @ Base .\error.jl:44
     [2] primal_update_tadmm_socp!(B_local::Dict{Int64, Dict{Int64, Float64}}, Bhat::Dict{Int64, Vector{Float64}}, u_local::Dict{Int64, Dict{Int64, Float64}}, data::Dict{Symbol, Any}, rho::Float64, t0::Int64; solver::Symbol, warm_start::Bool, prev_solution::Dict{Symbol, Any}, track_subproblem_details::Bool, lindistflow::Bool)
       @ Main C:\repos_addendum\MultiPeriodDistOPF\run_tadmm.jl:339
     [3] macro expansion
       @ C:\repos_addendum\MultiPeriodDistOPF\run_tadmm.jl:580 [inlined]
     [4] (::var"#157#158"{var"#159#160"{Symbol, Bool, Bool, Dict{Symbol, Any}, Dict{Int64, Union{Nothing, Dict}}, Dict{Int64, Dict{Int64, Dict{Int64, Float64}}}, Dict{Int64, Dict{Int64, Dict{Int64, Float64}}}, Dict{Int64, Vector{Float64}}, UnitRange{Int64}, Int64, Vector{Any}, UnitRange{Int64}}})(tid::Int64; onethread::Bool)
       @ Main .\threadingconstructs.jl:276
     [5] #157
       @ .\threadingconstructs.jl:243 [inlined]
     [6] (::Base.Threads.var"#threading_run##0#threading_run##1"{var"#157#158"{var"#159#160"{Symbol, Bool, Bool, Dict{Symbol, Any}, Dict{Int64, Union{Nothing, Dict}}, Dict{Int64, Dict{Int64, Dict{Int64, Float64}}}, Dict{Int64, Dict{Int64, Dict{Int64, Float64}}}, Dict{Int64, Vector{Float64}}, UnitRange{Int64}, Int64, Vector{Any}, UnitRange{Int64}}}, Int64})()
       @ Base.Threads .\threadingconstructs.jl:177
