# tADMM live log — ieee123C_1ph T=96, ρ_init=4500.0, adaptive=false
# k, objective, r_norm, s_norm, rho, sp_max, sp_med, elapsed_s, event
1,1322.331049,1.2801614130e-03,4.1469095451e-01,4500.00,6.1780,4.7235,41.31,
2,1322.331018,1.2775165508e-03,4.8431324978e-01,4500.00,3.8100,2.1490,57.77,
3,1322.331034,1.2736288894e-03,5.5847604726e-01,4500.00,3.2230,2.1685,72.40,
4,1322.331051,1.2697753811e-03,6.2192372479e-01,4500.00,2.6280,1.5110,83.68,
5,1322.331051,1.2663940273e-03,6.7944725319e-01,4500.00,2.2670,1.4490,93.85,
6,1322.331097,1.2631934430e-03,7.3440264917e-01,4500.00,2.2550,1.3670,103.53,
7,1322.331082,1.2600510039e-03,7.8722029572e-01,4500.00,2.2440,1.3805,113.28,
8,1322.331142,1.2569330045e-03,8.3774959960e-01,4500.00,5.7930,1.9355,127.46,
9,1322.331257,1.2538453748e-03,8.8598336764e-01,4500.00,11.1990,2.4815,149.06,
10,1322.331352,1.2507795171e-03,9.3209182898e-01,4500.00,6.1590,2.2780,164.87,
11,1327.545908,1.2400131219e-03,9.7670226031e-01,4500.00,5.1860,1.5515,176.69,
12,1359.882682,1.2094096631e-03,1.0219917794e+00,4500.00,4.9100,1.7700,191.16,
13,1397.393215,1.1731834498e-03,1.0679930297e+00,4500.00,5.3340,1.5210,205.11,
14,1437.912093,1.1422681050e-03,9.5168828311e-01,4500.00,6.6480,1.9785,220.78,
15,1481.036254,1.1069600660e-03,9.3777001101e-01,4500.00,6.5520,1.8450,235.26,
16,1524.736157,1.0783755893e-03,9.3175102052e-01,4500.00,4.9160,1.7180,248.75,
17,1556.763870,1.0582076539e-03,9.2295500413e-01,4500.00,4.2870,1.4565,261.12,
18,1597.692104,1.0307641014e-03,9.1002494564e-01,4500.00,5.1000,1.5720,274.70,
19,1641.464956,1.0049044893e-03,8.8477561172e-01,4500.00,5.3080,1.7390,288.35,
20,1680.534810,9.8299488189e-04,8.5467141873e-01,4500.00,4.9680,1.5730,300.75,
21,1720.559998,9.6028045996e-04,8.1624997924e-01,4500.00,4.2920,1.6300,314.30,
22,1769.220842,9.3141903468e-04,7.8895550240e-01,4500.00,4.7760,1.5150,327.26,
23,1823.160939,9.0193003190e-04,7.7219731359e-01,4500.00,5.3090,1.4940,339.67,
24,1876.371078,8.7144141017e-04,7.5736789595e-01,4500.00,5.1880,1.6110,353.50,
25,1935.038950,8.3718426526e-04,7.5260363635e-01,4500.00,4.3330,1.6125,366.47,
26,2006.361294,7.9540345431e-04,7.5179237214e-01,4500.00,4.7010,1.8735,380.59,
27,2110.249096,7.2982598378e-04,7.5298553090e-01,4500.00,4.8880,1.7245,394.33,
28,2181.828852,6.9628344002e-04,7.5179388856e-01,4500.00,4.9200,2.0510,408.89,
29,2222.739756,6.6930840736e-04,7.5607778244e-01,4500.00,4.2020,2.1800,424.50,
30,2273.640501,6.3507756289e-04,7.6617373577e-01,4500.00,5.9890,1.9735,439.82,
31,2355.989280,5.7964663308e-04,7.7243377634e-01,4500.00,7.2340,2.6630,458.43,
32,2397.393128,5.5811673547e-04,7.7795280264e-01,4500.00,6.7110,2.9090,478.92,
33,2428.824172,5.3461818080e-04,7.8518929078e-01,4500.00,6.9190,2.8200,499.15,
34,2462.549350,5.1007544121e-04,7.9664415541e-01,4500.00,7.3080,2.8155,518.44,
35,2505.833133,4.7798963680e-04,8.0813954068e-01,4500.00,6.7210,3.2160,540.21,
36,2566.622983,4.2999683390e-04,8.1701395349e-01,4500.00,9.4370,3.4320,563.80,
37,2600.309216,4.0823093513e-04,8.2525825490e-01,4500.00,5.6170,3.1255,584.65,
38,2621.393129,3.9019639076e-04,8.3546586451e-01,4500.00,5.8080,3.1035,606.21,
39,2639.721084,3.7414920294e-04,8.4625083256e-01,4500.00,6.2440,3.4820,628.88,
40,2656.861907,3.5818347242e-04,8.5572461169e-01,4500.00,4.9540,3.1540,649.59,
41,2678.309769,3.3691384566e-04,8.6337154399e-01,4500.00,5.3090,2.9780,669.79,
42,2708.744523,3.0754561265e-04,8.7062596514e-01,4500.00,4.5530,2.9440,688.71,
43,2747.486708,2.6582670475e-04,8.7302086005e-01,4500.00,4.6920,3.0260,708.96,
44,2768.654758,2.5001042931e-04,8.7689040179e-01,4500.00,4.8520,3.1170,729.67,
45,2773.017749,2.4248030363e-04,8.8088713852e-01,4500.00,4.1010,2.7220,747.72,
46,2777.708025,2.3406094791e-04,8.8387458773e-01,4500.00,4.1850,2.7565,766.20,
47,2789.468766,2.1726378738e-04,8.8480594956e-01,4500.00,4.1080,2.7965,784.00,
48,2799.317118,2.0333080598e-04,8.8642221456e-01,4500.00,4.4110,2.9245,803.09,
49,2808.653147,1.8949006129e-04,8.8992020992e-01,4500.00,5.2170,3.2830,824.31,
50,2818.477830,1.7547859376e-04,8.9107596963e-01,4500.00,4.4930,3.2805,845.66,
51,2828.240738,1.5979713294e-04,8.9132240304e-01,4500.00,4.5670,2.8635,864.41,
52,2839.869722,1.3839120331e-04,8.8944019227e-01,4500.00,4.7570,2.8140,883.56,
53,2856.774953,9.9255666726e-05,8.8767473915e-01,4500.00,4.1550,2.8145,902.39,
54,2879.827095,1.0312743900e-05,8.8731046184e-01,4500.00,4.5370,2.7020,920.29,
55,2878.103581,6.4807651133e-06,8.8693711575e-01,4500.00,4.2770,2.9165,939.02,
56,2875.334981,6.8516548886e-06,8.8129427133e-01,4500.00,3.2870,2.2905,953.75,
57,2872.622597,9.7439637915e-06,8.7648245007e-01,4500.00,3.5920,2.5800,970.03,
58,2869.938680,1.2622277777e-05,8.7396325432e-01,4500.00,3.5780,2.4350,985.47,
59,2866.841131,1.3767856685e-05,8.7001498241e-01,4500.00,4.2190,2.7815,1003.56,
60,2864.150644,1.3548099380e-05,8.6846106584e-01,4500.00,4.1080,2.4160,1018.85,
61,2862.110198,1.2854221424e-05,8.6596774864e-01,4500.00,3.4390,2.3340,1034.29,
62,2860.353507,1.1603413278e-05,8.6407792699e-01,4500.00,3.4080,2.1825,1048.58,
63,2858.737583,1.0213321052e-05,8.5960393073e-01,4500.00,3.2630,2.2115,1063.28,
64,2856.925514,9.6006936119e-06,8.4806387680e-01,4500.00,3.6590,2.3045,1078.37,
65,2854.844661,9.2856264805e-06,8.3148421859e-01,4500.00,3.1660,2.2760,1093.16,
66,2852.688563,8.1892225917e-06,8.1723060787e-01,4500.00,3.5850,2.3615,1108.40,
67,2850.479961,8.2695523554e-06,8.0634660122e-01,4500.00,4.5470,3.1285,1129.01,
68,2848.007902,8.9919370490e-06,7.9277584659e-01,4500.00,4.4220,3.0310,1149.02,
69,2845.590905,9.7978069045e-06,7.7816867103e-01,4500.00,5.6360,3.5075,1171.06,
70,2843.717368,1.0629901906e-05,7.6629071350e-01,4500.00,4.2630,3.1980,1191.91,
71,2842.067919,1.0336547648e-05,7.5358733746e-01,4500.00,5.0980,2.8080,1210.40,
72,2840.237259,9.3617487434e-06,7.3969880648e-01,4500.00,4.4150,2.9490,1230.60,
73,2838.621938,8.2376146442e-06,7.2356175045e-01,4500.00,3.9790,2.7775,1249.52,
74,2836.243321,8.5490414258e-06,7.0721063750e-01,4500.00,4.2030,2.6275,1266.50,
75,2834.867776,9.4669453341e-06,6.9340540024e-01,4500.00,3.5600,2.3725,1282.25,
76,2833.197748,9.5815517814e-06,6.8072240219e-01,4500.00,6.9300,3.4640,1305.85,
77,2832.205901,1.0002616123e-05,6.5854860005e-01,4500.00,5.9050,3.2685,1327.35,
78,2831.566400,9.7656560348e-06,6.3921887503e-01,4500.00,4.2790,2.5565,1344.67,
79,2830.857864,9.1259292785e-06,6.1562055328e-01,4500.00,3.8920,2.7220,1362.34,
80,2829.714894,9.0756990671e-06,6.0070600300e-01,4500.00,5.5590,2.8295,1381.08,
81,2829.023390,8.3729293510e-06,5.8140590309e-01,4500.00,4.0580,2.5165,1397.16,
82,2828.361358,7.5621475884e-06,5.6709210926e-01,4500.00,4.1520,2.4615,1413.72,
83,2827.823549,7.7852959622e-06,5.5178121979e-01,4500.00,3.8670,2.6795,1431.15,
84,2827.255589,8.7967576687e-06,5.2939347112e-01,4500.00,4.5090,2.7435,1449.29,
85,2826.577175,9.3773119745e-06,5.1464371570e-01,4500.00,4.1890,2.6210,1467.51,
86,2826.102791,8.7781361299e-06,4.9598530079e-01,4500.00,5.2770,2.4585,1484.72,
87,2825.606890,8.2008142797e-06,4.8581380410e-01,4500.00,4.1260,2.3885,1501.17,
88,2825.110328,8.4292000253e-06,4.7107987336e-01,4500.00,4.5980,2.5080,1517.96,
89,2824.558538,8.6775692889e-06,4.5331942615e-01,4500.00,3.4140,2.0730,1531.94,
90,2824.080664,9.1889038654e-06,4.3934082951e-01,4500.00,3.6600,2.3915,1548.60,
91,2823.612494,9.0379466447e-06,4.1943355983e-01,4500.00,4.9140,2.8405,1567.82,
92,2822.966157,8.7435201394e-06,4.0950381623e-01,4500.00,3.8900,2.7535,1586.13,
93,2822.234282,8.4025952508e-06,3.9906612268e-01,4500.00,5.1530,3.1325,1606.84,
94,2821.521324,8.1509478140e-06,3.8667044279e-01,4500.00,3.8910,2.6800,1624.28,
95,2820.980312,7.9545576686e-06,3.7605295542e-01,4500.00,4.8140,2.8315,1643.19,
96,2820.343467,7.7149566233e-06,3.6519775030e-01,4500.00,3.8030,2.3760,1659.13,
97,2819.632189,7.3921505471e-06,3.5186856534e-01,4500.00,5.1990,3.1410,1679.76,
98,2818.890003,7.1929220541e-06,3.4717851004e-01,4500.00,5.3330,2.9255,1699.48,
99,2818.106255,6.9877344611e-06,3.4155018857e-01,4500.00,4.5640,2.6505,1717.36,
100,2817.372672,6.5579628915e-06,3.3554769015e-01,4500.00,3.8570,2.7695,1736.28,
